#
# There is insufficient memory for the Java Runtime Environment to continue.
# Native memory allocation (mmap) failed to map 234881024 bytes for G1 virtual space
# Possible reasons:
#   The system is out of physical RAM or swap space
#   The process is running with CompressedOops enabled, and the Java Heap may be blocking the growth of the native heap
# Possible solutions:
#   Reduce memory load on the system
#   Increase physical memory or swap space
#   Check if swap backing store is full
#   Decrease Java heap size (-Xmx/-Xms)
#   Decrease number of Java threads
#   Decrease Java thread stack sizes (-Xss)
#   Set larger code cache with -XX:ReservedCodeCacheSize=
#   JVM is running with Zero Based Compressed Oops mode in which the Java heap is
#     placed in the first 32GB address space. The Java Heap base address is the
#     maximum limit for the native heap growth. Please use -XX:HeapBaseMinAddress
#     to set the Java Heap base and to place the Java Heap above 32GB virtual address.
# This output file may be truncated or incomplete.
#
#  Out of Memory Error (os_windows.cpp:3541), pid=12732, tid=28244
#
# JRE version: OpenJDK Runtime Environment Temurin-17.0.4+8 (17.0.4+8) (build 17.0.4+8)
# Java VM: OpenJDK 64-Bit Server VM Temurin-17.0.4+8 (17.0.4+8, mixed mode, sharing, tiered, compressed oops, compressed class ptrs, g1 gc, windows-amd64)
# No core dump will be written. Minidumps are not enabled by default on client versions of Windows
#

---------------  S U M M A R Y ------------

Command Line: -XX:+ShowCodeDetailsInExceptionMessages --module-path=C:\Users\Santiago Leal\Desktop\INGESOF PROYECTO\demo\target\classes;C:\Users\Santiago Leal\.m2\repository\org\openjfx\javafx-controls\13\javafx-controls-13-win.jar;C:\Users\Santiago Leal\.m2\repository\org\openjfx\javafx-graphics\13\javafx-graphics-13-win.jar;C:\Users\Santiago Leal\.m2\repository\org\openjfx\javafx-base\13\javafx-base-13-win.jar;C:\Users\Santiago Leal\.m2\repository\org\openjfx\javafx-fxml\13\javafx-fxml-13-win.jar;C:\Users\Santiago Leal\.m2\repository\org\projectlombok\lombok\1.18.24\lombok-1.18.24.jar -Djdk.module.main=com.example com.example/com.example.App

Host: Intel(R) Core(TM) i5-8300H CPU @ 2.30GHz, 8 cores, 15G,  Windows 11 , 64 bit Build 22621 (10.0.22621.891)
Time: Sun Nov 27 10:58:02 2022 Hora est. Pacífico, Sudamérica elapsed time: 16.972653 seconds (0d 0h 0m 16s)

---------------  T H R E A D  ---------------

Current thread (0x000001837e7ff6c0):  VMThread "VM Thread" [stack: 0x0000005b4da00000,0x0000005b4db00000] [id=28244]

Stack: [0x0000005b4da00000,0x0000005b4db00000]
Native frames: (J=compiled Java code, j=interpreted, Vv=VM code, C=native code)
V  [jvm.dll+0x67733a]
V  [jvm.dll+0x8323c4]
V  [jvm.dll+0x833b6e]
V  [jvm.dll+0x8341d3]
V  [jvm.dll+0x2455e5]
V  [jvm.dll+0x674229]
V  [jvm.dll+0x668ab2]
V  [jvm.dll+0x30458b]
V  [jvm.dll+0x30bad6]
V  [jvm.dll+0x35ba7e]
V  [jvm.dll+0x35bcaf]
V  [jvm.dll+0x2db428]
V  [jvm.dll+0x2d96dc]
V  [jvm.dll+0x2d8cac]
V  [jvm.dll+0x31cf31]
V  [jvm.dll+0x83867b]
V  [jvm.dll+0x8393b4]
V  [jvm.dll+0x8398cc]
V  [jvm.dll+0x839ca4]
V  [jvm.dll+0x839d70]
V  [jvm.dll+0x7e245a]
V  [jvm.dll+0x6761c5]
C  [ucrtbase.dll+0x29363]
C  [KERNEL32.DLL+0x1244d]
C  [ntdll.dll+0x5dfb8]

VM_Operation (0x0000005b4ebfb930): G1TryInitiateConcMark, mode: safepoint, requested by thread 0x000001830042b6f0


---------------  P R O C E S S  ---------------

Threads class SMR info:
_java_thread_list=0x00000183084ec870, length=19, elements={
0x000001835b87d0c0, 0x000001837e803150, 0x000001837e804d10, 0x000001837e818330,
0x000001837e81acf0, 0x000001837e81b6a0, 0x000001837e81c050, 0x000001837e81cd30,
0x000001837e820650, 0x000001837f410060, 0x000001837f4e37a0, 0x000001837fef62b0,
0x000001837f5bc560, 0x0000018300416a50, 0x000001830042b6f0, 0x0000018300646140,
0x0000018300494f50, 0x00000183003501c0, 0x000001830034e4e0
}

Java Threads: ( => current thread )
  0x000001835b87d0c0 JavaThread "main" [_thread_blocked, id=29304, stack(0x0000005b4d400000,0x0000005b4d500000)]
  0x000001837e803150 JavaThread "Reference Handler" daemon [_thread_blocked, id=24932, stack(0x0000005b4db00000,0x0000005b4dc00000)]
  0x000001837e804d10 JavaThread "Finalizer" daemon [_thread_blocked, id=13408, stack(0x0000005b4dc00000,0x0000005b4dd00000)]
  0x000001837e818330 JavaThread "Signal Dispatcher" daemon [_thread_blocked, id=25728, stack(0x0000005b4dd00000,0x0000005b4de00000)]
  0x000001837e81acf0 JavaThread "Attach Listener" daemon [_thread_blocked, id=14840, stack(0x0000005b4de00000,0x0000005b4df00000)]
  0x000001837e81b6a0 JavaThread "Service Thread" daemon [_thread_blocked, id=17592, stack(0x0000005b4df00000,0x0000005b4e000000)]
  0x000001837e81c050 JavaThread "Monitor Deflation Thread" daemon [_thread_blocked, id=29316, stack(0x0000005b4e000000,0x0000005b4e100000)]
  0x000001837e81cd30 JavaThread "C2 CompilerThread0" daemon [_thread_blocked, id=24624, stack(0x0000005b4e100000,0x0000005b4e200000)]
  0x000001837e820650 JavaThread "C1 CompilerThread0" daemon [_thread_blocked, id=17836, stack(0x0000005b4e200000,0x0000005b4e300000)]
  0x000001837f410060 JavaThread "Sweeper thread" daemon [_thread_blocked, id=21404, stack(0x0000005b4e300000,0x0000005b4e400000)]
  0x000001837f4e37a0 JavaThread "Common-Cleaner" daemon [_thread_blocked, id=18044, stack(0x0000005b4e400000,0x0000005b4e500000)]
  0x000001837fef62b0 JavaThread "Notification Thread" daemon [_thread_blocked, id=27412, stack(0x0000005b4e700000,0x0000005b4e800000)]
  0x000001837f5bc560 JavaThread "QuantumRenderer-0" daemon [_thread_blocked, id=9292, stack(0x0000005b4e500000,0x0000005b4e600000)]
  0x0000018300416a50 JavaThread "InvokeLaterDispatcher" daemon [_thread_blocked, id=19256, stack(0x0000005b4ea00000,0x0000005b4eb00000)]
  0x000001830042b6f0 JavaThread "JavaFX Application Thread" [_thread_blocked, id=21924, stack(0x0000005b4eb00000,0x0000005b4ec00000)]
  0x0000018300646140 JavaThread "Thread-1" daemon [_thread_blocked, id=22984, stack(0x0000005b4ed00000,0x0000005b4ee00000)]
  0x0000018300494f50 JavaThread "JavaFX-Launcher" [_thread_blocked, id=13008, stack(0x0000005b4ee00000,0x0000005b4ef00000)]
  0x00000183003501c0 JavaThread "Prism Font Disposer" daemon [_thread_blocked, id=12476, stack(0x0000005b4f700000,0x0000005b4f800000)]
  0x000001830034e4e0 JavaThread "Cleaner-0" daemon [_thread_blocked, id=27264, stack(0x0000005b4f900000,0x0000005b4fa00000)]

Other Threads:
=>0x000001837e7ff6c0 VMThread "VM Thread" [stack: 0x0000005b4da00000,0x0000005b4db00000] [id=28244]
  0x000001835b87de40 WatcherThread [stack: 0x0000005b4e800000,0x0000005b4e900000] [id=22492]
  0x000001835b8e7680 GCTaskThread "GC Thread#0" [stack: 0x0000005b4d500000,0x0000005b4d600000] [id=8804]
  0x00000183006269c0 GCTaskThread "GC Thread#1" [stack: 0x0000005b4f000000,0x0000005b4f100000] [id=29228]
  0x0000018300761af0 GCTaskThread "GC Thread#2" [stack: 0x0000005b4f100000,0x0000005b4f200000] [id=28288]
  0x00000183007374c0 GCTaskThread "GC Thread#3" [stack: 0x0000005b4f200000,0x0000005b4f300000] [id=692]
  0x0000018300646610 GCTaskThread "GC Thread#4" [stack: 0x0000005b4f300000,0x0000005b4f400000] [id=20948]
  0x0000018300625930 GCTaskThread "GC Thread#5" [stack: 0x0000005b4f400000,0x0000005b4f500000] [id=28752]
  0x00000183084e9f70 GCTaskThread "GC Thread#6" [stack: 0x0000005b4fa00000,0x0000005b4fb00000] [id=14584]
  0x00000183084eaa30 GCTaskThread "GC Thread#7" [stack: 0x0000005b4fb00000,0x0000005b4fc00000] [id=5116]
  0x000001835b8f8400 ConcurrentGCThread "G1 Main Marker" [stack: 0x0000005b4d600000,0x0000005b4d700000] [id=22052]
  0x000001835b8f9e20 ConcurrentGCThread "G1 Conc#0" [stack: 0x0000005b4d700000,0x0000005b4d800000] [id=29340]
  0x00000183084ea780 ConcurrentGCThread "G1 Conc#1" [stack: 0x0000005b4fc00000,0x0000005b4fd00000] [id=3432]
  0x000001837e6c34e0 ConcurrentGCThread "G1 Refine#0" [stack: 0x0000005b4d800000,0x0000005b4d900000] [id=19428]
  0x000001837e6c3da0 ConcurrentGCThread "G1 Service" [stack: 0x0000005b4d900000,0x0000005b4da00000] [id=1420]

Threads with active compile tasks:
C1 CompilerThread0    17004 2706       3       java.lang.reflect.Executable::sharedGetParameterAnnotations (96 bytes)

VM state: at safepoint (normal execution)

VM Mutex/Monitor currently owned by a thread:  ([mutex/lock_event])
[0x000001835b8768c0] Threads_lock - owner thread: 0x000001837e7ff6c0
[0x000001835b877ac0] Heap_lock - owner thread: 0x000001830042b6f0

Heap address: 0x0000000701c00000, size: 4068 MB, Compressed Oops mode: Zero based, Oop shift amount: 3

CDS archive(s) mapped at: [0x0000000800000000-0x0000000800bc0000-0x0000000800bc0000), size 12320768, SharedBaseAddress: 0x0000000800000000, ArchiveRelocationMode: 0.
Compressed class space mapped at: 0x0000000800c00000-0x0000000840c00000, reserved size: 1073741824
Narrow klass base: 0x0000000800000000, Narrow klass shift: 0, Narrow klass range: 0x100000000

GC Precious Log:
 CPUs: 8 total, 8 available
 Memory: 16265M
 Large Page Support: Disabled
 NUMA Support: Disabled
 Compressed Oops: Enabled (Zero based)
 Heap Region Size: 2M
 Heap Min Capacity: 8M
 Heap Initial Capacity: 256M
 Heap Max Capacity: 4068M
 Pre-touch: Disabled
 Parallel Workers: 8
 Concurrent Workers: 2
 Concurrent Refinement Workers: 8
 Periodic GC: Disabled

Heap:
 garbage-first heap   total 368640K, used 218020K [0x0000000701c00000, 0x0000000800000000)
  region size 2048K, 1 young (2048K), 1 survivors (2048K)
 Metaspace       used 15867K, committed 16128K, reserved 1064960K
  class space    used 2278K, committed 2432K, reserved 1048576K

Heap Regions: E=young(eden), S=young(survivor), O=old, HS=humongous(starts), HC=humongous(continues), CS=collection set, F=free, OA=open archive, CA=closed archive, TAMS=top-at-mark-start (previous, next)
|   0|0x0000000701c00000, 0x0000000701e00000, 0x0000000701e00000|100%|HS|  |TAMS 0x0000000701e00000, 0x0000000701e00000| Complete 
|   1|0x0000000701e00000, 0x0000000702000000, 0x0000000702000000|100%|HC|  |TAMS 0x0000000702000000, 0x0000000702000000| Complete 
|   2|0x0000000702000000, 0x0000000702200000, 0x0000000702200000|100%|HC|  |TAMS 0x0000000702200000, 0x0000000702200000| Complete 
|   3|0x0000000702200000, 0x0000000702400000, 0x0000000702400000|100%|HC|  |TAMS 0x0000000702400000, 0x0000000702400000| Complete 
|   4|0x0000000702400000, 0x0000000702600000, 0x0000000702600000|100%|HC|  |TAMS 0x0000000702600000, 0x0000000702600000| Complete 
|   5|0x0000000702600000, 0x0000000702800000, 0x0000000702800000|100%| O|  |TAMS 0x0000000702800000, 0x0000000702800000| Untracked 
|   6|0x0000000702800000, 0x00000007028ee400, 0x0000000702a00000| 46%| O|  |TAMS 0x00000007028ee400, 0x00000007028ee400| Untracked 
|   7|0x0000000702a00000, 0x0000000702a00000, 0x0000000702c00000|  0%| F|  |TAMS 0x0000000702a00000, 0x0000000702a00000| Untracked 
|   8|0x0000000702c00000, 0x0000000702e00000, 0x0000000702e00000|100%|HS|  |TAMS 0x0000000702e00000, 0x0000000702e00000| Complete 
|   9|0x0000000702e00000, 0x0000000703000000, 0x0000000703000000|100%|HC|  |TAMS 0x0000000703000000, 0x0000000703000000| Complete 
|  10|0x0000000703000000, 0x0000000703200000, 0x0000000703200000|100%|HC|  |TAMS 0x0000000703200000, 0x0000000703200000| Complete 
|  11|0x0000000703200000, 0x0000000703400000, 0x0000000703400000|100%|HC|  |TAMS 0x0000000703400000, 0x0000000703400000| Complete 
|  12|0x0000000703400000, 0x0000000703600000, 0x0000000703600000|100%|HC|  |TAMS 0x0000000703600000, 0x0000000703600000| Complete 
|  13|0x0000000703600000, 0x0000000703800000, 0x0000000703800000|100%|HS|  |TAMS 0x0000000703800000, 0x0000000703800000| Complete 
|  14|0x0000000703800000, 0x0000000703a00000, 0x0000000703a00000|100%|HS|  |TAMS 0x0000000703a00000, 0x0000000703a00000| Complete 
|  15|0x0000000703a00000, 0x0000000703c00000, 0x0000000703c00000|100%|HC|  |TAMS 0x0000000703c00000, 0x0000000703c00000| Complete 
|  16|0x0000000703c00000, 0x0000000703e00000, 0x0000000703e00000|100%| O|  |TAMS 0x0000000703e00000, 0x0000000703e00000| Untracked 
|  17|0x0000000703e00000, 0x0000000703e00000, 0x0000000704000000|  0%| F|  |TAMS 0x0000000703e00000, 0x0000000703e00000| Untracked 
|  18|0x0000000704000000, 0x0000000704200000, 0x0000000704200000|100%| O|  |TAMS 0x0000000704200000, 0x0000000704200000| Untracked 
|  19|0x0000000704200000, 0x0000000704400000, 0x0000000704400000|100%|HS|  |TAMS 0x0000000704400000, 0x0000000704400000| Complete 
|  20|0x0000000704400000, 0x0000000704600000, 0x0000000704600000|100%|HC|  |TAMS 0x0000000704600000, 0x0000000704600000| Complete 
|  21|0x0000000704600000, 0x0000000704800000, 0x0000000704800000|100%|HC|  |TAMS 0x0000000704800000, 0x0000000704800000| Complete 
|  22|0x0000000704800000, 0x0000000704a00000, 0x0000000704a00000|100%|HC|  |TAMS 0x0000000704a00000, 0x0000000704a00000| Complete 
|  23|0x0000000704a00000, 0x0000000704c00000, 0x0000000704c00000|100%|HC|  |TAMS 0x0000000704c00000, 0x0000000704c00000| Complete 
|  24|0x0000000704c00000, 0x0000000704e00000, 0x0000000704e00000|100%|HC|  |TAMS 0x0000000704e00000, 0x0000000704e00000| Complete 
|  25|0x0000000704e00000, 0x0000000705000000, 0x0000000705000000|100%|HC|  |TAMS 0x0000000705000000, 0x0000000705000000| Complete 
|  26|0x0000000705000000, 0x0000000705200000, 0x0000000705200000|100%|HC|  |TAMS 0x0000000705200000, 0x0000000705200000| Complete 
|  27|0x0000000705200000, 0x0000000705400000, 0x0000000705400000|100%|HC|  |TAMS 0x0000000705400000, 0x0000000705400000| Complete 
|  28|0x0000000705400000, 0x0000000705600000, 0x0000000705600000|100%|HC|  |TAMS 0x0000000705600000, 0x0000000705600000| Complete 
|  29|0x0000000705600000, 0x0000000705800000, 0x0000000705800000|100%|HC|  |TAMS 0x0000000705800000, 0x0000000705800000| Complete 
|  30|0x0000000705800000, 0x0000000705a00000, 0x0000000705a00000|100%|HC|  |TAMS 0x0000000705a00000, 0x0000000705a00000| Complete 
|  31|0x0000000705a00000, 0x0000000705c00000, 0x0000000705c00000|100%|HC|  |TAMS 0x0000000705c00000, 0x0000000705c00000| Complete 
|  32|0x0000000705c00000, 0x0000000705e00000, 0x0000000705e00000|100%|HC|  |TAMS 0x0000000705e00000, 0x0000000705e00000| Complete 
|  33|0x0000000705e00000, 0x0000000706000000, 0x0000000706000000|100%|HS|  |TAMS 0x0000000706000000, 0x0000000706000000| Complete 
|  34|0x0000000706000000, 0x0000000706200000, 0x0000000706200000|100%|HC|  |TAMS 0x0000000706200000, 0x0000000706200000| Complete 
|  35|0x0000000706200000, 0x0000000706400000, 0x0000000706400000|100%|HC|  |TAMS 0x0000000706400000, 0x0000000706400000| Complete 
|  36|0x0000000706400000, 0x0000000706600000, 0x0000000706600000|100%|HC|  |TAMS 0x0000000706600000, 0x0000000706600000| Complete 
|  37|0x0000000706600000, 0x0000000706800000, 0x0000000706800000|100%|HC|  |TAMS 0x0000000706800000, 0x0000000706800000| Complete 
|  38|0x0000000706800000, 0x0000000706a00000, 0x0000000706a00000|100%|HC|  |TAMS 0x0000000706a00000, 0x0000000706a00000| Complete 
|  39|0x0000000706a00000, 0x0000000706c00000, 0x0000000706c00000|100%|HC|  |TAMS 0x0000000706c00000, 0x0000000706c00000| Complete 
|  40|0x0000000706c00000, 0x0000000706e00000, 0x0000000706e00000|100%|HC|  |TAMS 0x0000000706e00000, 0x0000000706e00000| Complete 
|  41|0x0000000706e00000, 0x0000000707000000, 0x0000000707000000|100%|HC|  |TAMS 0x0000000707000000, 0x0000000707000000| Complete 
|  42|0x0000000707000000, 0x0000000707200000, 0x0000000707200000|100%|HC|  |TAMS 0x0000000707200000, 0x0000000707200000| Complete 
|  43|0x0000000707200000, 0x0000000707400000, 0x0000000707400000|100%|HC|  |TAMS 0x0000000707400000, 0x0000000707400000| Complete 
|  44|0x0000000707400000, 0x0000000707600000, 0x0000000707600000|100%|HC|  |TAMS 0x0000000707600000, 0x0000000707600000| Complete 
|  45|0x0000000707600000, 0x0000000707800000, 0x0000000707800000|100%|HC|  |TAMS 0x0000000707800000, 0x0000000707800000| Complete 
|  46|0x0000000707800000, 0x0000000707a00000, 0x0000000707a00000|100%|HC|  |TAMS 0x0000000707a00000, 0x0000000707a00000| Complete 
|  47|0x0000000707a00000, 0x0000000707c00000, 0x0000000707c00000|100%|HS|  |TAMS 0x0000000707c00000, 0x0000000707c00000| Complete 
|  48|0x0000000707c00000, 0x0000000707e00000, 0x0000000707e00000|100%|HC|  |TAMS 0x0000000707e00000, 0x0000000707e00000| Complete 
|  49|0x0000000707e00000, 0x0000000708000000, 0x0000000708000000|100%|HC|  |TAMS 0x0000000708000000, 0x0000000708000000| Complete 
|  50|0x0000000708000000, 0x0000000708200000, 0x0000000708200000|100%|HC|  |TAMS 0x0000000708200000, 0x0000000708200000| Complete 
|  51|0x0000000708200000, 0x0000000708400000, 0x0000000708400000|100%|HC|  |TAMS 0x0000000708400000, 0x0000000708400000| Complete 
|  52|0x0000000708400000, 0x0000000708600000, 0x0000000708600000|100%|HC|  |TAMS 0x0000000708600000, 0x0000000708600000| Complete 
|  53|0x0000000708600000, 0x0000000708800000, 0x0000000708800000|100%|HC|  |TAMS 0x0000000708800000, 0x0000000708800000| Complete 
|  54|0x0000000708800000, 0x0000000708a00000, 0x0000000708a00000|100%|HC|  |TAMS 0x0000000708a00000, 0x0000000708a00000| Complete 
|  55|0x0000000708a00000, 0x0000000708c00000, 0x0000000708c00000|100%|HC|  |TAMS 0x0000000708c00000, 0x0000000708c00000| Complete 
|  56|0x0000000708c00000, 0x0000000708e00000, 0x0000000708e00000|100%|HC|  |TAMS 0x0000000708e00000, 0x0000000708e00000| Complete 
|  57|0x0000000708e00000, 0x0000000709000000, 0x0000000709000000|100%|HC|  |TAMS 0x0000000709000000, 0x0000000709000000| Complete 
|  58|0x0000000709000000, 0x0000000709200000, 0x0000000709200000|100%|HC|  |TAMS 0x0000000709200000, 0x0000000709200000| Complete 
|  59|0x0000000709200000, 0x0000000709400000, 0x0000000709400000|100%|HC|  |TAMS 0x0000000709400000, 0x0000000709400000| Complete 
|  60|0x0000000709400000, 0x0000000709600000, 0x0000000709600000|100%|HC|  |TAMS 0x0000000709600000, 0x0000000709600000| Complete 
|  61|0x0000000709600000, 0x0000000709800000, 0x0000000709800000|100%|HS|  |TAMS 0x0000000709800000, 0x0000000709800000| Complete 
|  62|0x0000000709800000, 0x0000000709a00000, 0x0000000709a00000|100%|HC|  |TAMS 0x0000000709a00000, 0x0000000709a00000| Complete 
|  63|0x0000000709a00000, 0x0000000709c00000, 0x0000000709c00000|100%|HC|  |TAMS 0x0000000709c00000, 0x0000000709c00000| Complete 
|  64|0x0000000709c00000, 0x0000000709e00000, 0x0000000709e00000|100%|HC|  |TAMS 0x0000000709e00000, 0x0000000709e00000| Complete 
|  65|0x0000000709e00000, 0x000000070a000000, 0x000000070a000000|100%|HC|  |TAMS 0x000000070a000000, 0x000000070a000000| Complete 
|  66|0x000000070a000000, 0x000000070a200000, 0x000000070a200000|100%|HS|  |TAMS 0x000000070a200000, 0x000000070a200000| Complete 
|  67|0x000000070a200000, 0x000000070a400000, 0x000000070a400000|100%|HC|  |TAMS 0x000000070a400000, 0x000000070a400000| Complete 
|  68|0x000000070a400000, 0x000000070a600000, 0x000000070a600000|100%|HC|  |TAMS 0x000000070a600000, 0x000000070a600000| Complete 
|  69|0x000000070a600000, 0x000000070a800000, 0x000000070a800000|100%|HC|  |TAMS 0x000000070a800000, 0x000000070a800000| Complete 
|  70|0x000000070a800000, 0x000000070aa00000, 0x000000070aa00000|100%|HC|  |TAMS 0x000000070aa00000, 0x000000070aa00000| Complete 
|  71|0x000000070aa00000, 0x000000070ac00000, 0x000000070ac00000|100%|HC|  |TAMS 0x000000070ac00000, 0x000000070ac00000| Complete 
|  72|0x000000070ac00000, 0x000000070ae00000, 0x000000070ae00000|100%|HC|  |TAMS 0x000000070ae00000, 0x000000070ae00000| Complete 
|  73|0x000000070ae00000, 0x000000070b000000, 0x000000070b000000|100%|HC|  |TAMS 0x000000070b000000, 0x000000070b000000| Complete 
|  74|0x000000070b000000, 0x000000070b200000, 0x000000070b200000|100%|HC|  |TAMS 0x000000070b200000, 0x000000070b200000| Complete 
|  75|0x000000070b200000, 0x000000070b400000, 0x000000070b400000|100%|HC|  |TAMS 0x000000070b400000, 0x000000070b400000| Complete 
|  76|0x000000070b400000, 0x000000070b600000, 0x000000070b600000|100%|HC|  |TAMS 0x000000070b600000, 0x000000070b600000| Complete 
|  77|0x000000070b600000, 0x000000070b800000, 0x000000070b800000|100%|HC|  |TAMS 0x000000070b800000, 0x000000070b800000| Complete 
|  78|0x000000070b800000, 0x000000070ba00000, 0x000000070ba00000|100%|HC|  |TAMS 0x000000070ba00000, 0x000000070ba00000| Complete 
|  79|0x000000070ba00000, 0x000000070bc00000, 0x000000070bc00000|100%|HC|  |TAMS 0x000000070bc00000, 0x000000070bc00000| Complete 
|  80|0x000000070bc00000, 0x000000070be00000, 0x000000070be00000|100%|HS|  |TAMS 0x000000070be00000, 0x000000070be00000| Complete 
|  81|0x000000070be00000, 0x000000070c000000, 0x000000070c000000|100%|HC|  |TAMS 0x000000070c000000, 0x000000070c000000| Complete 
|  82|0x000000070c000000, 0x000000070c200000, 0x000000070c200000|100%|HC|  |TAMS 0x000000070c200000, 0x000000070c200000| Complete 
|  83|0x000000070c200000, 0x000000070c400000, 0x000000070c400000|100%|HC|  |TAMS 0x000000070c400000, 0x000000070c400000| Complete 
|  84|0x000000070c400000, 0x000000070c600000, 0x000000070c600000|100%|HC|  |TAMS 0x000000070c600000, 0x000000070c600000| Complete 
|  85|0x000000070c600000, 0x000000070c800000, 0x000000070c800000|100%|HC|  |TAMS 0x000000070c800000, 0x000000070c800000| Complete 
|  86|0x000000070c800000, 0x000000070ca00000, 0x000000070ca00000|100%|HC|  |TAMS 0x000000070ca00000, 0x000000070ca00000| Complete 
|  87|0x000000070ca00000, 0x000000070cc00000, 0x000000070cc00000|100%|HC|  |TAMS 0x000000070cc00000, 0x000000070cc00000| Complete 
|  88|0x000000070cc00000, 0x000000070ce00000, 0x000000070ce00000|100%|HC|  |TAMS 0x000000070ce00000, 0x000000070ce00000| Complete 
|  89|0x000000070ce00000, 0x000000070d000000, 0x000000070d000000|100%|HC|  |TAMS 0x000000070d000000, 0x000000070d000000| Complete 
|  90|0x000000070d000000, 0x000000070d200000, 0x000000070d200000|100%|HC|  |TAMS 0x000000070d200000, 0x000000070d200000| Complete 
|  91|0x000000070d200000, 0x000000070d400000, 0x000000070d400000|100%|HC|  |TAMS 0x000000070d400000, 0x000000070d400000| Complete 
|  92|0x000000070d400000, 0x000000070d600000, 0x000000070d600000|100%|HC|  |TAMS 0x000000070d600000, 0x000000070d600000| Complete 
|  93|0x000000070d600000, 0x000000070d800000, 0x000000070d800000|100%|HC|  |TAMS 0x000000070d800000, 0x000000070d800000| Complete 
|  94|0x000000070d800000, 0x000000070da00000, 0x000000070da00000|100%|HS|  |TAMS 0x000000070d800000, 0x000000070da00000| Complete 
|  95|0x000000070da00000, 0x000000070dc00000, 0x000000070dc00000|100%|HC|  |TAMS 0x000000070da00000, 0x000000070dc00000| Complete 
|  96|0x000000070dc00000, 0x000000070de00000, 0x000000070de00000|100%|HC|  |TAMS 0x000000070dc00000, 0x000000070de00000| Complete 
|  97|0x000000070de00000, 0x000000070e000000, 0x000000070e000000|100%|HC|  |TAMS 0x000000070de00000, 0x000000070e000000| Complete 
|  98|0x000000070e000000, 0x000000070e200000, 0x000000070e200000|100%|HC|  |TAMS 0x000000070e000000, 0x000000070e200000| Complete 
|  99|0x000000070e200000, 0x000000070e400000, 0x000000070e400000|100%|HC|  |TAMS 0x000000070e200000, 0x000000070e400000| Complete 
| 100|0x000000070e400000, 0x000000070e600000, 0x000000070e600000|100%|HC|  |TAMS 0x000000070e400000, 0x000000070e600000| Complete 
| 101|0x000000070e600000, 0x000000070e800000, 0x000000070e800000|100%|HC|  |TAMS 0x000000070e600000, 0x000000070e800000| Complete 
| 102|0x000000070e800000, 0x000000070ea00000, 0x000000070ea00000|100%|HC|  |TAMS 0x000000070e800000, 0x000000070ea00000| Complete 
| 103|0x000000070ea00000, 0x000000070ec00000, 0x000000070ec00000|100%|HC|  |TAMS 0x000000070ea00000, 0x000000070ec00000| Complete 
| 104|0x000000070ec00000, 0x000000070ee00000, 0x000000070ee00000|100%|HC|  |TAMS 0x000000070ec00000, 0x000000070ee00000| Complete 
| 105|0x000000070ee00000, 0x000000070f000000, 0x000000070f000000|100%|HC|  |TAMS 0x000000070ee00000, 0x000000070f000000| Complete 
| 106|0x000000070f000000, 0x000000070f200000, 0x000000070f200000|100%|HC|  |TAMS 0x000000070f000000, 0x000000070f200000| Complete 
| 107|0x000000070f200000, 0x000000070f400000, 0x000000070f400000|100%|HC|  |TAMS 0x000000070f200000, 0x000000070f400000| Complete 
| 108|0x000000070f400000, 0x000000070f400000, 0x000000070f600000|  0%| F|  |TAMS 0x000000070f400000, 0x000000070f400000| Untracked 
| 109|0x000000070f600000, 0x000000070f600000, 0x000000070f800000|  0%| F|  |TAMS 0x000000070f600000, 0x000000070f600000| Untracked 
| 110|0x000000070f800000, 0x000000070f800000, 0x000000070fa00000|  0%| F|  |TAMS 0x000000070f800000, 0x000000070f800000| Untracked 
| 111|0x000000070fa00000, 0x000000070fa00000, 0x000000070fc00000|  0%| F|  |TAMS 0x000000070fa00000, 0x000000070fa00000| Untracked 
| 112|0x000000070fc00000, 0x000000070fc00000, 0x000000070fe00000|  0%| F|  |TAMS 0x000000070fc00000, 0x000000070fc00000| Untracked 
| 113|0x000000070fe00000, 0x000000070fe00000, 0x0000000710000000|  0%| F|  |TAMS 0x000000070fe00000, 0x000000070fe00000| Untracked 
| 114|0x0000000710000000, 0x0000000710000000, 0x0000000710200000|  0%| F|  |TAMS 0x0000000710000000, 0x0000000710000000| Untracked 
| 115|0x0000000710200000, 0x0000000710200000, 0x0000000710400000|  0%| F|  |TAMS 0x0000000710200000, 0x0000000710200000| Untracked 
| 116|0x0000000710400000, 0x0000000710400000, 0x0000000710600000|  0%| F|  |TAMS 0x0000000710400000, 0x0000000710400000| Untracked 
| 117|0x0000000710600000, 0x0000000710600000, 0x0000000710800000|  0%| F|  |TAMS 0x0000000710600000, 0x0000000710600000| Untracked 
| 118|0x0000000710800000, 0x0000000710800000, 0x0000000710a00000|  0%| F|  |TAMS 0x0000000710800000, 0x0000000710800000| Untracked 
| 119|0x0000000710a00000, 0x0000000710a00000, 0x0000000710c00000|  0%| F|  |TAMS 0x0000000710a00000, 0x0000000710a00000| Untracked 
| 120|0x0000000710c00000, 0x0000000710c00000, 0x0000000710e00000|  0%| F|  |TAMS 0x0000000710c00000, 0x0000000710c00000| Untracked 
| 121|0x0000000710e00000, 0x0000000710e00000, 0x0000000711000000|  0%| F|  |TAMS 0x0000000710e00000, 0x0000000710e00000| Untracked 
| 122|0x0000000711000000, 0x0000000711000000, 0x0000000711200000|  0%| F|  |TAMS 0x0000000711000000, 0x0000000711000000| Untracked 
| 123|0x0000000711200000, 0x0000000711200000, 0x0000000711400000|  0%| F|  |TAMS 0x0000000711200000, 0x0000000711200000| Untracked 
| 124|0x0000000711400000, 0x0000000711400000, 0x0000000711600000|  0%| F|  |TAMS 0x0000000711400000, 0x0000000711400000| Untracked 
| 125|0x0000000711600000, 0x0000000711600000, 0x0000000711800000|  0%| F|  |TAMS 0x0000000711600000, 0x0000000711600000| Untracked 
| 126|0x0000000711800000, 0x0000000711800000, 0x0000000711a00000|  0%| F|  |TAMS 0x0000000711800000, 0x0000000711800000| Untracked 
| 127|0x0000000711a00000, 0x0000000711a00000, 0x0000000711c00000|  0%| F|  |TAMS 0x0000000711a00000, 0x0000000711a00000| Untracked 
| 128|0x0000000711c00000, 0x0000000711c00000, 0x0000000711e00000|  0%| F|  |TAMS 0x0000000711c00000, 0x0000000711c00000| Untracked 
| 129|0x0000000711e00000, 0x0000000711e00000, 0x0000000712000000|  0%| F|  |TAMS 0x0000000711e00000, 0x0000000711e00000| Untracked 
| 130|0x0000000712000000, 0x0000000712000000, 0x0000000712200000|  0%| F|  |TAMS 0x0000000712000000, 0x0000000712000000| Untracked 
| 131|0x0000000712200000, 0x0000000712200000, 0x0000000712400000|  0%| F|  |TAMS 0x0000000712200000, 0x0000000712200000| Untracked 
| 132|0x0000000712400000, 0x0000000712400000, 0x0000000712600000|  0%| F|  |TAMS 0x0000000712400000, 0x0000000712400000| Untracked 
| 133|0x0000000712600000, 0x0000000712600000, 0x0000000712800000|  0%| F|  |TAMS 0x0000000712600000, 0x0000000712600000| Untracked 
| 134|0x0000000712800000, 0x0000000712800000, 0x0000000712a00000|  0%| F|  |TAMS 0x0000000712800000, 0x0000000712800000| Untracked 
| 135|0x0000000712a00000, 0x0000000712a00000, 0x0000000712c00000|  0%| F|  |TAMS 0x0000000712a00000, 0x0000000712a00000| Untracked 
| 136|0x0000000712c00000, 0x0000000712c00000, 0x0000000712e00000|  0%| F|  |TAMS 0x0000000712c00000, 0x0000000712c00000| Untracked 
| 137|0x0000000712e00000, 0x0000000712e00000, 0x0000000713000000|  0%| F|  |TAMS 0x0000000712e00000, 0x0000000712e00000| Untracked 
| 138|0x0000000713000000, 0x0000000713000000, 0x0000000713200000|  0%| F|  |TAMS 0x0000000713000000, 0x0000000713000000| Untracked 
| 139|0x0000000713200000, 0x0000000713200000, 0x0000000713400000|  0%| F|  |TAMS 0x0000000713200000, 0x0000000713200000| Untracked 
| 140|0x0000000713400000, 0x0000000713400000, 0x0000000713600000|  0%| F|  |TAMS 0x0000000713400000, 0x0000000713400000| Untracked 
| 141|0x0000000713600000, 0x0000000713600000, 0x0000000713800000|  0%| F|  |TAMS 0x0000000713600000, 0x0000000713600000| Untracked 
| 142|0x0000000713800000, 0x0000000713800000, 0x0000000713a00000|  0%| F|  |TAMS 0x0000000713800000, 0x0000000713800000| Untracked 
| 143|0x0000000713a00000, 0x0000000713a00000, 0x0000000713c00000|  0%| F|  |TAMS 0x0000000713a00000, 0x0000000713a00000| Untracked 
| 144|0x0000000713c00000, 0x0000000713c00000, 0x0000000713e00000|  0%| F|  |TAMS 0x0000000713c00000, 0x0000000713c00000| Untracked 
| 145|0x0000000713e00000, 0x0000000713e00000, 0x0000000714000000|  0%| F|  |TAMS 0x0000000713e00000, 0x0000000713e00000| Untracked 
| 146|0x0000000714000000, 0x0000000714000000, 0x0000000714200000|  0%| F|  |TAMS 0x0000000714000000, 0x0000000714000000| Untracked 
| 147|0x0000000714200000, 0x0000000714200000, 0x0000000714400000|  0%| F|  |TAMS 0x0000000714200000, 0x0000000714200000| Untracked 
| 148|0x0000000714400000, 0x0000000714400000, 0x0000000714600000|  0%| F|  |TAMS 0x0000000714400000, 0x0000000714400000| Untracked 
| 149|0x0000000714600000, 0x0000000714600000, 0x0000000714800000|  0%| F|  |TAMS 0x0000000714600000, 0x0000000714600000| Untracked 
| 150|0x0000000714800000, 0x0000000714800000, 0x0000000714a00000|  0%| F|  |TAMS 0x0000000714800000, 0x0000000714800000| Untracked 
| 151|0x0000000714a00000, 0x0000000714a00000, 0x0000000714c00000|  0%| F|  |TAMS 0x0000000714a00000, 0x0000000714a00000| Untracked 
| 152|0x0000000714c00000, 0x0000000714c00000, 0x0000000714e00000|  0%| F|  |TAMS 0x0000000714c00000, 0x0000000714c00000| Untracked 
| 153|0x0000000714e00000, 0x0000000714e00000, 0x0000000715000000|  0%| F|  |TAMS 0x0000000714e00000, 0x0000000714e00000| Untracked 
| 154|0x0000000715000000, 0x0000000715000000, 0x0000000715200000|  0%| F|  |TAMS 0x0000000715000000, 0x0000000715000000| Untracked 
| 155|0x0000000715200000, 0x0000000715200000, 0x0000000715400000|  0%| F|  |TAMS 0x0000000715200000, 0x0000000715200000| Untracked 
| 156|0x0000000715400000, 0x0000000715400000, 0x0000000715600000|  0%| F|  |TAMS 0x0000000715400000, 0x0000000715400000| Untracked 
| 157|0x0000000715600000, 0x0000000715600000, 0x0000000715800000|  0%| F|  |TAMS 0x0000000715600000, 0x0000000715600000| Untracked 
| 158|0x0000000715800000, 0x0000000715800000, 0x0000000715a00000|  0%| F|  |TAMS 0x0000000715800000, 0x0000000715800000| Untracked 
| 159|0x0000000715a00000, 0x0000000715a00000, 0x0000000715c00000|  0%| F|  |TAMS 0x0000000715a00000, 0x0000000715a00000| Untracked 
| 160|0x0000000715c00000, 0x0000000715c00000, 0x0000000715e00000|  0%| F|  |TAMS 0x0000000715c00000, 0x0000000715c00000| Untracked 
| 161|0x0000000715e00000, 0x0000000715e00000, 0x0000000716000000|  0%| F|  |TAMS 0x0000000715e00000, 0x0000000715e00000| Untracked 
| 162|0x0000000716000000, 0x0000000716000000, 0x0000000716200000|  0%| F|  |TAMS 0x0000000716000000, 0x0000000716000000| Untracked 
| 163|0x0000000716200000, 0x0000000716200000, 0x0000000716400000|  0%| F|  |TAMS 0x0000000716200000, 0x0000000716200000| Untracked 
| 164|0x0000000716400000, 0x0000000716400000, 0x0000000716600000|  0%| F|  |TAMS 0x0000000716400000, 0x0000000716400000| Untracked 
| 165|0x0000000716600000, 0x0000000716600000, 0x0000000716800000|  0%| F|  |TAMS 0x0000000716600000, 0x0000000716600000| Untracked 
| 166|0x0000000716800000, 0x0000000716800000, 0x0000000716a00000|  0%| F|  |TAMS 0x0000000716800000, 0x0000000716800000| Untracked 
| 167|0x0000000716a00000, 0x0000000716a00000, 0x0000000716c00000|  0%| F|  |TAMS 0x0000000716a00000, 0x0000000716a00000| Untracked 
| 168|0x0000000716c00000, 0x0000000716c00000, 0x0000000716e00000|  0%| F|  |TAMS 0x0000000716c00000, 0x0000000716c00000| Untracked 
| 169|0x0000000716e00000, 0x0000000716e00000, 0x0000000717000000|  0%| F|  |TAMS 0x0000000716e00000, 0x0000000716e00000| Untracked 
| 170|0x0000000717000000, 0x0000000717000000, 0x0000000717200000|  0%| F|  |TAMS 0x0000000717000000, 0x0000000717000000| Untracked 
| 171|0x0000000717200000, 0x0000000717200000, 0x0000000717400000|  0%| F|  |TAMS 0x0000000717200000, 0x0000000717200000| Untracked 
| 172|0x0000000717400000, 0x0000000717400000, 0x0000000717600000|  0%| F|  |TAMS 0x0000000717400000, 0x0000000717400000| Untracked 
| 173|0x0000000717600000, 0x0000000717600000, 0x0000000717800000|  0%| F|  |TAMS 0x0000000717600000, 0x0000000717600000| Untracked 
| 174|0x0000000717800000, 0x0000000717800000, 0x0000000717a00000|  0%| F|  |TAMS 0x0000000717800000, 0x0000000717800000| Untracked 
| 175|0x0000000717a00000, 0x0000000717a00000, 0x0000000717c00000|  0%| F|  |TAMS 0x0000000717a00000, 0x0000000717a00000| Untracked 
| 176|0x0000000717c00000, 0x0000000717c00000, 0x0000000717e00000|  0%| F|  |TAMS 0x0000000717c00000, 0x0000000717c00000| Untracked 
| 177|0x0000000717e00000, 0x0000000717e00000, 0x0000000718000000|  0%| F|  |TAMS 0x0000000717e00000, 0x0000000717e00000| Untracked 
| 178|0x0000000718000000, 0x00000007181faf10, 0x0000000718200000| 99%| S|CS|TAMS 0x0000000718000000, 0x0000000718000000| Complete 
| 179|0x0000000718200000, 0x0000000718200000, 0x0000000718400000|  0%| F|  |TAMS 0x0000000718200000, 0x0000000718200000| Untracked 

Card table byte_map: [0x0000018372e90000,0x0000018373690000] _byte_map_base: 0x000001836f682000

Marking Bits (Prev, Next): (CMBitMap*) 0x000001835b8e7cd0, (CMBitMap*) 0x000001835b8e7c90
 Prev Bits: [0x0000018377e20000, 0x000001837bdb0000)
 Next Bits: [0x0000018373e90000, 0x0000018377e20000)

Polling page: 0x0000018359840000

Metaspace:

Usage:
  Non-class:     13.27 MB used.
      Class:      2.22 MB used.
       Both:     15.50 MB used.

Virtual space:
  Non-class space:       16.00 MB reserved,      13.38 MB ( 84%) committed,  2 nodes.
      Class space:        1.00 GB reserved,       2.38 MB ( <1%) committed,  1 nodes.
             Both:        1.02 GB reserved,      15.75 MB (  2%) committed. 

Chunk freelists:
   Non-Class:  2.08 MB
       Class:  1.65 MB
        Both:  3.73 MB

MaxMetaspaceSize: unlimited
CompressedClassSpaceSize: 1.00 GB
Initial GC threshold: 21.00 MB
Current GC threshold: 26.25 MB
CDS: on
MetaspaceReclaimPolicy: balanced
 - commit_granule_bytes: 65536.
 - commit_granule_words: 8192.
 - virtual_space_node_default_size: 1048576.
 - enlarge_chunks_in_place: 1.
 - new_chunks_are_fully_committed: 0.
 - uncommit_free_chunks: 1.
 - use_allocation_guard: 0.
 - handle_deallocations: 1.


Internal statistics:

num_allocs_failed_limit: 0.
num_arena_births: 240.
num_arena_deaths: 0.
num_vsnodes_births: 3.
num_vsnodes_deaths: 0.
num_space_committed: 252.
num_space_uncommitted: 0.
num_chunks_returned_to_freelist: 0.
num_chunks_taken_from_freelist: 753.
num_chunk_merges: 0.
num_chunk_splits: 512.
num_chunks_enlarged: 381.
num_purges: 0.
num_inconsistent_stats: 0.

CodeHeap 'non-profiled nmethods': size=120000Kb used=1145Kb max_used=1145Kb free=118854Kb
 bounds [0x000001836ae30000, 0x000001836b0a0000, 0x0000018372360000]
CodeHeap 'profiled nmethods': size=120000Kb used=5010Kb max_used=5010Kb free=114989Kb
 bounds [0x0000018363900000, 0x0000018363df0000, 0x000001836ae30000]
CodeHeap 'non-nmethods': size=5760Kb used=1421Kb max_used=1488Kb free=4338Kb
 bounds [0x0000018363360000, 0x00000183635d0000, 0x0000018363900000]
 total_blobs=3492 nmethods=2704 adapters=699
 compilation: enabled
              stopped_count=0, restarted_count=0
 full_count=0

Compilation events (20 events):
Event: 16.834 Thread 0x000001837e820650 2699       3       javafx.fxml.FXMLLoader$Element::getProperties (22 bytes)
Event: 16.834 Thread 0x000001837e820650 nmethod 2699 0x0000018363de2990 code [0x0000018363de2ba0, 0x0000018363de34e8]
Event: 16.834 Thread 0x000001837e820650 2698       3       javafx.fxml.FXMLLoader$Attribute::<init> (20 bytes)
Event: 16.834 Thread 0x000001837e820650 nmethod 2698 0x0000018363de3710 code [0x0000018363de38c0, 0x0000018363de3b58]
Event: 16.839 Thread 0x000001837e81cd30 nmethod 2689% 0x000001836af4af90 code [0x000001836af4b160, 0x000001836af4b9e8]
Event: 16.840 Thread 0x000001837e81cd30 2696       4       java.util.stream.ReduceOps$3ReducingSink::accept (15 bytes)
Event: 16.841 Thread 0x000001837e81cd30 nmethod 2696 0x000001836af4c010 code [0x000001836af4c1a0, 0x000001836af4c2e8]
Event: 16.865 Thread 0x000001837e81cd30 2700       4       java.io.BufferedInputStream::fill (203 bytes)
Event: 16.871 Thread 0x000001837e81cd30 nmethod 2700 0x000001836af4c490 code [0x000001836af4c640, 0x000001836af4cc98]
Event: 16.876 Thread 0x000001837e81cd30 2701       4       java.io.BufferedInputStream::read1 (108 bytes)
Event: 16.879 Thread 0x000001837e820650 2702       3       java.lang.Math::min (12 bytes)
Event: 16.880 Thread 0x000001837e820650 nmethod 2702 0x0000018363de3c10 code [0x0000018363de3da0, 0x0000018363de3ed8]
Event: 16.886 Thread 0x000001837e81cd30 nmethod 2701 0x000001836af4cf10 code [0x000001836af4d0e0, 0x000001836af4d9e8]
Event: 16.966 Thread 0x000001837e81cd30 2704       4       java.lang.CharacterData::of (136 bytes)
Event: 16.966 Thread 0x000001837e820650 2707       3       com.sun.javafx.geom.RectBounds::<init> (14 bytes)
Event: 16.967 Thread 0x000001837e820650 nmethod 2707 0x0000018363de3f90 code [0x0000018363de4140, 0x0000018363de4378]
Event: 16.967 Thread 0x000001837e820650 2705       3       java.lang.reflect.Constructor::getParameterAnnotations (13 bytes)
Event: 16.967 Thread 0x000001837e81cd30 nmethod 2704 0x000001836af4e390 code [0x000001836af4e500, 0x000001836af4e598]
Event: 16.967 Thread 0x000001837e820650 nmethod 2705 0x0000018363de4490 code [0x0000018363de4620, 0x0000018363de47e8]
Event: 16.967 Thread 0x000001837e820650 2706       3       java.lang.reflect.Executable::sharedGetParameterAnnotations (96 bytes)

GC Heap History (17 events):
Event: 1.559 GC heap before
{Heap before GC invocations=0 (full 0):
 garbage-first heap   total 262144K, used 22528K [0x0000000701c00000, 0x0000000800000000)
  region size 2048K, 11 young (22528K), 0 survivors (0K)
 Metaspace       used 4933K, committed 5120K, reserved 1056768K
  class space    used 617K, committed 704K, reserved 1048576K
}
Event: 1.563 GC heap after
{Heap after GC invocations=1 (full 0):
 garbage-first heap   total 262144K, used 2687K [0x0000000701c00000, 0x0000000800000000)
  region size 2048K, 2 young (4096K), 2 survivors (4096K)
 Metaspace       used 4933K, committed 5120K, reserved 1056768K
  class space    used 617K, committed 704K, reserved 1048576K
}
Event: 4.666 GC heap before
{Heap before GC invocations=1 (full 0):
 garbage-first heap   total 262144K, used 76415K [0x0000000701c00000, 0x0000000800000000)
  region size 2048K, 20 young (40960K), 2 survivors (4096K)
 Metaspace       used 14370K, committed 14656K, reserved 1064960K
  class space    used 2155K, committed 2304K, reserved 1048576K
}
Event: 4.673 GC heap after
{Heap after GC invocations=2 (full 0):
 garbage-first heap   total 262144K, used 33663K [0x0000000701c00000, 0x0000000800000000)
  region size 2048K, 3 young (6144K), 3 survivors (6144K)
 Metaspace       used 14370K, committed 14656K, reserved 1064960K
  class space    used 2155K, committed 2304K, reserved 1048576K
}
Event: 6.893 GC heap before
{Heap before GC invocations=2 (full 0):
 garbage-first heap   total 262144K, used 101247K [0x0000000701c00000, 0x0000000800000000)
  region size 2048K, 6 young (12288K), 3 survivors (6144K)
 Metaspace       used 15543K, committed 15872K, reserved 1064960K
  class space    used 2261K, committed 2432K, reserved 1048576K
}
Event: 6.897 GC heap after
{Heap after GC invocations=3 (full 0):
 garbage-first heap   total 262144K, used 98631K [0x0000000701c00000, 0x0000000800000000)
  region size 2048K, 3 young (6144K), 3 survivors (6144K)
 Metaspace       used 15543K, committed 15872K, reserved 1064960K
  class space    used 2261K, committed 2432K, reserved 1048576K
}
Event: 7.036 GC heap before
{Heap before GC invocations=3 (full 0):
 garbage-first heap   total 262144K, used 127303K [0x0000000701c00000, 0x0000000800000000)
  region size 2048K, 4 young (8192K), 3 survivors (6144K)
 Metaspace       used 15635K, committed 15936K, reserved 1064960K
  class space    used 2271K, committed 2432K, reserved 1048576K
}
Event: 7.040 GC heap after
{Heap after GC invocations=4 (full 0):
 garbage-first heap   total 262144K, used 127208K [0x0000000701c00000, 0x0000000800000000)
  region size 2048K, 3 young (6144K), 3 survivors (6144K)
 Metaspace       used 15635K, committed 15936K, reserved 1064960K
  class space    used 2271K, committed 2432K, reserved 1048576K
}
Event: 7.095 GC heap before
{Heap before GC invocations=5 (full 0):
 garbage-first heap   total 262144K, used 137448K [0x0000000701c00000, 0x0000000800000000)
  region size 2048K, 4 young (8192K), 3 survivors (6144K)
 Metaspace       used 15646K, committed 15936K, reserved 1064960K
  class space    used 2271K, committed 2432K, reserved 1048576K
}
Event: 7.098 GC heap after
{Heap after GC invocations=6 (full 0):
 garbage-first heap   total 262144K, used 137338K [0x0000000701c00000, 0x0000000800000000)
  region size 2048K, 3 young (6144K), 3 survivors (6144K)
 Metaspace       used 15646K, committed 15936K, reserved 1064960K
  class space    used 2271K, committed 2432K, reserved 1048576K
}
Event: 16.648 GC heap before
{Heap before GC invocations=7 (full 0):
 garbage-first heap   total 280576K, used 168058K [0x0000000701c00000, 0x0000000800000000)
  region size 2048K, 5 young (10240K), 3 survivors (6144K)
 Metaspace       used 15836K, committed 16128K, reserved 1064960K
  class space    used 2278K, committed 2432K, reserved 1048576K
}
Event: 16.651 GC heap after
{Heap after GC invocations=8 (full 0):
 garbage-first heap   total 280576K, used 150677K [0x0000000701c00000, 0x0000000800000000)
  region size 2048K, 3 young (6144K), 3 survivors (6144K)
 Metaspace       used 15836K, committed 16128K, reserved 1064960K
  class space    used 2278K, committed 2432K, reserved 1048576K
}
Event: 16.689 GC heap before
{Heap before GC invocations=9 (full 0):
 garbage-first heap   total 280576K, used 160917K [0x0000000701c00000, 0x0000000800000000)
  region size 2048K, 4 young (8192K), 3 survivors (6144K)
 Metaspace       used 15855K, committed 16128K, reserved 1064960K
  class space    used 2278K, committed 2432K, reserved 1048576K
}
Event: 16.692 GC heap after
{Heap after GC invocations=10 (full 0):
 garbage-first heap   total 280576K, used 161041K [0x0000000701c00000, 0x0000000800000000)
  region size 2048K, 2 young (4096K), 2 survivors (4096K)
 Metaspace       used 15855K, committed 16128K, reserved 1064960K
  class space    used 2278K, committed 2432K, reserved 1048576K
}
Event: 16.832 GC heap before
{Heap before GC invocations=11 (full 0):
 garbage-first heap   total 321536K, used 189713K [0x0000000701c00000, 0x0000000800000000)
  region size 2048K, 3 young (6144K), 2 survivors (4096K)
 Metaspace       used 15862K, committed 16128K, reserved 1064960K
  class space    used 2278K, committed 2432K, reserved 1048576K
}
Event: 16.834 GC heap after
{Heap after GC invocations=12 (full 0):
 garbage-first heap   total 321536K, used 190438K [0x0000000701c00000, 0x0000000800000000)
  region size 2048K, 2 young (4096K), 2 survivors (4096K)
 Metaspace       used 15862K, committed 16128K, reserved 1064960K
  class space    used 2278K, committed 2432K, reserved 1048576K
}
Event: 16.968 GC heap before
{Heap before GC invocations=13 (full 0):
 garbage-first heap   total 368640K, used 219110K [0x0000000701c00000, 0x0000000800000000)
  region size 2048K, 3 young (6144K), 2 survivors (4096K)
 Metaspace       used 15867K, committed 16128K, reserved 1064960K
  class space    used 2278K, committed 2432K, reserved 1048576K
}

Deoptimization events (20 events):
Event: 7.216 Thread 0x000001830042b6f0 DEOPT PACKING pc=0x000001836aee5820 sp=0x0000005b4ebfc1e0
Event: 7.216 Thread 0x000001830042b6f0 DEOPT UNPACKING pc=0x00000183633b23a3 sp=0x0000005b4ebfc118 mode 2
Event: 7.217 Thread 0x000001830042b6f0 Uncommon trap: trap_request=0xffffffc6 fr.pc=0x000001836aee5820 relative=0x00000000000012a0
Event: 7.217 Thread 0x000001830042b6f0 Uncommon trap: reason=bimorphic_or_optimized_type_check action=maybe_recompile pc=0x000001836aee5820 method=java.util.HashMap.putVal(ILjava/lang/Object;Ljava/lang/Object;ZZ)Ljava/lang/Object; @ 91 c2
Event: 7.217 Thread 0x000001830042b6f0 DEOPT PACKING pc=0x000001836aee5820 sp=0x0000005b4ebfc1e0
Event: 7.217 Thread 0x000001830042b6f0 DEOPT UNPACKING pc=0x00000183633b23a3 sp=0x0000005b4ebfc118 mode 2
Event: 7.223 Thread 0x000001830042b6f0 Uncommon trap: trap_request=0xffffff45 fr.pc=0x000001836af0425c relative=0x000000000000005c
Event: 7.223 Thread 0x000001830042b6f0 Uncommon trap: reason=unstable_if action=reinterpret pc=0x000001836af0425c method=javafx.scene.Node.updateLocalToParentTransform()V @ 4 c2
Event: 7.223 Thread 0x000001830042b6f0 DEOPT PACKING pc=0x000001836af0425c sp=0x0000005b4ebfdc30
Event: 7.223 Thread 0x000001830042b6f0 DEOPT UNPACKING pc=0x00000183633b23a3 sp=0x0000005b4ebfdb80 mode 2
Event: 7.686 Thread 0x000001830042b6f0 Uncommon trap: trap_request=0xffffff45 fr.pc=0x000001836af0b684 relative=0x0000000000000284
Event: 7.686 Thread 0x000001830042b6f0 Uncommon trap: reason=unstable_if action=reinterpret pc=0x000001836af0b684 method=javafx.scene.Node.pickNode(Lcom/sun/javafx/geom/PickRay;Lcom/sun/javafx/scene/input/PickResultChooser;)V @ 18 c2
Event: 7.686 Thread 0x000001830042b6f0 DEOPT PACKING pc=0x000001836af0b684 sp=0x0000005b4ebfda90
Event: 7.686 Thread 0x000001830042b6f0 DEOPT UNPACKING pc=0x00000183633b23a3 sp=0x0000005b4ebfd9f0 mode 2
Event: 16.639 Thread 0x000001830042b6f0 DEOPT PACKING pc=0x0000018363b78256 sp=0x0000005b4ebfbc60
Event: 16.639 Thread 0x000001830042b6f0 DEOPT UNPACKING pc=0x00000183633b2b43 sp=0x0000005b4ebfb100 mode 0
Event: 16.827 Thread 0x000001830042b6f0 Uncommon trap: trap_request=0xffffffc6 fr.pc=0x000001836aee0384 relative=0x0000000000001224
Event: 16.827 Thread 0x000001830042b6f0 Uncommon trap: reason=bimorphic_or_optimized_type_check action=maybe_recompile pc=0x000001836aee0384 method=java.util.HashMap.putVal(ILjava/lang/Object;Ljava/lang/Object;ZZ)Ljava/lang/Object; @ 91 c2
Event: 16.827 Thread 0x000001830042b6f0 DEOPT PACKING pc=0x000001836aee0384 sp=0x0000005b4ebfc2f0
Event: 16.827 Thread 0x000001830042b6f0 DEOPT UNPACKING pc=0x00000183633b23a3 sp=0x0000005b4ebfc290 mode 2

Classes unloaded (0 events):
No events

Classes redefined (0 events):
No events

Internal exceptions (20 events):
Event: 4.082 Thread 0x000001830042b6f0 Exception <a 'java/lang/ClassNotFoundException'{0x000000070fe257a0}: com/sun/javafx/scene/control/skin/resources/controls> (0x000000070fe257a0) 
thrown [s\src\hotspot\share\prims\jni.cpp, line 535]
Event: 4.084 Thread 0x000001830042b6f0 Exception <a 'java/lang/ClassNotFoundException'{0x000000070fe332a0}: com/sun/javafx/scene/control/skin/resources/controls_es> (0x000000070fe332a0) 
thrown [s\src\hotspot\share\prims\jni.cpp, line 535]
Event: 4.087 Thread 0x000001830042b6f0 Exception <a 'java/lang/ClassNotFoundException'{0x000000070fe40a60}: com/sun/javafx/scene/control/skin/resources/controls_es_MX> (0x000000070fe40a60) 
thrown [s\src\hotspot\share\prims\jni.cpp, line 535]
Event: 4.148 Thread 0x000001830042b6f0 Exception <a 'java/lang/NoSuchMethodError'{0x000000070fffe150}: 'void java.lang.invoke.DirectMethodHandle$Holder.invokeSpecial(java.lang.Object, java.lang.Object, java.lang.Object, java.lang.Object, java.lang.Object, java.lang.Object)'> (0x000000070fffe150) 
thrown [s\src\hotspot\share\interpreter\linkResolver.cpp, line 759]
Event: 4.214 Thread 0x000001830042b6f0 Exception <a 'java/lang/NoSuchMethodError'{0x000000070fafa088}: 'java.lang.Object java.lang.invoke.DirectMethodHandle$Holder.invokeInterface(java.lang.Object, java.lang.Object, java.lang.Object)'> (0x000000070fafa088) 
thrown [s\src\hotspot\share\interpreter\linkResolver.cpp, line 759]
Event: 4.214 Thread 0x000001830042b6f0 Exception <a 'java/lang/IncompatibleClassChangeError'{0x000000070fafda10}: Found class java.lang.Object, but interface was expected> (0x000000070fafda10) 
thrown [s\src\hotspot\share\interpreter\linkResolver.cpp, line 826]
Event: 4.269 Thread 0x000001830042b6f0 Exception <a 'sun/nio/fs/WindowsException'{0x000000070f8492b0}> (0x000000070f8492b0) 
thrown [s\src\hotspot\share\prims\jni.cpp, line 516]
Event: 4.322 Thread 0x000001830042b6f0 Exception <a 'java/io/FileNotFoundException'{0x000000070f8d8d30}> (0x000000070f8d8d30) 
thrown [s\src\hotspot\share\prims\jni.cpp, line 516]
Event: 4.328 Thread 0x000001830042b6f0 Exception <a 'java/io/FileNotFoundException'{0x000000070f8f24e8}> (0x000000070f8f24e8) 
thrown [s\src\hotspot\share\prims\jni.cpp, line 516]
Event: 4.385 Thread 0x000001830042b6f0 Exception <a 'java/lang/NoSuchMethodError'{0x000000070f9cb978}: 'java.lang.Object java.lang.invoke.DirectMethodHandle$Holder.newInvokeSpecial(java.lang.Object, java.lang.Object, int)'> (0x000000070f9cb978) 
thrown [s\src\hotspot\share\interpreter\linkResolver.cpp, line 759]
Event: 4.563 Thread 0x000001837f5bc560 Exception <a 'java/lang/NoSuchMethodError'{0x000000070f73faf8}: 'int java.lang.invoke.DirectMethodHandle$Holder.invokeStaticInit(java.lang.Object, java.lang.Object)'> (0x000000070f73faf8) 
thrown [s\src\hotspot\share\interpreter\linkResolver.cpp, line 759]
Event: 4.570 Thread 0x000001830042b6f0 Exception <a 'java/lang/NoSuchMethodError'{0x000000070f66c6c0}: 'long java.lang.invoke.DirectMethodHandle$Holder.invokeStatic(java.lang.Object, java.lang.Object, java.lang.Object)'> (0x000000070f66c6c0) 
thrown [s\src\hotspot\share\interpreter\linkResolver.cpp, line 759]
Event: 4.571 Thread 0x000001830042b6f0 Exception <a 'java/lang/NoSuchMethodError'{0x000000070f78b218}: 'long java.lang.invoke.DirectMethodHandle$Holder.invokeStaticInit(java.lang.Object, java.lang.Object, java.lang.Object)'> (0x000000070f78b218) 
thrown [s\src\hotspot\share\interpreter\linkResolver.cpp, line 759]
Event: 4.574 Thread 0x000001830042b6f0 Exception <a 'java/lang/NoSuchMethodError'{0x000000070f7a2e20}: 'java.lang.Object java.lang.invoke.DirectMethodHandle$Holder.newInvokeSpecial(java.lang.Object, java.lang.Object, long)'> (0x000000070f7a2e20) 
thrown [s\src\hotspot\share\interpreter\linkResolver.cpp, line 759]
Event: 4.575 Thread 0x000001830042b6f0 Exception <a 'java/lang/NoSuchMethodError'{0x000000070f7a6990}: 'java.lang.Object java.lang.invoke.Invokers$Holder.linkToTargetMethod(java.lang.Object, long, java.lang.Object)'> (0x000000070f7a6990) 
thrown [s\src\hotspot\share\interpreter\linkResolver.cpp, line 759]
Event: 6.099 Thread 0x000001830042b6f0 Exception <a 'java/lang/NoSuchMethodError'{0x000000071192d388}: 'java.lang.Object java.lang.invoke.DirectMethodHandle$Holder.newInvokeSpecial(java.lang.Object, java.lang.Object, int, int, int, int, int, java.lang.Object)'> (0x000000071192d388) 
thrown [s\src\hotspot\share\interpreter\linkResolver.cpp, line 759]
Event: 6.100 Thread 0x000001830042b6f0 Exception <a 'java/lang/NoSuchMethodError'{0x0000000711940368}: 'java.lang.Object java.lang.invoke.DirectMethodHandle$Holder.newInvokeSpecial(java.lang.Object, java.lang.Object, java.lang.Object, int, int, int, int, int)'> (0x0000000711940368) 
thrown [s\src\hotspot\share\interpreter\linkResolver.cpp, line 759]
Event: 6.100 Thread 0x000001830042b6f0 Exception <a 'java/lang/NoSuchMethodError'{0x0000000711947bc8}: 'java.lang.Object java.lang.invoke.Invokers$Holder.linkToTargetMethod(java.lang.Object, java.lang.Object, int, int, int, int, int, java.lang.Object)'> (0x0000000711947bc8) 
thrown [s\src\hotspot\share\interpreter\linkResolver.cpp, line 759]
Event: 6.599 Thread 0x000001830042b6f0 Exception <a 'java/lang/NoSuchMethodError'{0x00000007119faa30}: static Lcom/clases/usuario;.<clinit>()V> (0x00000007119faa30) 
thrown [s\src\hotspot\share\prims\jni.cpp, line 1107]
Event: 7.218 Thread 0x000001830042b6f0 Exception <a 'java/io/FileNotFoundException'{0x0000000712c26e68}> (0x0000000712c26e68) 
thrown [s\src\hotspot\share\prims\jni.cpp, line 516]

VM Operations (20 events):
Event: 16.122 Executing VM operation: Cleanup done
Event: 16.648 Executing VM operation: G1TryInitiateConcMark
Event: 16.651 Executing VM operation: G1TryInitiateConcMark done
Event: 16.656 Executing VM operation: G1Concurrent
Event: 16.657 Executing VM operation: G1Concurrent done
Event: 16.658 Executing VM operation: G1Concurrent
Event: 16.658 Executing VM operation: G1Concurrent done
Event: 16.688 Executing VM operation: G1TryInitiateConcMark
Event: 16.692 Executing VM operation: G1TryInitiateConcMark done
Event: 16.696 Executing VM operation: G1Concurrent
Event: 16.706 Executing VM operation: G1Concurrent done
Event: 16.710 Executing VM operation: G1Concurrent
Event: 16.710 Executing VM operation: G1Concurrent done
Event: 16.832 Executing VM operation: G1TryInitiateConcMark
Event: 16.834 Executing VM operation: G1TryInitiateConcMark done
Event: 16.842 Executing VM operation: G1Concurrent
Event: 16.849 Executing VM operation: G1Concurrent done
Event: 16.853 Executing VM operation: G1Concurrent
Event: 16.853 Executing VM operation: G1Concurrent done
Event: 16.968 Executing VM operation: G1TryInitiateConcMark

Events (20 events):
Event: 6.599 loading class java/io/ObjectStreamClass$3
Event: 6.599 loading class java/io/ObjectStreamClass$3 done
Event: 6.599 loading class java/io/ObjectStreamClass$4
Event: 6.599 loading class java/io/ObjectStreamClass$4 done
Event: 6.599 loading class java/io/ObjectStreamClass$5
Event: 6.599 loading class java/io/ObjectStreamClass$5 done
Event: 6.599 loading class sun/security/provider/SHA
Event: 6.599 loading class sun/security/provider/SHA done
Event: 6.600 loading class sun/security/provider/ByteArrayAccess$BE
Event: 6.600 loading class sun/security/provider/ByteArrayAccess$BE done
Event: 6.600 loading class java/io/ObjectStreamClass$ClassDataSlot
Event: 6.600 loading class java/io/ObjectStreamClass$ClassDataSlot done
Event: 6.600 loading class java/io/ObjectInputStream$FieldValues
Event: 6.600 loading class java/io/ObjectInputStream$GetField
Event: 6.600 loading class java/io/ObjectInputStream$GetField done
Event: 6.600 loading class java/io/ObjectInputStream$FieldValues done
Event: 7.028 loading class java/lang/Byte$ByteCache
Event: 7.029 loading class java/lang/Byte$ByteCache done
Event: 7.029 loading class java/lang/Short$ShortCache
Event: 7.029 loading class java/lang/Short$ShortCache done


Dynamic libraries:
0x00007ff6d1620000 - 0x00007ff6d162e000 	C:\Program Files\Eclipse Adoptium\jdk-17.0.4.8-hotspot\bin\java.exe
0x00007ffce7ad0000 - 0x00007ffce7ce4000 	C:\WINDOWS\SYSTEM32\ntdll.dll
0x00007ffce6fb0000 - 0x00007ffce7072000 	C:\WINDOWS\System32\KERNEL32.DLL
0x00007ffce53d0000 - 0x00007ffce576d000 	C:\WINDOWS\System32\KERNELBASE.dll
0x00007ffce52b0000 - 0x00007ffce53c1000 	C:\WINDOWS\System32\ucrtbase.dll
0x00007ffcb2f50000 - 0x00007ffcb2f68000 	C:\Program Files\Eclipse Adoptium\jdk-17.0.4.8-hotspot\bin\jli.dll
0x00007ffce5b60000 - 0x00007ffce5d0d000 	C:\WINDOWS\System32\USER32.dll
0x00007ffce5210000 - 0x00007ffce5236000 	C:\WINDOWS\System32\win32u.dll
0x00007ffce6610000 - 0x00007ffce6639000 	C:\WINDOWS\System32\GDI32.dll
0x00007ffce4f80000 - 0x00007ffce5092000 	C:\WINDOWS\System32\gdi32full.dll
0x00007ffce5830000 - 0x00007ffce58ca000 	C:\WINDOWS\System32\msvcp_win.dll
0x00007ffcaf9c0000 - 0x00007ffcaf9d9000 	C:\Program Files\Eclipse Adoptium\jdk-17.0.4.8-hotspot\bin\VCRUNTIME140.dll
0x00007ffcc7fd0000 - 0x00007ffcc825e000 	C:\WINDOWS\WinSxS\amd64_microsoft.windows.common-controls_6595b64144ccf1df_6.0.22621.436_none_a94247dbc10d8414\COMCTL32.dll
0x00007ffce6a20000 - 0x00007ffce6ac7000 	C:\WINDOWS\System32\msvcrt.dll
0x00007ffce6780000 - 0x00007ffce67b2000 	C:\WINDOWS\System32\IMM32.DLL
0x00007ffcc3c00000 - 0x00007ffcc3c0c000 	C:\Program Files\Eclipse Adoptium\jdk-17.0.4.8-hotspot\bin\vcruntime140_1.dll
0x00007ffcae0f0000 - 0x00007ffcae181000 	C:\Program Files\Eclipse Adoptium\jdk-17.0.4.8-hotspot\bin\msvcp140.dll
0x00007ffc6b620000 - 0x00007ffc6c266000 	C:\Program Files\Eclipse Adoptium\jdk-17.0.4.8-hotspot\bin\server\jvm.dll
0x00007ffce6970000 - 0x00007ffce6a1e000 	C:\WINDOWS\System32\ADVAPI32.dll
0x00007ffce68c0000 - 0x00007ffce6964000 	C:\WINDOWS\System32\sechost.dll
0x00007ffce5d10000 - 0x00007ffce5e25000 	C:\WINDOWS\System32\RPCRT4.dll
0x00007ffce6af0000 - 0x00007ffce6af8000 	C:\WINDOWS\System32\PSAPI.DLL
0x00007ffcc6da0000 - 0x00007ffcc6da9000 	C:\WINDOWS\SYSTEM32\WSOCK32.dll
0x00007ffce6640000 - 0x00007ffce66b1000 	C:\WINDOWS\System32\WS2_32.dll
0x00007ffcdc620000 - 0x00007ffcdc654000 	C:\WINDOWS\SYSTEM32\WINMM.dll
0x00007ffcdb5b0000 - 0x00007ffcdb5ba000 	C:\WINDOWS\SYSTEM32\VERSION.dll
0x00007ffce3fe0000 - 0x00007ffce3ff8000 	C:\WINDOWS\SYSTEM32\kernel.appcore.dll
0x00007ffcc3750000 - 0x00007ffcc375a000 	C:\Program Files\Eclipse Adoptium\jdk-17.0.4.8-hotspot\bin\jimage.dll
0x00007ffce2250000 - 0x00007ffce247e000 	C:\WINDOWS\SYSTEM32\DBGHELP.DLL
0x00007ffce7080000 - 0x00007ffce740a000 	C:\WINDOWS\System32\combase.dll
0x00007ffce78f0000 - 0x00007ffce79c7000 	C:\WINDOWS\System32\OLEAUT32.dll
0x00007ffcbc9f0000 - 0x00007ffcbca22000 	C:\WINDOWS\SYSTEM32\dbgcore.DLL
0x00007ffce4f00000 - 0x00007ffce4f7b000 	C:\WINDOWS\System32\bcryptPrimitives.dll
0x00007ffcaf990000 - 0x00007ffcaf9b5000 	C:\Program Files\Eclipse Adoptium\jdk-17.0.4.8-hotspot\bin\java.dll
0x00007ffc78df0000 - 0x00007ffc78ec6000 	C:\Program Files\Eclipse Adoptium\jdk-17.0.4.8-hotspot\bin\jsvml.dll
0x00007ffce5e30000 - 0x00007ffce6610000 	C:\WINDOWS\System32\SHELL32.dll
0x00007ffce2f40000 - 0x00007ffce3808000 	C:\WINDOWS\SYSTEM32\windows.storage.dll
0x00007ffce2e00000 - 0x00007ffce2f3e000 	C:\WINDOWS\SYSTEM32\wintypes.dll
0x00007ffce6c80000 - 0x00007ffce6d71000 	C:\WINDOWS\System32\SHCORE.dll
0x00007ffce6c20000 - 0x00007ffce6c7e000 	C:\WINDOWS\System32\shlwapi.dll
0x00007ffce4e30000 - 0x00007ffce4e51000 	C:\WINDOWS\SYSTEM32\profapi.dll
0x00007ffcaf970000 - 0x00007ffcaf989000 	C:\Program Files\Eclipse Adoptium\jdk-17.0.4.8-hotspot\bin\net.dll
0x00007ffcdc910000 - 0x00007ffcdca3f000 	C:\WINDOWS\SYSTEM32\WINHTTP.dll
0x00007ffce44c0000 - 0x00007ffce4529000 	C:\WINDOWS\system32\mswsock.dll
0x00007ffcaf950000 - 0x00007ffcaf965000 	C:\Program Files\Eclipse Adoptium\jdk-17.0.4.8-hotspot\bin\nio.dll
0x00007ffcae8d0000 - 0x00007ffcae8e8000 	C:\Program Files\Eclipse Adoptium\jdk-17.0.4.8-hotspot\bin\zip.dll
0x0000018359880000 - 0x0000018359883000 	C:\Users\Santiago Leal\.openjfx\cache\13\api-ms-win-core-console-l1-1-0.dll
0x0000018359890000 - 0x0000018359893000 	C:\Users\Santiago Leal\.openjfx\cache\13\api-ms-win-core-datetime-l1-1-0.dll
0x000001835b810000 - 0x000001835b813000 	C:\Users\Santiago Leal\.openjfx\cache\13\api-ms-win-core-debug-l1-1-0.dll
0x000001835b820000 - 0x000001835b823000 	C:\Users\Santiago Leal\.openjfx\cache\13\api-ms-win-core-errorhandling-l1-1-0.dll
0x000001835b830000 - 0x000001835b834000 	C:\Users\Santiago Leal\.openjfx\cache\13\api-ms-win-core-file-l1-1-0.dll
0x000001835b840000 - 0x000001835b843000 	C:\Users\Santiago Leal\.openjfx\cache\13\api-ms-win-core-file-l1-2-0.dll
0x000001837e970000 - 0x000001837e973000 	C:\Users\Santiago Leal\.openjfx\cache\13\api-ms-win-core-file-l2-1-0.dll
0x000001837e980000 - 0x000001837e983000 	C:\Users\Santiago Leal\.openjfx\cache\13\api-ms-win-core-handle-l1-1-0.dll
0x000001837e990000 - 0x000001837e993000 	C:\Users\Santiago Leal\.openjfx\cache\13\api-ms-win-core-heap-l1-1-0.dll
0x000001837e9a0000 - 0x000001837e9a3000 	C:\Users\Santiago Leal\.openjfx\cache\13\api-ms-win-core-interlocked-l1-1-0.dll
0x000001837e9b0000 - 0x000001837e9b3000 	C:\Users\Santiago Leal\.openjfx\cache\13\api-ms-win-core-libraryloader-l1-1-0.dll
0x000001837e9c0000 - 0x000001837e9c3000 	C:\Users\Santiago Leal\.openjfx\cache\13\api-ms-win-core-localization-l1-2-0.dll
0x000001837e9d0000 - 0x000001837e9d3000 	C:\Users\Santiago Leal\.openjfx\cache\13\api-ms-win-core-memory-l1-1-0.dll
0x000001837e9e0000 - 0x000001837e9e3000 	C:\Users\Santiago Leal\.openjfx\cache\13\api-ms-win-core-namedpipe-l1-1-0.dll
0x000001837e9f0000 - 0x000001837e9f3000 	C:\Users\Santiago Leal\.openjfx\cache\13\api-ms-win-core-processenvironment-l1-1-0.dll
0x000001837ea00000 - 0x000001837ea03000 	C:\Users\Santiago Leal\.openjfx\cache\13\api-ms-win-core-processthreads-l1-1-0.dll
0x000001837ea10000 - 0x000001837ea13000 	C:\Users\Santiago Leal\.openjfx\cache\13\api-ms-win-core-processthreads-l1-1-1.dll
0x000001837ea20000 - 0x000001837ea23000 	C:\Users\Santiago Leal\.openjfx\cache\13\api-ms-win-core-profile-l1-1-0.dll
0x000001837ea30000 - 0x000001837ea33000 	C:\Users\Santiago Leal\.openjfx\cache\13\api-ms-win-core-rtlsupport-l1-1-0.dll
0x000001837ea40000 - 0x000001837ea43000 	C:\Users\Santiago Leal\.openjfx\cache\13\api-ms-win-core-string-l1-1-0.dll
0x000001837ea50000 - 0x000001837ea53000 	C:\Users\Santiago Leal\.openjfx\cache\13\api-ms-win-core-synch-l1-1-0.dll
0x000001837ea60000 - 0x000001837ea63000 	C:\Users\Santiago Leal\.openjfx\cache\13\api-ms-win-core-synch-l1-2-0.dll
0x000001837ea70000 - 0x000001837ea73000 	C:\Users\Santiago Leal\.openjfx\cache\13\api-ms-win-core-sysinfo-l1-1-0.dll
0x000001837ea80000 - 0x000001837ea83000 	C:\Users\Santiago Leal\.openjfx\cache\13\api-ms-win-core-timezone-l1-1-0.dll
0x000001837ea90000 - 0x000001837ea93000 	C:\Users\Santiago Leal\.openjfx\cache\13\api-ms-win-core-util-l1-1-0.dll
0x000001837eaa0000 - 0x000001837eaa3000 	C:\Users\Santiago Leal\.openjfx\cache\13\api-ms-win-crt-conio-l1-1-0.dll
0x000001837eab0000 - 0x000001837eab4000 	C:\Users\Santiago Leal\.openjfx\cache\13\api-ms-win-crt-convert-l1-1-0.dll
0x000001837eac0000 - 0x000001837eac3000 	C:\Users\Santiago Leal\.openjfx\cache\13\api-ms-win-crt-environment-l1-1-0.dll
0x000001837ead0000 - 0x000001837ead3000 	C:\Users\Santiago Leal\.openjfx\cache\13\api-ms-win-crt-filesystem-l1-1-0.dll
0x000001837eae0000 - 0x000001837eae3000 	C:\Users\Santiago Leal\.openjfx\cache\13\api-ms-win-crt-heap-l1-1-0.dll
0x000001837eaf0000 - 0x000001837eaf3000 	C:\Users\Santiago Leal\.openjfx\cache\13\api-ms-win-crt-locale-l1-1-0.dll
0x000001837eb00000 - 0x000001837eb05000 	C:\Users\Santiago Leal\.openjfx\cache\13\api-ms-win-crt-math-l1-1-0.dll
0x000001837eb10000 - 0x000001837eb15000 	C:\Users\Santiago Leal\.openjfx\cache\13\api-ms-win-crt-multibyte-l1-1-0.dll
0x000001837eb20000 - 0x000001837eb30000 	C:\Users\Santiago Leal\.openjfx\cache\13\api-ms-win-crt-private-l1-1-0.dll
0x000001837eb30000 - 0x000001837eb33000 	C:\Users\Santiago Leal\.openjfx\cache\13\api-ms-win-crt-process-l1-1-0.dll
0x000001837eb40000 - 0x000001837eb44000 	C:\Users\Santiago Leal\.openjfx\cache\13\api-ms-win-crt-runtime-l1-1-0.dll
0x000001837eb50000 - 0x000001837eb54000 	C:\Users\Santiago Leal\.openjfx\cache\13\api-ms-win-crt-stdio-l1-1-0.dll
0x000001837eb60000 - 0x000001837eb64000 	C:\Users\Santiago Leal\.openjfx\cache\13\api-ms-win-crt-string-l1-1-0.dll
0x000001837eb70000 - 0x000001837eb73000 	C:\Users\Santiago Leal\.openjfx\cache\13\api-ms-win-crt-time-l1-1-0.dll
0x000001837eb80000 - 0x000001837eb83000 	C:\Users\Santiago Leal\.openjfx\cache\13\api-ms-win-crt-utility-l1-1-0.dll
0x00007ffc793e0000 - 0x00007ffc794dc000 	C:\Users\Santiago Leal\.openjfx\cache\13\ucrtbase.dll
0x00007ffcae960000 - 0x00007ffcae975000 	C:\Users\Santiago Leal\.openjfx\cache\13\vcruntime140.dll
0x00007ffc89b40000 - 0x00007ffc89bdb000 	C:\Users\Santiago Leal\.openjfx\cache\13\msvcp140.dll
0x00007ffc99090000 - 0x00007ffc990e1000 	C:\Users\Santiago Leal\.openjfx\cache\13\concrt140.dll
0x00007ffc98d00000 - 0x00007ffc98d23000 	C:\Users\Santiago Leal\.openjfx\cache\13\prism_d3d.dll
0x00007ffcc7e20000 - 0x00007ffcc7fc9000 	C:\WINDOWS\system32\d3d9.dll
0x00007ffce2980000 - 0x00007ffce29ab000 	C:\WINDOWS\SYSTEM32\dwmapi.dll
0x00007ffce24b0000 - 0x00007ffce24e6000 	C:\WINDOWS\SYSTEM32\dxcore.dll
0x00007ffce20f0000 - 0x00007ffce219b000 	C:\WINDOWS\system32\uxtheme.dll
0x00007ffcdb5c0000 - 0x00007ffcdb6d7000 	C:\WINDOWS\System32\DriverStore\FileRepository\nvhmig.inf_amd64_ce71cac5771f377d\nvldumdx.dll
0x00007ffce4b90000 - 0x00007ffce4ba2000 	C:\WINDOWS\SYSTEM32\msasn1.dll
0x00007ffcdb460000 - 0x00007ffcdb492000 	C:\WINDOWS\SYSTEM32\cryptnet.dll
0x00007ffce50a0000 - 0x00007ffce5206000 	C:\WINDOWS\System32\CRYPT32.dll
0x00007ffcdb1b0000 - 0x00007ffcdb308000 	C:\WINDOWS\SYSTEM32\drvstore.dll
0x00007ffce4c00000 - 0x00007ffce4c33000 	C:\WINDOWS\SYSTEM32\devobj.dll
0x00007ffce4bb0000 - 0x00007ffce4bfe000 	C:\WINDOWS\SYSTEM32\cfgmgr32.dll
0x00007ffce47b0000 - 0x00007ffce47f9000 	C:\WINDOWS\SYSTEM32\wldp.dll
0x00007ffce4720000 - 0x00007ffce472c000 	C:\WINDOWS\SYSTEM32\cryptbase.dll
0x00007ffce5240000 - 0x00007ffce52ab000 	C:\WINDOWS\System32\WINTRUST.DLL
0x00007ffce79d0000 - 0x00007ffce79ef000 	C:\WINDOWS\System32\imagehlp.dll
0x00007ffce4700000 - 0x00007ffce471b000 	C:\WINDOWS\SYSTEM32\CRYPTSP.dll
0x00007ffce3ee0000 - 0x00007ffce3f15000 	C:\WINDOWS\system32\rsaenh.dll
0x00007ffce48a0000 - 0x00007ffce48c8000 	C:\WINDOWS\SYSTEM32\bcrypt.dll
0x00007ffc5eaa0000 - 0x00007ffc602aa000 	C:\WINDOWS\System32\DriverStore\FileRepository\nvhmig.inf_amd64_ce71cac5771f377d\nvd3dumx.dll
0x00007ffcdfc70000 - 0x00007ffcdfcb8000 	C:\WINDOWS\SYSTEM32\directxdatabasehelper.dll
0x00007ffc885b0000 - 0x00007ffc8875c000 	C:\WINDOWS\System32\DriverStore\FileRepository\61_hp_coffeelake_hws_iigd_dch.inf_amd64_8689aabe3f30acb1\igdumdim64.dll
0x00007ffce58d0000 - 0x00007ffce5a6c000 	C:\WINDOWS\System32\ole32.dll
0x00007ffc4a240000 - 0x00007ffc4ea9b000 	C:\WINDOWS\System32\DriverStore\FileRepository\61_hp_coffeelake_hws_iigd_dch.inf_amd64_8689aabe3f30acb1\igd9dxva64.dll
0x00007ffce7470000 - 0x00007ffce78ea000 	C:\WINDOWS\System32\SETUPAPI.dll
0x00007ffccf3d0000 - 0x00007ffccf7da000 	C:\WINDOWS\System32\DriverStore\FileRepository\61_hp_coffeelake_hws_iigd_dch.inf_amd64_8689aabe3f30acb1\igdgmm64.dll
0x00007ffc98cb0000 - 0x00007ffc98cf5000 	C:\Users\Santiago Leal\.openjfx\cache\13\glass.dll
0x00007ffce67c0000 - 0x00007ffce68b7000 	C:\WINDOWS\System32\COMDLG32.dll
0x00007ffce6b00000 - 0x00007ffce6c1e000 	C:\WINDOWS\System32\MSCTF.dll
0x00007ffc76af0000 - 0x00007ffc76dbe000 	C:\WINDOWS\system32\nvspcap64.dll
0x00007ffce4000000 - 0x00007ffce4034000 	C:\WINDOWS\SYSTEM32\ntmarta.dll
0x00007ffce4550000 - 0x00007ffce4576000 	C:\WINDOWS\SYSTEM32\gpapi.dll
0x00007ffcae8f0000 - 0x00007ffcae904000 	C:\Users\Santiago Leal\.openjfx\cache\13\javafx_font.dll
0x00007ffce0b10000 - 0x00007ffce0d77000 	C:\WINDOWS\SYSTEM32\dwrite.dll
0x00007ffce66c0000 - 0x00007ffce6777000 	C:\WINDOWS\System32\clbcatq.dll
0x00007ffce0960000 - 0x00007ffce0b10000 	C:\WINDOWS\SYSTEM32\WindowsCodecs.dll
0x00007ffca4640000 - 0x00007ffca469e000 	C:\WINDOWS\system32\dataexchange.dll
0x00007ffcddf50000 - 0x00007ffcde1ba000 	C:\WINDOWS\system32\twinapi.appcore.dll

dbghelp: loaded successfully - version: 4.0.5 - missing functions: none
symbol engine: initialized successfully - sym options: 0x614 - pdb path: .;C:\Program Files\Eclipse Adoptium\jdk-17.0.4.8-hotspot\bin;C:\WINDOWS\SYSTEM32;C:\WINDOWS\WinSxS\amd64_microsoft.windows.common-controls_6595b64144ccf1df_6.0.22621.436_none_a94247dbc10d8414;C:\Program Files\Eclipse Adoptium\jdk-17.0.4.8-hotspot\bin\server;C:\Users\Santiago Leal\.openjfx\cache\13;C:\WINDOWS\System32\DriverStore\FileRepository\nvhmig.inf_amd64_ce71cac5771f377d;C:\WINDOWS\System32\DriverStore\FileRepository\61_hp_coffeelake_hws_iigd_dch.inf_amd64_8689aabe3f30acb1;C:\Program Files\Common Files\Microsoft Shared\Ink

VM Arguments:
jvm_args: -XX:+ShowCodeDetailsInExceptionMessages --module-path=C:\Users\Santiago Leal\Desktop\INGESOF PROYECTO\demo\target\classes;C:\Users\Santiago Leal\.m2\repository\org\openjfx\javafx-controls\13\javafx-controls-13-win.jar;C:\Users\Santiago Leal\.m2\repository\org\openjfx\javafx-graphics\13\javafx-graphics-13-win.jar;C:\Users\Santiago Leal\.m2\repository\org\openjfx\javafx-base\13\javafx-base-13-win.jar;C:\Users\Santiago Leal\.m2\repository\org\openjfx\javafx-fxml\13\javafx-fxml-13-win.jar;C:\Users\Santiago Leal\.m2\repository\org\projectlombok\lombok\1.18.24\lombok-1.18.24.jar -Djdk.module.main=com.example 
java_command: com.example/com.example.App
java_class_path (initial): C:\Users\Santiago Leal\.m2\repository\org\openjfx\javafx-controls\13\javafx-controls-13.jar;C:\Users\Santiago Leal\.m2\repository\org\openjfx\javafx-graphics\13\javafx-graphics-13.jar;C:\Users\Santiago Leal\.m2\repository\org\openjfx\javafx-base\13\javafx-base-13.jar;C:\Users\Santiago Leal\.m2\repository\org\openjfx\javafx-fxml\13\javafx-fxml-13.jar
Launcher Type: SUN_STANDARD

[Global flags]
     intx CICompilerCount                          = 4                                         {product} {ergonomic}
     uint ConcGCThreads                            = 2                                         {product} {ergonomic}
     uint G1ConcRefinementThreads                  = 8                                         {product} {ergonomic}
   size_t G1HeapRegionSize                         = 2097152                                   {product} {ergonomic}
    uintx GCDrainStackTargetSize                   = 64                                        {product} {ergonomic}
   size_t InitialHeapSize                          = 268435456                                 {product} {ergonomic}
   size_t MarkStackSize                            = 4194304                                   {product} {ergonomic}
   size_t MaxHeapSize                              = 4265607168                                {product} {ergonomic}
   size_t MaxNewSize                               = 2558525440                                {product} {ergonomic}
   size_t MinHeapDeltaBytes                        = 2097152                                   {product} {ergonomic}
   size_t MinHeapSize                              = 8388608                                   {product} {ergonomic}
    uintx NonNMethodCodeHeapSize                   = 5839372                                {pd product} {ergonomic}
    uintx NonProfiledCodeHeapSize                  = 122909434                              {pd product} {ergonomic}
    uintx ProfiledCodeHeapSize                     = 122909434                              {pd product} {ergonomic}
    uintx ReservedCodeCacheSize                    = 251658240                              {pd product} {ergonomic}
     bool SegmentedCodeCache                       = true                                      {product} {ergonomic}
     bool ShowCodeDetailsInExceptionMessages       = true                                   {manageable} {command line}
   size_t SoftMaxHeapSize                          = 4265607168                             {manageable} {ergonomic}
     bool UseCompressedClassPointers               = true                           {product lp64_product} {ergonomic}
     bool UseCompressedOops                        = true                           {product lp64_product} {ergonomic}
     bool UseG1GC                                  = true                                      {product} {ergonomic}
     bool UseLargePagesIndividualAllocation        = false                                  {pd product} {ergonomic}

Logging:
Log output configuration:
 #0: stdout all=warning uptime,level,tags
 #1: stderr all=off uptime,level,tags

Environment Variables:
JAVA_HOME=C:\Program Files\Eclipse Adoptium\jdk-17.0.4.8-hotspot\
PATH=C:\Program Files\Eclipse Adoptium\jdk-17.0.4.8-hotspot\bin;C:\Python310\Scripts\;C:\Python310\;C:\Program Files (x86)\Common Files\Oracle\Java\javapath;C:\Program Files (x86)\VMware\VMware Workstation\bin\;C:\Windows\system32;C:\Windows;C:\Windows\System32\Wbem;C:\Windows\System32\WindowsPowerShell\v1.0\;C:\Windows\System32\OpenSSH\;C:\Program Files (x86)\NVIDIA Corporation\PhysX\Common;C:\Program Files\Azure Data Studio\bin;C:\WINDOWS\system32;C:\WINDOWS;C:\WINDOWS\System32\Wbem;C:\WINDOWS\System32\WindowsPowerShell\v1.0\;C:\WINDOWS\System32\OpenSSH\;C:\Program Files\Git\cmd;C:\Program Files (x86)\NoteBook FanControl\;C:\Program Files (x86)\dotnet\;E:\nodejs\;C:\ProgramData\chocolatey\bin;;C:\Program Files\NVIDIA Corporation\NVIDIA NvDLISR;C:\Users\Santiago Leal\AppData\Local\Microsoft\WindowsApps;C:\Users\Santiago Leal\AppData\Local\GitHubDesktop\bin;E:\sqlite-tools-win32-x86-3360000;C:\Program Files\Azure Data Studio\bin;E:\Microsoft VS Code\bin;C:\MinGW\bin;C:\Users\Santiago Leal\AppData\Roaming\npm;E:\PyCharm Community Edition 2021.3.3\bin;;C:\Users\Santiago Leal\.dotnet\tools
USERNAME=Santiago Leal
LANG=es_419.UTF-8
OS=Windows_NT
PROCESSOR_IDENTIFIER=Intel64 Family 6 Model 158 Stepping 10, GenuineIntel
TMP=C:\Users\Santiago Leal\AppData\Local\Temp
TEMP=C:\Users\Santiago Leal\AppData\Local\Temp



---------------  S Y S T E M  ---------------

OS:
 Windows 11 , 64 bit Build 22621 (10.0.22621.891)
OS uptime: 2 days 9:37 hours

CPU: total 8 (initial active 8) (4 cores per cpu, 2 threads per core) family 6 model 158 stepping 10 microcode 0xf0, cx8, cmov, fxsr, ht, mmx, 3dnowpref, sse, sse2, sse3, ssse3, sse4.1, sse4.2, popcnt, lzcnt, tsc, tscinvbit, avx, avx2, aes, erms, clmul, bmi1, bmi2, adx, fma, vzeroupper, clflush, clflushopt

Memory: 4k page, system-wide physical 16265M (5224M free)
TotalPageFile size 16265M (AvailPageFile size 195M)
current process WorkingSet (physical memory assigned to process): 419M, peak: 419M
current process commit charge ("private bytes"): 730M, peak: 954M

vm_info: OpenJDK 64-Bit Server VM (17.0.4+8) for windows-amd64 JRE (17.0.4+8), built on Jul 19 2022 16:05:16 by "temurin" with MS VC++ 16.7 (VS2019)

END.
