#
# There is insufficient memory for the Java Runtime Environment to continue.
# Native memory allocation (mmap) failed to map 228589568 bytes for G1 virtual space
# Possible reasons:
#   The system is out of physical RAM or swap space
#   The process is running with CompressedOops enabled, and the Java Heap may be blocking the growth of the native heap
# Possible solutions:
#   Reduce memory load on the system
#   Increase physical memory or swap space
#   Check if swap backing store is full
#   Decrease Java heap size (-Xmx/-Xms)
#   Decrease number of Java threads
#   Decrease Java thread stack sizes (-Xss)
#   Set larger code cache with -XX:ReservedCodeCacheSize=
#   JVM is running with Zero Based Compressed Oops mode in which the Java heap is
#     placed in the first 32GB address space. The Java Heap base address is the
#     maximum limit for the native heap growth. Please use -XX:HeapBaseMinAddress
#     to set the Java Heap base and to place the Java Heap above 32GB virtual address.
# This output file may be truncated or incomplete.
#
#  Out of Memory Error (os_windows.cpp:3541), pid=20804, tid=23944
#
# JRE version: OpenJDK Runtime Environment Temurin-17.0.4+8 (17.0.4+8) (build 17.0.4+8)
# Java VM: OpenJDK 64-Bit Server VM Temurin-17.0.4+8 (17.0.4+8, mixed mode, sharing, tiered, compressed oops, compressed class ptrs, g1 gc, windows-amd64)
# No core dump will be written. Minidumps are not enabled by default on client versions of Windows
#

---------------  S U M M A R Y ------------

Command Line: -XX:+ShowCodeDetailsInExceptionMessages --module-path=C:\Users\Santiago Leal\Desktop\INGESOF PROYECTO\demo\target\classes;C:\Users\Santiago Leal\.m2\repository\org\openjfx\javafx-controls\13\javafx-controls-13-win.jar;C:\Users\Santiago Leal\.m2\repository\org\openjfx\javafx-graphics\13\javafx-graphics-13-win.jar;C:\Users\Santiago Leal\.m2\repository\org\openjfx\javafx-base\13\javafx-base-13-win.jar;C:\Users\Santiago Leal\.m2\repository\org\openjfx\javafx-fxml\13\javafx-fxml-13-win.jar;C:\Users\Santiago Leal\.m2\repository\org\projectlombok\lombok\1.18.24\lombok-1.18.24.jar -Djdk.module.main=com.example com.example/com.example.App

Host: Intel(R) Core(TM) i5-8300H CPU @ 2.30GHz, 8 cores, 15G,  Windows 11 , 64 bit Build 22621 (10.0.22621.891)
Time: Sun Nov 27 10:56:43 2022 Hora est. Pacífico, Sudamérica elapsed time: 5.530407 seconds (0d 0h 0m 5s)

---------------  T H R E A D  ---------------

Current thread (0x000001ec496b1060):  VMThread "VM Thread" [stack: 0x000000105ea00000,0x000000105eb00000] [id=23944]

Stack: [0x000000105ea00000,0x000000105eb00000]
Native frames: (J=compiled Java code, j=interpreted, Vv=VM code, C=native code)
V  [jvm.dll+0x67733a]
V  [jvm.dll+0x8323c4]
V  [jvm.dll+0x833b6e]
V  [jvm.dll+0x8341d3]
V  [jvm.dll+0x2455e5]
V  [jvm.dll+0x674229]
V  [jvm.dll+0x668ab2]
V  [jvm.dll+0x30458b]
V  [jvm.dll+0x30bad6]
V  [jvm.dll+0x35ba7e]
V  [jvm.dll+0x35bcaf]
V  [jvm.dll+0x2db428]
V  [jvm.dll+0x2d96dc]
V  [jvm.dll+0x2d8cac]
V  [jvm.dll+0x31cf31]
V  [jvm.dll+0x83867b]
V  [jvm.dll+0x8393b4]
V  [jvm.dll+0x8398cc]
V  [jvm.dll+0x839ca4]
V  [jvm.dll+0x839d70]
V  [jvm.dll+0x7e245a]
V  [jvm.dll+0x6761c5]
C  [ucrtbase.dll+0x29363]
C  [KERNEL32.DLL+0x1244d]
C  [ntdll.dll+0x5dfb8]

VM_Operation (0x000000105fcfb720): G1TryInitiateConcMark, mode: safepoint, requested by thread 0x000001ec4a96db60


---------------  P R O C E S S  ---------------

Threads class SMR info:
_java_thread_list=0x000001ec51eba330, length=19, elements={
0x000001ec2671df00, 0x000001ec496b6a10, 0x000001ec496b84e0, 0x000001ec496cb7a0,
0x000001ec496d0080, 0x000001ec496d0940, 0x000001ec496d1200, 0x000001ec496d2610,
0x000001ec496d2fc0, 0x000001ec496d38c0, 0x000001ec4a21e700, 0x000001ec4a5021e0,
0x000001ec4a683df0, 0x000001ec4a95fce0, 0x000001ec4a96db60, 0x000001ec4aa0a420,
0x000001ec4ad2d9a0, 0x000001ec51ed7cd0, 0x000001ec51ed5b20
}

Java Threads: ( => current thread )
  0x000001ec2671df00 JavaThread "main" [_thread_blocked, id=29324, stack(0x000000105e400000,0x000000105e500000)]
  0x000001ec496b6a10 JavaThread "Reference Handler" daemon [_thread_blocked, id=27444, stack(0x000000105eb00000,0x000000105ec00000)]
  0x000001ec496b84e0 JavaThread "Finalizer" daemon [_thread_blocked, id=15628, stack(0x000000105ec00000,0x000000105ed00000)]
  0x000001ec496cb7a0 JavaThread "Signal Dispatcher" daemon [_thread_blocked, id=12732, stack(0x000000105ed00000,0x000000105ee00000)]
  0x000001ec496d0080 JavaThread "Attach Listener" daemon [_thread_blocked, id=13180, stack(0x000000105ee00000,0x000000105ef00000)]
  0x000001ec496d0940 JavaThread "Service Thread" daemon [_thread_blocked, id=25776, stack(0x000000105ef00000,0x000000105f000000)]
  0x000001ec496d1200 JavaThread "Monitor Deflation Thread" daemon [_thread_blocked, id=26444, stack(0x000000105f000000,0x000000105f100000)]
  0x000001ec496d2610 JavaThread "C2 CompilerThread0" daemon [_thread_blocked, id=26036, stack(0x000000105f100000,0x000000105f200000)]
  0x000001ec496d2fc0 JavaThread "C1 CompilerThread0" daemon [_thread_blocked, id=20996, stack(0x000000105f200000,0x000000105f300000)]
  0x000001ec496d38c0 JavaThread "Sweeper thread" daemon [_thread_blocked, id=26420, stack(0x000000105f300000,0x000000105f400000)]
  0x000001ec4a21e700 JavaThread "Common-Cleaner" daemon [_thread_blocked, id=12784, stack(0x000000105f400000,0x000000105f500000)]
  0x000001ec4a5021e0 JavaThread "Notification Thread" daemon [_thread_blocked, id=23392, stack(0x000000105f700000,0x000000105f800000)]
  0x000001ec4a683df0 JavaThread "QuantumRenderer-0" daemon [_thread_blocked, id=24712, stack(0x000000105f900000,0x000000105fa00000)]
  0x000001ec4a95fce0 JavaThread "InvokeLaterDispatcher" daemon [_thread_blocked, id=15856, stack(0x000000105fb00000,0x000000105fc00000)]
  0x000001ec4a96db60 JavaThread "JavaFX Application Thread" [_thread_blocked, id=14196, stack(0x000000105fc00000,0x000000105fd00000)]
  0x000001ec4aa0a420 JavaThread "JavaFX-Launcher" [_thread_blocked, id=12832, stack(0x000000105f600000,0x000000105f700000)]
  0x000001ec4ad2d9a0 JavaThread "Thread-2" daemon [_thread_blocked, id=27936, stack(0x000000105f500000,0x000000105f600000)]
  0x000001ec51ed7cd0 JavaThread "Prism Font Disposer" daemon [_thread_blocked, id=22624, stack(0x0000001060720000,0x0000001060820000)]
  0x000001ec51ed5b20 JavaThread "Cleaner-0" daemon [_thread_blocked, id=24168, stack(0x0000001060a20000,0x0000001060b20000)]

Other Threads:
=>0x000001ec496b1060 VMThread "VM Thread" [stack: 0x000000105ea00000,0x000000105eb00000] [id=23944]
  0x000001ec267b8230 WatcherThread [stack: 0x000000105f800000,0x000000105f900000] [id=11516]
  0x000001ec2678cc10 GCTaskThread "GC Thread#0" [stack: 0x000000105e500000,0x000000105e600000] [id=8756]
  0x000001ec5158a430 GCTaskThread "GC Thread#1" [stack: 0x000000105fe20000,0x000000105ff20000] [id=29616]
  0x000001ec5158a6e0 GCTaskThread "GC Thread#2" [stack: 0x000000105ff20000,0x0000001060020000] [id=27332]
  0x000001ec5158a990 GCTaskThread "GC Thread#3" [stack: 0x0000001060020000,0x0000001060120000] [id=20540]
  0x000001ec5158ac40 GCTaskThread "GC Thread#4" [stack: 0x0000001060120000,0x0000001060220000] [id=2948]
  0x000001ec5158b500 GCTaskThread "GC Thread#5" [stack: 0x0000001060220000,0x0000001060320000] [id=23044]
  0x000001ec4aafd8d0 GCTaskThread "GC Thread#6" [stack: 0x0000001060820000,0x0000001060920000] [id=23628]
  0x000001ec51a64bc0 GCTaskThread "GC Thread#7" [stack: 0x0000001060920000,0x0000001060a20000] [id=12544]
  0x000001ec2679d8b0 ConcurrentGCThread "G1 Main Marker" [stack: 0x000000105e600000,0x000000105e700000] [id=28832]
  0x000001ec2679fae0 ConcurrentGCThread "G1 Conc#0" [stack: 0x000000105e700000,0x000000105e800000] [id=19832]
  0x000001ec51a643b0 ConcurrentGCThread "G1 Conc#1" [stack: 0x0000001060320000,0x0000001060420000] [id=27988]
  0x000001ec267edeb0 ConcurrentGCThread "G1 Refine#0" [stack: 0x000000105e800000,0x000000105e900000] [id=11520]
  0x000001ec267ee7e0 ConcurrentGCThread "G1 Service" [stack: 0x000000105e900000,0x000000105ea00000] [id=25824]

Threads with active compile tasks:
C2 CompilerThread0     5563 2585       4       com.sun.javafx.fxml.BeanAdapter$MethodCache::getMethod (99 bytes)

VM state: at safepoint (normal execution)

VM Mutex/Monitor currently owned by a thread:  ([mutex/lock_event])
[0x000001ec2671a690] Threads_lock - owner thread: 0x000001ec496b1060
[0x000001ec2671b4a0] Heap_lock - owner thread: 0x000001ec4a96db60

Heap address: 0x0000000701c00000, size: 4068 MB, Compressed Oops mode: Zero based, Oop shift amount: 3

CDS archive(s) mapped at: [0x0000000800000000-0x0000000800bc0000-0x0000000800bc0000), size 12320768, SharedBaseAddress: 0x0000000800000000, ArchiveRelocationMode: 0.
Compressed class space mapped at: 0x0000000800c00000-0x0000000840c00000, reserved size: 1073741824
Narrow klass base: 0x0000000800000000, Narrow klass shift: 0, Narrow klass range: 0x100000000

GC Precious Log:
 CPUs: 8 total, 8 available
 Memory: 16265M
 Large Page Support: Disabled
 NUMA Support: Disabled
 Compressed Oops: Enabled (Zero based)
 Heap Region Size: 2M
 Heap Min Capacity: 8M
 Heap Initial Capacity: 256M
 Heap Max Capacity: 4068M
 Pre-touch: Disabled
 Parallel Workers: 8
 Concurrent Workers: 2
 Concurrent Refinement Workers: 8
 Periodic GC: Disabled

Heap:
 garbage-first heap   total 348160K, used 206762K [0x0000000701c00000, 0x0000000800000000)
  region size 2048K, 3 young (6144K), 3 survivors (6144K)
 Metaspace       used 15792K, committed 16064K, reserved 1064960K
  class space    used 2274K, committed 2432K, reserved 1048576K

Heap Regions: E=young(eden), S=young(survivor), O=old, HS=humongous(starts), HC=humongous(continues), CS=collection set, F=free, OA=open archive, CA=closed archive, TAMS=top-at-mark-start (previous, next)
|   0|0x0000000701c00000, 0x0000000701c00000, 0x0000000701e00000|  0%| F|  |TAMS 0x0000000701c00000, 0x0000000701c00000| Untracked 
|   1|0x0000000701e00000, 0x0000000701e00000, 0x0000000702000000|  0%| F|  |TAMS 0x0000000701e00000, 0x0000000701e00000| Untracked 
|   2|0x0000000702000000, 0x0000000702000000, 0x0000000702200000|  0%| F|  |TAMS 0x0000000702000000, 0x0000000702000000| Untracked 
|   3|0x0000000702200000, 0x0000000702200000, 0x0000000702400000|  0%| F|  |TAMS 0x0000000702200000, 0x0000000702200000| Untracked 
|   4|0x0000000702400000, 0x0000000702400000, 0x0000000702600000|  0%| F|  |TAMS 0x0000000702400000, 0x0000000702400000| Untracked 
|   5|0x0000000702600000, 0x0000000702600000, 0x0000000702800000|  0%| F|  |TAMS 0x0000000702600000, 0x0000000702600000| Untracked 
|   6|0x0000000702800000, 0x0000000702800000, 0x0000000702a00000|  0%| F|  |TAMS 0x0000000702800000, 0x0000000702800000| Untracked 
|   7|0x0000000702a00000, 0x0000000702a00000, 0x0000000702c00000|  0%| F|  |TAMS 0x0000000702a00000, 0x0000000702a00000| Untracked 
|   8|0x0000000702c00000, 0x0000000702e00000, 0x0000000702e00000|100%|HS|  |TAMS 0x0000000702e00000, 0x0000000702e00000| Complete 
|   9|0x0000000702e00000, 0x0000000703000000, 0x0000000703000000|100%|HC|  |TAMS 0x0000000703000000, 0x0000000703000000| Complete 
|  10|0x0000000703000000, 0x0000000703200000, 0x0000000703200000|100%|HC|  |TAMS 0x0000000703200000, 0x0000000703200000| Complete 
|  11|0x0000000703200000, 0x0000000703400000, 0x0000000703400000|100%|HC|  |TAMS 0x0000000703400000, 0x0000000703400000| Complete 
|  12|0x0000000703400000, 0x0000000703600000, 0x0000000703600000|100%|HC|  |TAMS 0x0000000703600000, 0x0000000703600000| Complete 
|  13|0x0000000703600000, 0x0000000703800000, 0x0000000703800000|100%|HS|  |TAMS 0x0000000703800000, 0x0000000703800000| Complete 
|  14|0x0000000703800000, 0x0000000703a00000, 0x0000000703a00000|100%|HS|  |TAMS 0x0000000703a00000, 0x0000000703a00000| Complete 
|  15|0x0000000703a00000, 0x0000000703c00000, 0x0000000703c00000|100%|HC|  |TAMS 0x0000000703c00000, 0x0000000703c00000| Complete 
|  16|0x0000000703c00000, 0x0000000703cb3a00, 0x0000000703e00000| 35%| O|  |TAMS 0x0000000703cb3a00, 0x0000000703cb3a00| Untracked 
|  17|0x0000000703e00000, 0x0000000703e00000, 0x0000000704000000|  0%| F|  |TAMS 0x0000000703e00000, 0x0000000703e00000| Untracked 
|  18|0x0000000704000000, 0x0000000704200000, 0x0000000704200000|100%| O|  |TAMS 0x0000000704200000, 0x0000000704200000| Untracked 
|  19|0x0000000704200000, 0x0000000704400000, 0x0000000704400000|100%|HS|  |TAMS 0x0000000704400000, 0x0000000704400000| Complete 
|  20|0x0000000704400000, 0x0000000704600000, 0x0000000704600000|100%|HC|  |TAMS 0x0000000704600000, 0x0000000704600000| Complete 
|  21|0x0000000704600000, 0x0000000704800000, 0x0000000704800000|100%|HC|  |TAMS 0x0000000704800000, 0x0000000704800000| Complete 
|  22|0x0000000704800000, 0x0000000704a00000, 0x0000000704a00000|100%|HC|  |TAMS 0x0000000704a00000, 0x0000000704a00000| Complete 
|  23|0x0000000704a00000, 0x0000000704c00000, 0x0000000704c00000|100%|HC|  |TAMS 0x0000000704c00000, 0x0000000704c00000| Complete 
|  24|0x0000000704c00000, 0x0000000704e00000, 0x0000000704e00000|100%|HC|  |TAMS 0x0000000704e00000, 0x0000000704e00000| Complete 
|  25|0x0000000704e00000, 0x0000000705000000, 0x0000000705000000|100%|HC|  |TAMS 0x0000000705000000, 0x0000000705000000| Complete 
|  26|0x0000000705000000, 0x0000000705200000, 0x0000000705200000|100%|HC|  |TAMS 0x0000000705200000, 0x0000000705200000| Complete 
|  27|0x0000000705200000, 0x0000000705400000, 0x0000000705400000|100%|HC|  |TAMS 0x0000000705400000, 0x0000000705400000| Complete 
|  28|0x0000000705400000, 0x0000000705600000, 0x0000000705600000|100%|HC|  |TAMS 0x0000000705600000, 0x0000000705600000| Complete 
|  29|0x0000000705600000, 0x0000000705800000, 0x0000000705800000|100%|HC|  |TAMS 0x0000000705800000, 0x0000000705800000| Complete 
|  30|0x0000000705800000, 0x0000000705a00000, 0x0000000705a00000|100%|HC|  |TAMS 0x0000000705a00000, 0x0000000705a00000| Complete 
|  31|0x0000000705a00000, 0x0000000705c00000, 0x0000000705c00000|100%|HC|  |TAMS 0x0000000705c00000, 0x0000000705c00000| Complete 
|  32|0x0000000705c00000, 0x0000000705e00000, 0x0000000705e00000|100%|HC|  |TAMS 0x0000000705e00000, 0x0000000705e00000| Complete 
|  33|0x0000000705e00000, 0x0000000706000000, 0x0000000706000000|100%|HS|  |TAMS 0x0000000706000000, 0x0000000706000000| Complete 
|  34|0x0000000706000000, 0x0000000706200000, 0x0000000706200000|100%|HC|  |TAMS 0x0000000706200000, 0x0000000706200000| Complete 
|  35|0x0000000706200000, 0x0000000706400000, 0x0000000706400000|100%|HC|  |TAMS 0x0000000706400000, 0x0000000706400000| Complete 
|  36|0x0000000706400000, 0x0000000706600000, 0x0000000706600000|100%|HC|  |TAMS 0x0000000706600000, 0x0000000706600000| Complete 
|  37|0x0000000706600000, 0x0000000706800000, 0x0000000706800000|100%|HC|  |TAMS 0x0000000706800000, 0x0000000706800000| Complete 
|  38|0x0000000706800000, 0x0000000706a00000, 0x0000000706a00000|100%|HC|  |TAMS 0x0000000706a00000, 0x0000000706a00000| Complete 
|  39|0x0000000706a00000, 0x0000000706c00000, 0x0000000706c00000|100%|HC|  |TAMS 0x0000000706c00000, 0x0000000706c00000| Complete 
|  40|0x0000000706c00000, 0x0000000706e00000, 0x0000000706e00000|100%|HC|  |TAMS 0x0000000706e00000, 0x0000000706e00000| Complete 
|  41|0x0000000706e00000, 0x0000000707000000, 0x0000000707000000|100%|HC|  |TAMS 0x0000000707000000, 0x0000000707000000| Complete 
|  42|0x0000000707000000, 0x0000000707200000, 0x0000000707200000|100%|HC|  |TAMS 0x0000000707200000, 0x0000000707200000| Complete 
|  43|0x0000000707200000, 0x0000000707400000, 0x0000000707400000|100%|HC|  |TAMS 0x0000000707400000, 0x0000000707400000| Complete 
|  44|0x0000000707400000, 0x0000000707600000, 0x0000000707600000|100%|HC|  |TAMS 0x0000000707600000, 0x0000000707600000| Complete 
|  45|0x0000000707600000, 0x0000000707800000, 0x0000000707800000|100%|HC|  |TAMS 0x0000000707800000, 0x0000000707800000| Complete 
|  46|0x0000000707800000, 0x0000000707a00000, 0x0000000707a00000|100%|HC|  |TAMS 0x0000000707a00000, 0x0000000707a00000| Complete 
|  47|0x0000000707a00000, 0x0000000707c00000, 0x0000000707c00000|100%|HS|  |TAMS 0x0000000707c00000, 0x0000000707c00000| Complete 
|  48|0x0000000707c00000, 0x0000000707e00000, 0x0000000707e00000|100%|HC|  |TAMS 0x0000000707e00000, 0x0000000707e00000| Complete 
|  49|0x0000000707e00000, 0x0000000708000000, 0x0000000708000000|100%|HC|  |TAMS 0x0000000708000000, 0x0000000708000000| Complete 
|  50|0x0000000708000000, 0x0000000708200000, 0x0000000708200000|100%|HC|  |TAMS 0x0000000708200000, 0x0000000708200000| Complete 
|  51|0x0000000708200000, 0x0000000708400000, 0x0000000708400000|100%|HC|  |TAMS 0x0000000708400000, 0x0000000708400000| Complete 
|  52|0x0000000708400000, 0x0000000708600000, 0x0000000708600000|100%|HC|  |TAMS 0x0000000708600000, 0x0000000708600000| Complete 
|  53|0x0000000708600000, 0x0000000708800000, 0x0000000708800000|100%|HC|  |TAMS 0x0000000708800000, 0x0000000708800000| Complete 
|  54|0x0000000708800000, 0x0000000708a00000, 0x0000000708a00000|100%|HC|  |TAMS 0x0000000708a00000, 0x0000000708a00000| Complete 
|  55|0x0000000708a00000, 0x0000000708c00000, 0x0000000708c00000|100%|HC|  |TAMS 0x0000000708c00000, 0x0000000708c00000| Complete 
|  56|0x0000000708c00000, 0x0000000708e00000, 0x0000000708e00000|100%|HC|  |TAMS 0x0000000708e00000, 0x0000000708e00000| Complete 
|  57|0x0000000708e00000, 0x0000000709000000, 0x0000000709000000|100%|HC|  |TAMS 0x0000000709000000, 0x0000000709000000| Complete 
|  58|0x0000000709000000, 0x0000000709200000, 0x0000000709200000|100%|HC|  |TAMS 0x0000000709200000, 0x0000000709200000| Complete 
|  59|0x0000000709200000, 0x0000000709400000, 0x0000000709400000|100%|HC|  |TAMS 0x0000000709400000, 0x0000000709400000| Complete 
|  60|0x0000000709400000, 0x0000000709600000, 0x0000000709600000|100%|HC|  |TAMS 0x0000000709600000, 0x0000000709600000| Complete 
|  61|0x0000000709600000, 0x0000000709800000, 0x0000000709800000|100%|HS|  |TAMS 0x0000000709800000, 0x0000000709800000| Complete 
|  62|0x0000000709800000, 0x0000000709a00000, 0x0000000709a00000|100%|HC|  |TAMS 0x0000000709a00000, 0x0000000709a00000| Complete 
|  63|0x0000000709a00000, 0x0000000709c00000, 0x0000000709c00000|100%|HC|  |TAMS 0x0000000709c00000, 0x0000000709c00000| Complete 
|  64|0x0000000709c00000, 0x0000000709e00000, 0x0000000709e00000|100%|HC|  |TAMS 0x0000000709e00000, 0x0000000709e00000| Complete 
|  65|0x0000000709e00000, 0x000000070a000000, 0x000000070a000000|100%|HC|  |TAMS 0x000000070a000000, 0x000000070a000000| Complete 
|  66|0x000000070a000000, 0x000000070a200000, 0x000000070a200000|100%|HS|  |TAMS 0x000000070a200000, 0x000000070a200000| Complete 
|  67|0x000000070a200000, 0x000000070a400000, 0x000000070a400000|100%|HC|  |TAMS 0x000000070a400000, 0x000000070a400000| Complete 
|  68|0x000000070a400000, 0x000000070a600000, 0x000000070a600000|100%|HC|  |TAMS 0x000000070a600000, 0x000000070a600000| Complete 
|  69|0x000000070a600000, 0x000000070a800000, 0x000000070a800000|100%|HC|  |TAMS 0x000000070a800000, 0x000000070a800000| Complete 
|  70|0x000000070a800000, 0x000000070aa00000, 0x000000070aa00000|100%|HC|  |TAMS 0x000000070aa00000, 0x000000070aa00000| Complete 
|  71|0x000000070aa00000, 0x000000070ac00000, 0x000000070ac00000|100%|HC|  |TAMS 0x000000070ac00000, 0x000000070ac00000| Complete 
|  72|0x000000070ac00000, 0x000000070ae00000, 0x000000070ae00000|100%|HC|  |TAMS 0x000000070ae00000, 0x000000070ae00000| Complete 
|  73|0x000000070ae00000, 0x000000070b000000, 0x000000070b000000|100%|HC|  |TAMS 0x000000070b000000, 0x000000070b000000| Complete 
|  74|0x000000070b000000, 0x000000070b200000, 0x000000070b200000|100%|HC|  |TAMS 0x000000070b200000, 0x000000070b200000| Complete 
|  75|0x000000070b200000, 0x000000070b400000, 0x000000070b400000|100%|HC|  |TAMS 0x000000070b400000, 0x000000070b400000| Complete 
|  76|0x000000070b400000, 0x000000070b600000, 0x000000070b600000|100%|HC|  |TAMS 0x000000070b600000, 0x000000070b600000| Complete 
|  77|0x000000070b600000, 0x000000070b800000, 0x000000070b800000|100%|HC|  |TAMS 0x000000070b800000, 0x000000070b800000| Complete 
|  78|0x000000070b800000, 0x000000070ba00000, 0x000000070ba00000|100%|HC|  |TAMS 0x000000070ba00000, 0x000000070ba00000| Complete 
|  79|0x000000070ba00000, 0x000000070bc00000, 0x000000070bc00000|100%|HC|  |TAMS 0x000000070bc00000, 0x000000070bc00000| Complete 
|  80|0x000000070bc00000, 0x000000070be00000, 0x000000070be00000|100%|HS|  |TAMS 0x000000070be00000, 0x000000070be00000| Complete 
|  81|0x000000070be00000, 0x000000070c000000, 0x000000070c000000|100%|HC|  |TAMS 0x000000070c000000, 0x000000070c000000| Complete 
|  82|0x000000070c000000, 0x000000070c200000, 0x000000070c200000|100%|HC|  |TAMS 0x000000070c200000, 0x000000070c200000| Complete 
|  83|0x000000070c200000, 0x000000070c400000, 0x000000070c400000|100%|HC|  |TAMS 0x000000070c400000, 0x000000070c400000| Complete 
|  84|0x000000070c400000, 0x000000070c600000, 0x000000070c600000|100%|HC|  |TAMS 0x000000070c600000, 0x000000070c600000| Complete 
|  85|0x000000070c600000, 0x000000070c800000, 0x000000070c800000|100%|HC|  |TAMS 0x000000070c800000, 0x000000070c800000| Complete 
|  86|0x000000070c800000, 0x000000070ca00000, 0x000000070ca00000|100%|HC|  |TAMS 0x000000070ca00000, 0x000000070ca00000| Complete 
|  87|0x000000070ca00000, 0x000000070cc00000, 0x000000070cc00000|100%|HC|  |TAMS 0x000000070cc00000, 0x000000070cc00000| Complete 
|  88|0x000000070cc00000, 0x000000070ce00000, 0x000000070ce00000|100%|HC|  |TAMS 0x000000070ce00000, 0x000000070ce00000| Complete 
|  89|0x000000070ce00000, 0x000000070d000000, 0x000000070d000000|100%|HC|  |TAMS 0x000000070d000000, 0x000000070d000000| Complete 
|  90|0x000000070d000000, 0x000000070d200000, 0x000000070d200000|100%|HC|  |TAMS 0x000000070d200000, 0x000000070d200000| Complete 
|  91|0x000000070d200000, 0x000000070d400000, 0x000000070d400000|100%|HC|  |TAMS 0x000000070d400000, 0x000000070d400000| Complete 
|  92|0x000000070d400000, 0x000000070d600000, 0x000000070d600000|100%|HC|  |TAMS 0x000000070d600000, 0x000000070d600000| Complete 
|  93|0x000000070d600000, 0x000000070d800000, 0x000000070d800000|100%|HC|  |TAMS 0x000000070d800000, 0x000000070d800000| Complete 
|  94|0x000000070d800000, 0x000000070da00000, 0x000000070da00000|100%|HS|  |TAMS 0x000000070d800000, 0x000000070da00000| Complete 
|  95|0x000000070da00000, 0x000000070dc00000, 0x000000070dc00000|100%|HC|  |TAMS 0x000000070da00000, 0x000000070dc00000| Complete 
|  96|0x000000070dc00000, 0x000000070de00000, 0x000000070de00000|100%|HC|  |TAMS 0x000000070dc00000, 0x000000070de00000| Complete 
|  97|0x000000070de00000, 0x000000070e000000, 0x000000070e000000|100%|HC|  |TAMS 0x000000070de00000, 0x000000070e000000| Complete 
|  98|0x000000070e000000, 0x000000070e200000, 0x000000070e200000|100%|HC|  |TAMS 0x000000070e000000, 0x000000070e200000| Complete 
|  99|0x000000070e200000, 0x000000070e400000, 0x000000070e400000|100%|HC|  |TAMS 0x000000070e200000, 0x000000070e400000| Complete 
| 100|0x000000070e400000, 0x000000070e600000, 0x000000070e600000|100%|HC|  |TAMS 0x000000070e400000, 0x000000070e600000| Complete 
| 101|0x000000070e600000, 0x000000070e800000, 0x000000070e800000|100%|HC|  |TAMS 0x000000070e600000, 0x000000070e800000| Complete 
| 102|0x000000070e800000, 0x000000070ea00000, 0x000000070ea00000|100%|HC|  |TAMS 0x000000070e800000, 0x000000070ea00000| Complete 
| 103|0x000000070ea00000, 0x000000070ec00000, 0x000000070ec00000|100%|HC|  |TAMS 0x000000070ea00000, 0x000000070ec00000| Complete 
| 104|0x000000070ec00000, 0x000000070ee00000, 0x000000070ee00000|100%|HC|  |TAMS 0x000000070ec00000, 0x000000070ee00000| Complete 
| 105|0x000000070ee00000, 0x000000070f000000, 0x000000070f000000|100%|HC|  |TAMS 0x000000070ee00000, 0x000000070f000000| Complete 
| 106|0x000000070f000000, 0x000000070f200000, 0x000000070f200000|100%|HC|  |TAMS 0x000000070f000000, 0x000000070f200000| Complete 
| 107|0x000000070f200000, 0x000000070f400000, 0x000000070f400000|100%|HC|  |TAMS 0x000000070f200000, 0x000000070f400000| Complete 
| 108|0x000000070f400000, 0x000000070f400000, 0x000000070f600000|  0%| F|  |TAMS 0x000000070f400000, 0x000000070f400000| Untracked 
| 109|0x000000070f600000, 0x000000070f600000, 0x000000070f800000|  0%| F|  |TAMS 0x000000070f600000, 0x000000070f600000| Untracked 
| 110|0x000000070f800000, 0x000000070f800000, 0x000000070fa00000|  0%| F|  |TAMS 0x000000070f800000, 0x000000070f800000| Untracked 
| 111|0x000000070fa00000, 0x000000070fa00000, 0x000000070fc00000|  0%| F|  |TAMS 0x000000070fa00000, 0x000000070fa00000| Untracked 
| 112|0x000000070fc00000, 0x000000070fc00000, 0x000000070fe00000|  0%| F|  |TAMS 0x000000070fc00000, 0x000000070fc00000| Untracked 
| 113|0x000000070fe00000, 0x000000070fe00000, 0x0000000710000000|  0%| F|  |TAMS 0x000000070fe00000, 0x000000070fe00000| Untracked 
| 114|0x0000000710000000, 0x0000000710000000, 0x0000000710200000|  0%| F|  |TAMS 0x0000000710000000, 0x0000000710000000| Untracked 
| 115|0x0000000710200000, 0x0000000710200000, 0x0000000710400000|  0%| F|  |TAMS 0x0000000710200000, 0x0000000710200000| Untracked 
| 116|0x0000000710400000, 0x0000000710400000, 0x0000000710600000|  0%| F|  |TAMS 0x0000000710400000, 0x0000000710400000| Untracked 
| 117|0x0000000710600000, 0x0000000710600000, 0x0000000710800000|  0%| F|  |TAMS 0x0000000710600000, 0x0000000710600000| Untracked 
| 118|0x0000000710800000, 0x0000000710800000, 0x0000000710a00000|  0%| F|  |TAMS 0x0000000710800000, 0x0000000710800000| Untracked 
| 119|0x0000000710a00000, 0x0000000710a00000, 0x0000000710c00000|  0%| F|  |TAMS 0x0000000710a00000, 0x0000000710a00000| Untracked 
| 120|0x0000000710c00000, 0x0000000710c00000, 0x0000000710e00000|  0%| F|  |TAMS 0x0000000710c00000, 0x0000000710c00000| Untracked 
| 121|0x0000000710e00000, 0x0000000710e00000, 0x0000000711000000|  0%| F|  |TAMS 0x0000000710e00000, 0x0000000710e00000| Untracked 
| 122|0x0000000711000000, 0x0000000711000000, 0x0000000711200000|  0%| F|  |TAMS 0x0000000711000000, 0x0000000711000000| Untracked 
| 123|0x0000000711200000, 0x0000000711200000, 0x0000000711400000|  0%| F|  |TAMS 0x0000000711200000, 0x0000000711200000| Untracked 
| 124|0x0000000711400000, 0x0000000711400000, 0x0000000711600000|  0%| F|  |TAMS 0x0000000711400000, 0x0000000711400000| Untracked 
| 125|0x0000000711600000, 0x0000000711600000, 0x0000000711800000|  0%| F|  |TAMS 0x0000000711600000, 0x0000000711600000| Untracked 
| 126|0x0000000711800000, 0x0000000711800000, 0x0000000711a00000|  0%| F|  |TAMS 0x0000000711800000, 0x0000000711800000| Untracked 
| 127|0x0000000711a00000, 0x0000000711a00000, 0x0000000711c00000|  0%| F|  |TAMS 0x0000000711a00000, 0x0000000711a00000| Untracked 
| 128|0x0000000711c00000, 0x0000000711c00000, 0x0000000711e00000|  0%| F|  |TAMS 0x0000000711c00000, 0x0000000711c00000| Untracked 
| 129|0x0000000711e00000, 0x0000000711e00000, 0x0000000712000000|  0%| F|  |TAMS 0x0000000711e00000, 0x0000000711e00000| Untracked 
| 130|0x0000000712000000, 0x0000000712000000, 0x0000000712200000|  0%| F|  |TAMS 0x0000000712000000, 0x0000000712000000| Untracked 
| 131|0x0000000712200000, 0x0000000712200000, 0x0000000712400000|  0%| F|  |TAMS 0x0000000712200000, 0x0000000712200000| Untracked 
| 132|0x0000000712400000, 0x0000000712400000, 0x0000000712600000|  0%| F|  |TAMS 0x0000000712400000, 0x0000000712400000| Untracked 
| 133|0x0000000712600000, 0x0000000712600000, 0x0000000712800000|  0%| F|  |TAMS 0x0000000712600000, 0x0000000712600000| Untracked 
| 134|0x0000000712800000, 0x0000000712800000, 0x0000000712a00000|  0%| F|  |TAMS 0x0000000712800000, 0x0000000712800000| Untracked 
| 135|0x0000000712a00000, 0x0000000712a00000, 0x0000000712c00000|  0%| F|  |TAMS 0x0000000712a00000, 0x0000000712a00000| Untracked 
| 136|0x0000000712c00000, 0x0000000712c00000, 0x0000000712e00000|  0%| F|  |TAMS 0x0000000712c00000, 0x0000000712c00000| Untracked 
| 137|0x0000000712e00000, 0x0000000712e00000, 0x0000000713000000|  0%| F|  |TAMS 0x0000000712e00000, 0x0000000712e00000| Untracked 
| 138|0x0000000713000000, 0x0000000713000000, 0x0000000713200000|  0%| F|  |TAMS 0x0000000713000000, 0x0000000713000000| Untracked 
| 139|0x0000000713200000, 0x0000000713200000, 0x0000000713400000|  0%| F|  |TAMS 0x0000000713200000, 0x0000000713200000| Untracked 
| 140|0x0000000713400000, 0x0000000713400000, 0x0000000713600000|  0%| F|  |TAMS 0x0000000713400000, 0x0000000713400000| Untracked 
| 141|0x0000000713600000, 0x0000000713600000, 0x0000000713800000|  0%| F|  |TAMS 0x0000000713600000, 0x0000000713600000| Untracked 
| 142|0x0000000713800000, 0x0000000713800000, 0x0000000713a00000|  0%| F|  |TAMS 0x0000000713800000, 0x0000000713800000| Untracked 
| 143|0x0000000713a00000, 0x0000000713a00000, 0x0000000713c00000|  0%| F|  |TAMS 0x0000000713a00000, 0x0000000713a00000| Untracked 
| 144|0x0000000713c00000, 0x0000000713c00000, 0x0000000713e00000|  0%| F|  |TAMS 0x0000000713c00000, 0x0000000713c00000| Untracked 
| 145|0x0000000713e00000, 0x0000000713e00000, 0x0000000714000000|  0%| F|  |TAMS 0x0000000713e00000, 0x0000000713e00000| Untracked 
| 146|0x0000000714000000, 0x0000000714000000, 0x0000000714200000|  0%| F|  |TAMS 0x0000000714000000, 0x0000000714000000| Untracked 
| 147|0x0000000714200000, 0x0000000714200000, 0x0000000714400000|  0%| F|  |TAMS 0x0000000714200000, 0x0000000714200000| Untracked 
| 148|0x0000000714400000, 0x0000000714400000, 0x0000000714600000|  0%| F|  |TAMS 0x0000000714400000, 0x0000000714400000| Untracked 
| 149|0x0000000714600000, 0x0000000714600000, 0x0000000714800000|  0%| F|  |TAMS 0x0000000714600000, 0x0000000714600000| Untracked 
| 150|0x0000000714800000, 0x0000000714800000, 0x0000000714a00000|  0%| F|  |TAMS 0x0000000714800000, 0x0000000714800000| Untracked 
| 151|0x0000000714a00000, 0x0000000714a00000, 0x0000000714c00000|  0%| F|  |TAMS 0x0000000714a00000, 0x0000000714a00000| Untracked 
| 152|0x0000000714c00000, 0x0000000714c00000, 0x0000000714e00000|  0%| F|  |TAMS 0x0000000714c00000, 0x0000000714c00000| Untracked 
| 153|0x0000000714e00000, 0x0000000714e00000, 0x0000000715000000|  0%| F|  |TAMS 0x0000000714e00000, 0x0000000714e00000| Untracked 
| 154|0x0000000715000000, 0x0000000715000000, 0x0000000715200000|  0%| F|  |TAMS 0x0000000715000000, 0x0000000715000000| Untracked 
| 155|0x0000000715200000, 0x0000000715200000, 0x0000000715400000|  0%| F|  |TAMS 0x0000000715200000, 0x0000000715200000| Untracked 
| 156|0x0000000715400000, 0x0000000715400000, 0x0000000715600000|  0%| F|  |TAMS 0x0000000715400000, 0x0000000715400000| Untracked 
| 157|0x0000000715600000, 0x0000000715600000, 0x0000000715800000|  0%| F|  |TAMS 0x0000000715600000, 0x0000000715600000| Untracked 
| 158|0x0000000715800000, 0x0000000715800000, 0x0000000715a00000|  0%| F|  |TAMS 0x0000000715800000, 0x0000000715800000| Untracked 
| 159|0x0000000715a00000, 0x0000000715a00000, 0x0000000715c00000|  0%| F|  |TAMS 0x0000000715a00000, 0x0000000715a00000| Untracked 
| 160|0x0000000715c00000, 0x0000000715c00000, 0x0000000715e00000|  0%| F|  |TAMS 0x0000000715c00000, 0x0000000715c00000| Untracked 
| 161|0x0000000715e00000, 0x0000000715e00000, 0x0000000716000000|  0%| F|  |TAMS 0x0000000715e00000, 0x0000000715e00000| Untracked 
| 162|0x0000000716000000, 0x0000000716000000, 0x0000000716200000|  0%| F|  |TAMS 0x0000000716000000, 0x0000000716000000| Untracked 
| 163|0x0000000716200000, 0x0000000716200000, 0x0000000716400000|  0%| F|  |TAMS 0x0000000716200000, 0x0000000716200000| Untracked 
| 164|0x0000000716400000, 0x0000000716400000, 0x0000000716600000|  0%| F|  |TAMS 0x0000000716400000, 0x0000000716400000| Untracked 
| 165|0x0000000716600000, 0x0000000716600000, 0x0000000716800000|  0%| F|  |TAMS 0x0000000716600000, 0x0000000716600000| Untracked 
| 166|0x0000000716800000, 0x0000000716936e68, 0x0000000716a00000| 60%| S|CS|TAMS 0x0000000716800000, 0x0000000716800000| Complete 
| 167|0x0000000716a00000, 0x0000000716c00000, 0x0000000716c00000|100%| S|CS|TAMS 0x0000000716a00000, 0x0000000716a00000| Complete 
| 168|0x0000000716c00000, 0x0000000716e00000, 0x0000000716e00000|100%| S|CS|TAMS 0x0000000716c00000, 0x0000000716c00000| Complete 
| 169|0x0000000716e00000, 0x0000000716e00000, 0x0000000717000000|  0%| F|  |TAMS 0x0000000716e00000, 0x0000000716e00000| Untracked 

Card table byte_map: [0x000001ec3dd30000,0x000001ec3e530000] _byte_map_base: 0x000001ec3a522000

Marking Bits (Prev, Next): (CMBitMap*) 0x000001ec2678d140, (CMBitMap*) 0x000001ec2678d180
 Prev Bits: [0x000001ec3ed30000, 0x000001ec42cc0000)
 Next Bits: [0x000001ec42cc0000, 0x000001ec46c50000)

Polling page: 0x000001ec24700000

Metaspace:

Usage:
  Non-class:     13.20 MB used.
      Class:      2.22 MB used.
       Both:     15.42 MB used.

Virtual space:
  Non-class space:       16.00 MB reserved,      13.31 MB ( 83%) committed,  2 nodes.
      Class space:        1.00 GB reserved,       2.38 MB ( <1%) committed,  1 nodes.
             Both:        1.02 GB reserved,      15.69 MB (  2%) committed. 

Chunk freelists:
   Non-Class:  2.10 MB
       Class:  1.66 MB
        Both:  3.76 MB

MaxMetaspaceSize: unlimited
CompressedClassSpaceSize: 1.00 GB
Initial GC threshold: 21.00 MB
Current GC threshold: 25.94 MB
CDS: on
MetaspaceReclaimPolicy: balanced
 - commit_granule_bytes: 65536.
 - commit_granule_words: 8192.
 - virtual_space_node_default_size: 1048576.
 - enlarge_chunks_in_place: 1.
 - new_chunks_are_fully_committed: 0.
 - uncommit_free_chunks: 1.
 - use_allocation_guard: 0.
 - handle_deallocations: 1.


Internal statistics:

num_allocs_failed_limit: 0.
num_arena_births: 228.
num_arena_deaths: 0.
num_vsnodes_births: 3.
num_vsnodes_deaths: 0.
num_space_committed: 251.
num_space_uncommitted: 0.
num_chunks_returned_to_freelist: 0.
num_chunks_taken_from_freelist: 739.
num_chunk_merges: 0.
num_chunk_splits: 497.
num_chunks_enlarged: 372.
num_purges: 0.
num_inconsistent_stats: 0.

CodeHeap 'non-profiled nmethods': size=120000Kb used=998Kb max_used=998Kb free=119001Kb
 bounds [0x000001ec35cd0000, 0x000001ec35f40000, 0x000001ec3d200000]
CodeHeap 'profiled nmethods': size=120000Kb used=4823Kb max_used=4823Kb free=115176Kb
 bounds [0x000001ec2e7a0000, 0x000001ec2ec60000, 0x000001ec35cd0000]
CodeHeap 'non-nmethods': size=5760Kb used=1422Kb max_used=1453Kb free=4337Kb
 bounds [0x000001ec2e200000, 0x000001ec2e470000, 0x000001ec2e7a0000]
 total_blobs=3367 nmethods=2584 adapters=695
 compilation: enabled
              stopped_count=0, restarted_count=0
 full_count=0

Compilation events (20 events):
Event: 5.287 Thread 0x000001ec496d2fc0 nmethod 2574 0x000001ec2ec4f310 code [0x000001ec2ec4f4c0, 0x000001ec2ec4f628]
Event: 5.287 Thread 0x000001ec496d2fc0 2576       3       com.sun.javafx.fxml.BeanAdapter::getSetterMethod (42 bytes)
Event: 5.299 Thread 0x000001ec496d2fc0 nmethod 2576 0x000001ec2ec4f710 code [0x000001ec2ec4fc40, 0x000001ec2ec52738]
Event: 5.299 Thread 0x000001ec496d2fc0 2578       1       java.lang.reflect.Field::getName (5 bytes)
Event: 5.299 Thread 0x000001ec496d2fc0 nmethod 2578 0x000001ec35dc8090 code [0x000001ec35dc8220, 0x000001ec35dc82f8]
Event: 5.299 Thread 0x000001ec496d2fc0 2571       1       javafx.scene.Node::usesMirroring (2 bytes)
Event: 5.300 Thread 0x000001ec496d2fc0 nmethod 2571 0x000001ec35dc8390 code [0x000001ec35dc8520, 0x000001ec35dc85f8]
Event: 5.393 Thread 0x000001ec496d2610 2579       4       java.util.EnumMap::unmaskNull (13 bytes)
Event: 5.393 Thread 0x000001ec496d2fc0 2580       3       javafx.beans.property.SimpleObjectProperty::<init> (25 bytes)
Event: 5.394 Thread 0x000001ec496d2610 nmethod 2579 0x000001ec35dc8690 code [0x000001ec35dc8800, 0x000001ec35dc8898]
Event: 5.394 Thread 0x000001ec496d2fc0 nmethod 2580 0x000001ec2ec53810 code [0x000001ec2ec539e0, 0x000001ec2ec53ed8]
Event: 5.394 Thread 0x000001ec496d2fc0 2581       3       com.sun.org.apache.xerces.internal.impl.XMLStreamReaderImpl::isWhiteSpace (64 bytes)
Event: 5.394 Thread 0x000001ec496d2fc0 nmethod 2581 0x000001ec2ec54090 code [0x000001ec2ec542a0, 0x000001ec2ec54868]
Event: 5.394 Thread 0x000001ec496d2fc0 2582       3       javafx.fxml.FXMLLoader$Element::getProperties (22 bytes)
Event: 5.394 Thread 0x000001ec496d2fc0 nmethod 2582 0x000001ec2ec54a90 code [0x000001ec2ec54ca0, 0x000001ec2ec555e8]
Event: 5.423 Thread 0x000001ec496d2610 2583       4       java.io.BufferedInputStream::read1 (108 bytes)
Event: 5.428 Thread 0x000001ec496d2610 nmethod 2583 0x000001ec35dc8990 code [0x000001ec35dc8b60, 0x000001ec35dc9468]
Event: 5.500 Thread 0x000001ec496d2fc0 2584       3       java.lang.Character::isJavaIdentifierPart (5 bytes)
Event: 5.500 Thread 0x000001ec496d2610 2585       4       com.sun.javafx.fxml.BeanAdapter$MethodCache::getMethod (99 bytes)
Event: 5.500 Thread 0x000001ec496d2fc0 nmethod 2584 0x000001ec2ec55810 code [0x000001ec2ec559c0, 0x000001ec2ec55c18]

GC Heap History (15 events):
Event: 0.568 GC heap before
{Heap before GC invocations=0 (full 0):
 garbage-first heap   total 262144K, used 22528K [0x0000000701c00000, 0x0000000800000000)
  region size 2048K, 11 young (22528K), 0 survivors (0K)
 Metaspace       used 4751K, committed 4928K, reserved 1056768K
  class space    used 599K, committed 704K, reserved 1048576K
}
Event: 0.571 GC heap after
{Heap after GC invocations=1 (full 0):
 garbage-first heap   total 262144K, used 2602K [0x0000000701c00000, 0x0000000800000000)
  region size 2048K, 2 young (4096K), 2 survivors (4096K)
 Metaspace       used 4751K, committed 4928K, reserved 1056768K
  class space    used 599K, committed 704K, reserved 1048576K
}
Event: 1.614 GC heap before
{Heap before GC invocations=1 (full 0):
 garbage-first heap   total 262144K, used 76330K [0x0000000701c00000, 0x0000000800000000)
  region size 2048K, 20 young (40960K), 2 survivors (4096K)
 Metaspace       used 14032K, committed 14272K, reserved 1064960K
  class space    used 2127K, committed 2240K, reserved 1048576K
}
Event: 1.623 GC heap after
{Heap after GC invocations=2 (full 0):
 garbage-first heap   total 262144K, used 33569K [0x0000000701c00000, 0x0000000800000000)
  region size 2048K, 3 young (6144K), 3 survivors (6144K)
 Metaspace       used 14032K, committed 14272K, reserved 1064960K
  class space    used 2127K, committed 2240K, reserved 1048576K
}
Event: 3.872 GC heap before
{Heap before GC invocations=2 (full 0):
 garbage-first heap   total 262144K, used 103201K [0x0000000701c00000, 0x0000000800000000)
  region size 2048K, 7 young (14336K), 3 survivors (6144K)
 Metaspace       used 15547K, committed 15872K, reserved 1064960K
  class space    used 2255K, committed 2432K, reserved 1048576K
}
Event: 3.877 GC heap after
{Heap after GC invocations=3 (full 0):
 garbage-first heap   total 262144K, used 98257K [0x0000000701c00000, 0x0000000800000000)
  region size 2048K, 4 young (8192K), 4 survivors (8192K)
 Metaspace       used 15547K, committed 15872K, reserved 1064960K
  class space    used 2255K, committed 2432K, reserved 1048576K
}
Event: 4.011 GC heap before
{Heap before GC invocations=3 (full 0):
 garbage-first heap   total 262144K, used 126929K [0x0000000701c00000, 0x0000000800000000)
  region size 2048K, 5 young (10240K), 4 survivors (8192K)
 Metaspace       used 15654K, committed 15936K, reserved 1064960K
  class space    used 2266K, committed 2432K, reserved 1048576K
}
Event: 4.016 GC heap after
{Heap after GC invocations=4 (full 0):
 garbage-first heap   total 262144K, used 126959K [0x0000000701c00000, 0x0000000800000000)
  region size 2048K, 4 young (8192K), 4 survivors (8192K)
 Metaspace       used 15654K, committed 15936K, reserved 1064960K
  class space    used 2266K, committed 2432K, reserved 1048576K
}
Event: 4.062 GC heap before
{Heap before GC invocations=5 (full 0):
 garbage-first heap   total 262144K, used 137199K [0x0000000701c00000, 0x0000000800000000)
  region size 2048K, 5 young (10240K), 4 survivors (8192K)
 Metaspace       used 15656K, committed 15936K, reserved 1064960K
  class space    used 2266K, committed 2432K, reserved 1048576K
}
Event: 4.067 GC heap after
{Heap after GC invocations=6 (full 0):
 garbage-first heap   total 262144K, used 137343K [0x0000000701c00000, 0x0000000800000000)
  region size 2048K, 3 young (6144K), 3 survivors (6144K)
 Metaspace       used 15656K, committed 15936K, reserved 1064960K
  class space    used 2266K, committed 2432K, reserved 1048576K
}
Event: 5.279 GC heap before
{Heap before GC invocations=7 (full 0):
 garbage-first heap   total 280576K, used 168063K [0x0000000701c00000, 0x0000000800000000)
  region size 2048K, 5 young (10240K), 3 survivors (6144K)
 Metaspace       used 15787K, committed 16064K, reserved 1064960K
  class space    used 2274K, committed 2432K, reserved 1048576K
}
Event: 5.283 GC heap after
{Heap after GC invocations=8 (full 0):
 garbage-first heap   total 280576K, used 149482K [0x0000000701c00000, 0x0000000800000000)
  region size 2048K, 3 young (6144K), 3 survivors (6144K)
 Metaspace       used 15787K, committed 16064K, reserved 1064960K
  class space    used 2274K, committed 2432K, reserved 1048576K
}
Event: 5.394 GC heap before
{Heap before GC invocations=9 (full 0):
 garbage-first heap   total 305152K, used 178154K [0x0000000701c00000, 0x0000000800000000)
  region size 2048K, 4 young (8192K), 3 survivors (6144K)
 Metaspace       used 15792K, committed 16064K, reserved 1064960K
  class space    used 2274K, committed 2432K, reserved 1048576K
}
Event: 5.398 GC heap after
{Heap after GC invocations=10 (full 0):
 garbage-first heap   total 305152K, used 178331K [0x0000000701c00000, 0x0000000800000000)
  region size 2048K, 3 young (6144K), 3 survivors (6144K)
 Metaspace       used 15792K, committed 16064K, reserved 1064960K
  class space    used 2274K, committed 2432K, reserved 1048576K
}
Event: 5.501 GC heap before
{Heap before GC invocations=11 (full 0):
 garbage-first heap   total 348160K, used 207003K [0x0000000701c00000, 0x0000000800000000)
  region size 2048K, 4 young (8192K), 3 survivors (6144K)
 Metaspace       used 15792K, committed 16064K, reserved 1064960K
  class space    used 2274K, committed 2432K, reserved 1048576K
}

Deoptimization events (20 events):
Event: 4.009 Thread 0x000001ec4a96db60 Uncommon trap: trap_request=0xffffffc6 fr.pc=0x000001ec35d71664 relative=0x0000000000001204
Event: 4.009 Thread 0x000001ec4a96db60 Uncommon trap: reason=bimorphic_or_optimized_type_check action=maybe_recompile pc=0x000001ec35d71664 method=java.util.HashMap.putVal(ILjava/lang/Object;Ljava/lang/Object;ZZ)Ljava/lang/Object; @ 91 c2
Event: 4.009 Thread 0x000001ec4a96db60 DEOPT PACKING pc=0x000001ec35d71664 sp=0x000000105fcfbfd0
Event: 4.009 Thread 0x000001ec4a96db60 DEOPT UNPACKING pc=0x000001ec2e2523a3 sp=0x000000105fcfbf70 mode 2
Event: 4.059 Thread 0x000001ec4a96db60 Uncommon trap: trap_request=0xffffff45 fr.pc=0x000001ec35db65b4 relative=0x0000000000000114
Event: 4.059 Thread 0x000001ec4a96db60 Uncommon trap: reason=unstable_if action=reinterpret pc=0x000001ec35db65b4 method=java.util.Arrays.equals([Ljava/lang/Object;[Ljava/lang/Object;)Z @ 44 c2
Event: 4.059 Thread 0x000001ec4a96db60 DEOPT PACKING pc=0x000001ec35db65b4 sp=0x000000105fcfbbc0
Event: 4.059 Thread 0x000001ec4a96db60 DEOPT UNPACKING pc=0x000001ec2e2523a3 sp=0x000000105fcfbb50 mode 2
Event: 4.194 Thread 0x000001ec4a96db60 Uncommon trap: trap_request=0xffffffc6 fr.pc=0x000001ec35d71664 relative=0x0000000000001204
Event: 4.194 Thread 0x000001ec4a96db60 Uncommon trap: reason=bimorphic_or_optimized_type_check action=maybe_recompile pc=0x000001ec35d71664 method=java.util.HashMap.putVal(ILjava/lang/Object;Ljava/lang/Object;ZZ)Ljava/lang/Object; @ 91 c2
Event: 4.194 Thread 0x000001ec4a96db60 DEOPT PACKING pc=0x000001ec35d71664 sp=0x000000105fcfbfd0
Event: 4.194 Thread 0x000001ec4a96db60 DEOPT UNPACKING pc=0x000001ec2e2523a3 sp=0x000000105fcfbf70 mode 2
Event: 4.195 Thread 0x000001ec4a96db60 Uncommon trap: trap_request=0xffffffc6 fr.pc=0x000001ec35d71664 relative=0x0000000000001204
Event: 4.195 Thread 0x000001ec4a96db60 Uncommon trap: reason=bimorphic_or_optimized_type_check action=maybe_recompile pc=0x000001ec35d71664 method=java.util.HashMap.putVal(ILjava/lang/Object;Ljava/lang/Object;ZZ)Ljava/lang/Object; @ 91 c2
Event: 4.195 Thread 0x000001ec4a96db60 DEOPT PACKING pc=0x000001ec35d71664 sp=0x000000105fcfbfd0
Event: 4.195 Thread 0x000001ec4a96db60 DEOPT UNPACKING pc=0x000001ec2e2523a3 sp=0x000000105fcfbf70 mode 2
Event: 4.203 Thread 0x000001ec4a96db60 Uncommon trap: trap_request=0xffffff45 fr.pc=0x000001ec35d9685c relative=0x000000000000005c
Event: 4.203 Thread 0x000001ec4a96db60 Uncommon trap: reason=unstable_if action=reinterpret pc=0x000001ec35d9685c method=javafx.scene.Node.updateLocalToParentTransform()V @ 4 c2
Event: 4.203 Thread 0x000001ec4a96db60 DEOPT PACKING pc=0x000001ec35d9685c sp=0x000000105fcfda20
Event: 4.203 Thread 0x000001ec4a96db60 DEOPT UNPACKING pc=0x000001ec2e2523a3 sp=0x000000105fcfd970 mode 2

Classes unloaded (0 events):
No events

Classes redefined (0 events):
No events

Internal exceptions (20 events):
Event: 1.005 Thread 0x000001ec4a96db60 Exception <a 'java/lang/NoSuchMethodError'{0x0000000710c6aaa0}: 'void java.lang.invoke.DirectMethodHandle$Holder.invokeStaticInit(java.lang.Object, java.lang.Object)'> (0x0000000710c6aaa0) 
thrown [s\src\hotspot\share\interpreter\linkResolver.cpp, line 759]
Event: 1.084 Thread 0x000001ec4a96db60 Implicit null exception at 0x000001ec35d3ee90 to 0x000001ec35d3f4b8
Event: 1.091 Thread 0x000001ec4a96db60 Exception <a 'java/io/FileNotFoundException'{0x0000000710964c78}> (0x0000000710964c78) 
thrown [s\src\hotspot\share\prims\jni.cpp, line 516]
Event: 1.298 Thread 0x000001ec4a96db60 Exception <a 'java/lang/ClassNotFoundException'{0x000000070ff1e8a8}: com/sun/javafx/scene/control/skin/resources/controls> (0x000000070ff1e8a8) 
thrown [s\src\hotspot\share\prims\jni.cpp, line 535]
Event: 1.299 Thread 0x000001ec4a96db60 Exception <a 'java/lang/ClassNotFoundException'{0x000000070ff2c3a8}: com/sun/javafx/scene/control/skin/resources/controls_es> (0x000000070ff2c3a8) 
thrown [s\src\hotspot\share\prims\jni.cpp, line 535]
Event: 1.300 Thread 0x000001ec4a96db60 Exception <a 'java/lang/ClassNotFoundException'{0x000000070ff39b68}: com/sun/javafx/scene/control/skin/resources/controls_es_MX> (0x000000070ff39b68) 
thrown [s\src\hotspot\share\prims\jni.cpp, line 535]
Event: 1.331 Thread 0x000001ec4a96db60 Exception <a 'java/lang/NoSuchMethodError'{0x000000070fcf8650}: 'void java.lang.invoke.DirectMethodHandle$Holder.invokeSpecial(java.lang.Object, java.lang.Object, java.lang.Object, java.lang.Object, java.lang.Object, java.lang.Object)'> (0x000000070fcf8650) 
thrown [s\src\hotspot\share\interpreter\linkResolver.cpp, line 759]
Event: 1.368 Thread 0x000001ec4a96db60 Exception <a 'java/lang/NoSuchMethodError'{0x000000070fbf36b8}: 'java.lang.Object java.lang.invoke.DirectMethodHandle$Holder.invokeInterface(java.lang.Object, java.lang.Object, java.lang.Object)'> (0x000000070fbf36b8) 
thrown [s\src\hotspot\share\interpreter\linkResolver.cpp, line 759]
Event: 1.368 Thread 0x000001ec4a96db60 Exception <a 'java/lang/IncompatibleClassChangeError'{0x000000070fbf7040}: Found class java.lang.Object, but interface was expected> (0x000000070fbf7040) 
thrown [s\src\hotspot\share\interpreter\linkResolver.cpp, line 826]
Event: 1.399 Thread 0x000001ec4a96db60 Exception <a 'sun/nio/fs/WindowsException'{0x000000070f942a68}> (0x000000070f942a68) 
thrown [s\src\hotspot\share\prims\jni.cpp, line 516]
Event: 1.424 Thread 0x000001ec4a96db60 Exception <a 'java/io/FileNotFoundException'{0x000000070f9d3808}> (0x000000070f9d3808) 
thrown [s\src\hotspot\share\prims\jni.cpp, line 516]
Event: 1.427 Thread 0x000001ec4a96db60 Exception <a 'java/io/FileNotFoundException'{0x000000070f9eccc8}> (0x000000070f9eccc8) 
thrown [s\src\hotspot\share\prims\jni.cpp, line 516]
Event: 1.460 Thread 0x000001ec4a96db60 Exception <a 'java/lang/NoSuchMethodError'{0x000000070f6c6cf0}: 'java.lang.Object java.lang.invoke.DirectMethodHandle$Holder.newInvokeSpecial(java.lang.Object, java.lang.Object, int)'> (0x000000070f6c6cf0) 
thrown [s\src\hotspot\share\interpreter\linkResolver.cpp, line 759]
Event: 1.568 Thread 0x000001ec4a683df0 Exception <a 'java/lang/NoSuchMethodError'{0x000000070f486608}: 'int java.lang.invoke.DirectMethodHandle$Holder.invokeStaticInit(java.lang.Object, java.lang.Object)'> (0x000000070f486608) 
thrown [s\src\hotspot\share\interpreter\linkResolver.cpp, line 759]
Event: 1.580 Thread 0x000001ec4a96db60 Exception <a 'java/lang/NoSuchMethodError'{0x000000070f421a88}: 'long java.lang.invoke.DirectMethodHandle$Holder.invokeStatic(java.lang.Object, java.lang.Object, java.lang.Object)'> (0x000000070f421a88) 
thrown [s\src\hotspot\share\interpreter\linkResolver.cpp, line 759]
Event: 1.580 Thread 0x000001ec4a96db60 Exception <a 'java/lang/NoSuchMethodError'{0x000000070f425230}: 'long java.lang.invoke.DirectMethodHandle$Holder.invokeStaticInit(java.lang.Object, java.lang.Object, java.lang.Object)'> (0x000000070f425230) 
thrown [s\src\hotspot\share\interpreter\linkResolver.cpp, line 759]
Event: 1.584 Thread 0x000001ec4a96db60 Exception <a 'java/lang/NoSuchMethodError'{0x000000070f43ce38}: 'java.lang.Object java.lang.invoke.DirectMethodHandle$Holder.newInvokeSpecial(java.lang.Object, java.lang.Object, long)'> (0x000000070f43ce38) 
thrown [s\src\hotspot\share\interpreter\linkResolver.cpp, line 759]
Event: 1.585 Thread 0x000001ec4a96db60 Exception <a 'java/lang/NoSuchMethodError'{0x000000070f4409a8}: 'java.lang.Object java.lang.invoke.Invokers$Holder.linkToTargetMethod(java.lang.Object, long, java.lang.Object)'> (0x000000070f4409a8) 
thrown [s\src\hotspot\share\interpreter\linkResolver.cpp, line 759]
Event: 3.547 Thread 0x000001ec4a96db60 Exception <a 'java/lang/NoSuchMethodError'{0x0000000711448560}: static Lcom/clases/usuario;.<clinit>()V> (0x0000000711448560) 
thrown [s\src\hotspot\share\prims\jni.cpp, line 1107]
Event: 4.196 Thread 0x000001ec4a96db60 Exception <a 'java/io/FileNotFoundException'{0x0000000712c26e68}> (0x0000000712c26e68) 
thrown [s\src\hotspot\share\prims\jni.cpp, line 516]

VM Operations (20 events):
Event: 4.023 Executing VM operation: G1Concurrent done
Event: 4.062 Executing VM operation: G1TryInitiateConcMark
Event: 4.067 Executing VM operation: G1TryInitiateConcMark done
Event: 4.071 Executing VM operation: G1Concurrent
Event: 4.085 Executing VM operation: G1Concurrent done
Event: 4.086 Executing VM operation: G1Concurrent
Event: 4.086 Executing VM operation: G1Concurrent done
Event: 5.279 Executing VM operation: G1TryInitiateConcMark
Event: 5.283 Executing VM operation: G1TryInitiateConcMark done
Event: 5.288 Executing VM operation: G1Concurrent
Event: 5.299 Executing VM operation: G1Concurrent done
Event: 5.301 Executing VM operation: G1Concurrent
Event: 5.301 Executing VM operation: G1Concurrent done
Event: 5.394 Executing VM operation: G1TryInitiateConcMark
Event: 5.398 Executing VM operation: G1TryInitiateConcMark done
Event: 5.402 Executing VM operation: G1Concurrent
Event: 5.410 Executing VM operation: G1Concurrent done
Event: 5.412 Executing VM operation: G1Concurrent
Event: 5.412 Executing VM operation: G1Concurrent done
Event: 5.501 Executing VM operation: G1TryInitiateConcMark

Events (20 events):
Event: 3.548 loading class java/io/ObjectStreamClass$4
Event: 3.548 loading class java/io/ObjectStreamClass$4 done
Event: 3.548 loading class java/io/ObjectStreamClass$5
Event: 3.548 loading class java/io/ObjectStreamClass$5 done
Event: 3.548 loading class sun/security/provider/SHA
Event: 3.548 loading class sun/security/provider/SHA done
Event: 3.548 loading class sun/security/provider/ByteArrayAccess$BE
Event: 3.548 loading class sun/security/provider/ByteArrayAccess$BE done
Event: 3.549 loading class java/io/ObjectStreamClass$ClassDataSlot
Event: 3.549 loading class java/io/ObjectStreamClass$ClassDataSlot done
Event: 3.549 loading class java/io/ObjectInputStream$FieldValues
Event: 3.549 loading class java/io/ObjectInputStream$GetField
Event: 3.549 loading class java/io/ObjectInputStream$GetField done
Event: 3.549 loading class java/io/ObjectInputStream$FieldValues done
Event: 4.005 loading class java/lang/Byte$ByteCache
Event: 4.005 loading class java/lang/Byte$ByteCache done
Event: 4.005 loading class java/lang/Short$ShortCache
Event: 4.005 loading class java/lang/Short$ShortCache done
Event: 4.205 Thread 0x000001ec51d1cba0 Thread added: 0x000001ec51d1cba0
Event: 4.404 Thread 0x000001ec51d1cba0 Thread exited: 0x000001ec51d1cba0


Dynamic libraries:
0x00007ff6d1620000 - 0x00007ff6d162e000 	C:\Program Files\Eclipse Adoptium\jdk-17.0.4.8-hotspot\bin\java.exe
0x00007ffce7ad0000 - 0x00007ffce7ce4000 	C:\WINDOWS\SYSTEM32\ntdll.dll
0x00007ffce6fb0000 - 0x00007ffce7072000 	C:\WINDOWS\System32\KERNEL32.DLL
0x00007ffce53d0000 - 0x00007ffce576d000 	C:\WINDOWS\System32\KERNELBASE.dll
0x00007ffce52b0000 - 0x00007ffce53c1000 	C:\WINDOWS\System32\ucrtbase.dll
0x00007ffcb2f50000 - 0x00007ffcb2f68000 	C:\Program Files\Eclipse Adoptium\jdk-17.0.4.8-hotspot\bin\jli.dll
0x00007ffcaf9c0000 - 0x00007ffcaf9d9000 	C:\Program Files\Eclipse Adoptium\jdk-17.0.4.8-hotspot\bin\VCRUNTIME140.dll
0x00007ffce5b60000 - 0x00007ffce5d0d000 	C:\WINDOWS\System32\USER32.dll
0x00007ffcc7fd0000 - 0x00007ffcc825e000 	C:\WINDOWS\WinSxS\amd64_microsoft.windows.common-controls_6595b64144ccf1df_6.0.22621.436_none_a94247dbc10d8414\COMCTL32.dll
0x00007ffce5210000 - 0x00007ffce5236000 	C:\WINDOWS\System32\win32u.dll
0x00007ffce6a20000 - 0x00007ffce6ac7000 	C:\WINDOWS\System32\msvcrt.dll
0x00007ffce6610000 - 0x00007ffce6639000 	C:\WINDOWS\System32\GDI32.dll
0x00007ffce4f80000 - 0x00007ffce5092000 	C:\WINDOWS\System32\gdi32full.dll
0x00007ffce5830000 - 0x00007ffce58ca000 	C:\WINDOWS\System32\msvcp_win.dll
0x00007ffce6780000 - 0x00007ffce67b2000 	C:\WINDOWS\System32\IMM32.DLL
0x00007ffcc3c00000 - 0x00007ffcc3c0c000 	C:\Program Files\Eclipse Adoptium\jdk-17.0.4.8-hotspot\bin\vcruntime140_1.dll
0x00007ffcae0f0000 - 0x00007ffcae181000 	C:\Program Files\Eclipse Adoptium\jdk-17.0.4.8-hotspot\bin\msvcp140.dll
0x00007ffc6b620000 - 0x00007ffc6c266000 	C:\Program Files\Eclipse Adoptium\jdk-17.0.4.8-hotspot\bin\server\jvm.dll
0x00007ffce6970000 - 0x00007ffce6a1e000 	C:\WINDOWS\System32\ADVAPI32.dll
0x00007ffce68c0000 - 0x00007ffce6964000 	C:\WINDOWS\System32\sechost.dll
0x00007ffce5d10000 - 0x00007ffce5e25000 	C:\WINDOWS\System32\RPCRT4.dll
0x00007ffce6af0000 - 0x00007ffce6af8000 	C:\WINDOWS\System32\PSAPI.DLL
0x00007ffcdc620000 - 0x00007ffcdc654000 	C:\WINDOWS\SYSTEM32\WINMM.dll
0x00007ffcc6da0000 - 0x00007ffcc6da9000 	C:\WINDOWS\SYSTEM32\WSOCK32.dll
0x00007ffcdb5b0000 - 0x00007ffcdb5ba000 	C:\WINDOWS\SYSTEM32\VERSION.dll
0x00007ffce6640000 - 0x00007ffce66b1000 	C:\WINDOWS\System32\WS2_32.dll
0x00007ffce3fe0000 - 0x00007ffce3ff8000 	C:\WINDOWS\SYSTEM32\kernel.appcore.dll
0x00007ffcc3750000 - 0x00007ffcc375a000 	C:\Program Files\Eclipse Adoptium\jdk-17.0.4.8-hotspot\bin\jimage.dll
0x00007ffce2250000 - 0x00007ffce247e000 	C:\WINDOWS\SYSTEM32\DBGHELP.DLL
0x00007ffce7080000 - 0x00007ffce740a000 	C:\WINDOWS\System32\combase.dll
0x00007ffce78f0000 - 0x00007ffce79c7000 	C:\WINDOWS\System32\OLEAUT32.dll
0x00007ffcbc9f0000 - 0x00007ffcbca22000 	C:\WINDOWS\SYSTEM32\dbgcore.DLL
0x00007ffce4f00000 - 0x00007ffce4f7b000 	C:\WINDOWS\System32\bcryptPrimitives.dll
0x00007ffcaf990000 - 0x00007ffcaf9b5000 	C:\Program Files\Eclipse Adoptium\jdk-17.0.4.8-hotspot\bin\java.dll
0x00007ffc78df0000 - 0x00007ffc78ec6000 	C:\Program Files\Eclipse Adoptium\jdk-17.0.4.8-hotspot\bin\jsvml.dll
0x00007ffce5e30000 - 0x00007ffce6610000 	C:\WINDOWS\System32\SHELL32.dll
0x00007ffce2f40000 - 0x00007ffce3808000 	C:\WINDOWS\SYSTEM32\windows.storage.dll
0x00007ffce2e00000 - 0x00007ffce2f3e000 	C:\WINDOWS\SYSTEM32\wintypes.dll
0x00007ffce6c80000 - 0x00007ffce6d71000 	C:\WINDOWS\System32\SHCORE.dll
0x00007ffce6c20000 - 0x00007ffce6c7e000 	C:\WINDOWS\System32\shlwapi.dll
0x00007ffce4e30000 - 0x00007ffce4e51000 	C:\WINDOWS\SYSTEM32\profapi.dll
0x00007ffcaf970000 - 0x00007ffcaf989000 	C:\Program Files\Eclipse Adoptium\jdk-17.0.4.8-hotspot\bin\net.dll
0x00007ffcdc910000 - 0x00007ffcdca3f000 	C:\WINDOWS\SYSTEM32\WINHTTP.dll
0x00007ffce44c0000 - 0x00007ffce4529000 	C:\WINDOWS\system32\mswsock.dll
0x00007ffcaf950000 - 0x00007ffcaf965000 	C:\Program Files\Eclipse Adoptium\jdk-17.0.4.8-hotspot\bin\nio.dll
0x00007ffcae8d0000 - 0x00007ffcae8e8000 	C:\Program Files\Eclipse Adoptium\jdk-17.0.4.8-hotspot\bin\zip.dll
0x000001ec266b0000 - 0x000001ec266b3000 	C:\Users\Santiago Leal\.openjfx\cache\13\api-ms-win-core-console-l1-1-0.dll
0x000001ec266c0000 - 0x000001ec266c3000 	C:\Users\Santiago Leal\.openjfx\cache\13\api-ms-win-core-datetime-l1-1-0.dll
0x000001ec266d0000 - 0x000001ec266d3000 	C:\Users\Santiago Leal\.openjfx\cache\13\api-ms-win-core-debug-l1-1-0.dll
0x000001ec266e0000 - 0x000001ec266e3000 	C:\Users\Santiago Leal\.openjfx\cache\13\api-ms-win-core-errorhandling-l1-1-0.dll
0x000001ec496e0000 - 0x000001ec496e4000 	C:\Users\Santiago Leal\.openjfx\cache\13\api-ms-win-core-file-l1-1-0.dll
0x000001ec496f0000 - 0x000001ec496f3000 	C:\Users\Santiago Leal\.openjfx\cache\13\api-ms-win-core-file-l1-2-0.dll
0x000001ec49700000 - 0x000001ec49703000 	C:\Users\Santiago Leal\.openjfx\cache\13\api-ms-win-core-file-l2-1-0.dll
0x000001ec49710000 - 0x000001ec49713000 	C:\Users\Santiago Leal\.openjfx\cache\13\api-ms-win-core-handle-l1-1-0.dll
0x000001ec49720000 - 0x000001ec49723000 	C:\Users\Santiago Leal\.openjfx\cache\13\api-ms-win-core-heap-l1-1-0.dll
0x000001ec49730000 - 0x000001ec49733000 	C:\Users\Santiago Leal\.openjfx\cache\13\api-ms-win-core-interlocked-l1-1-0.dll
0x000001ec49740000 - 0x000001ec49743000 	C:\Users\Santiago Leal\.openjfx\cache\13\api-ms-win-core-libraryloader-l1-1-0.dll
0x000001ec49750000 - 0x000001ec49753000 	C:\Users\Santiago Leal\.openjfx\cache\13\api-ms-win-core-localization-l1-2-0.dll
0x000001ec49760000 - 0x000001ec49763000 	C:\Users\Santiago Leal\.openjfx\cache\13\api-ms-win-core-memory-l1-1-0.dll
0x000001ec49770000 - 0x000001ec49773000 	C:\Users\Santiago Leal\.openjfx\cache\13\api-ms-win-core-namedpipe-l1-1-0.dll
0x000001ec49780000 - 0x000001ec49783000 	C:\Users\Santiago Leal\.openjfx\cache\13\api-ms-win-core-processenvironment-l1-1-0.dll
0x000001ec49790000 - 0x000001ec49793000 	C:\Users\Santiago Leal\.openjfx\cache\13\api-ms-win-core-processthreads-l1-1-0.dll
0x000001ec497a0000 - 0x000001ec497a3000 	C:\Users\Santiago Leal\.openjfx\cache\13\api-ms-win-core-processthreads-l1-1-1.dll
0x000001ec497b0000 - 0x000001ec497b3000 	C:\Users\Santiago Leal\.openjfx\cache\13\api-ms-win-core-profile-l1-1-0.dll
0x000001ec497c0000 - 0x000001ec497c3000 	C:\Users\Santiago Leal\.openjfx\cache\13\api-ms-win-core-rtlsupport-l1-1-0.dll
0x000001ec497d0000 - 0x000001ec497d3000 	C:\Users\Santiago Leal\.openjfx\cache\13\api-ms-win-core-string-l1-1-0.dll
0x000001ec497e0000 - 0x000001ec497e3000 	C:\Users\Santiago Leal\.openjfx\cache\13\api-ms-win-core-synch-l1-1-0.dll
0x000001ec497f0000 - 0x000001ec497f3000 	C:\Users\Santiago Leal\.openjfx\cache\13\api-ms-win-core-synch-l1-2-0.dll
0x000001ec4ad30000 - 0x000001ec4ad33000 	C:\Users\Santiago Leal\.openjfx\cache\13\api-ms-win-core-sysinfo-l1-1-0.dll
0x000001ec4ad40000 - 0x000001ec4ad43000 	C:\Users\Santiago Leal\.openjfx\cache\13\api-ms-win-core-timezone-l1-1-0.dll
0x000001ec4ad50000 - 0x000001ec4ad53000 	C:\Users\Santiago Leal\.openjfx\cache\13\api-ms-win-core-util-l1-1-0.dll
0x000001ec4ad60000 - 0x000001ec4ad63000 	C:\Users\Santiago Leal\.openjfx\cache\13\api-ms-win-crt-conio-l1-1-0.dll
0x000001ec4ad70000 - 0x000001ec4ad74000 	C:\Users\Santiago Leal\.openjfx\cache\13\api-ms-win-crt-convert-l1-1-0.dll
0x000001ec4ad80000 - 0x000001ec4ad83000 	C:\Users\Santiago Leal\.openjfx\cache\13\api-ms-win-crt-environment-l1-1-0.dll
0x000001ec4ad90000 - 0x000001ec4ad93000 	C:\Users\Santiago Leal\.openjfx\cache\13\api-ms-win-crt-filesystem-l1-1-0.dll
0x000001ec4ada0000 - 0x000001ec4ada3000 	C:\Users\Santiago Leal\.openjfx\cache\13\api-ms-win-crt-heap-l1-1-0.dll
0x000001ec4adb0000 - 0x000001ec4adb3000 	C:\Users\Santiago Leal\.openjfx\cache\13\api-ms-win-crt-locale-l1-1-0.dll
0x000001ec4adc0000 - 0x000001ec4adc5000 	C:\Users\Santiago Leal\.openjfx\cache\13\api-ms-win-crt-math-l1-1-0.dll
0x000001ec4add0000 - 0x000001ec4add5000 	C:\Users\Santiago Leal\.openjfx\cache\13\api-ms-win-crt-multibyte-l1-1-0.dll
0x000001ec4ade0000 - 0x000001ec4adf0000 	C:\Users\Santiago Leal\.openjfx\cache\13\api-ms-win-crt-private-l1-1-0.dll
0x000001ec4adf0000 - 0x000001ec4adf3000 	C:\Users\Santiago Leal\.openjfx\cache\13\api-ms-win-crt-process-l1-1-0.dll
0x000001ec4ae00000 - 0x000001ec4ae04000 	C:\Users\Santiago Leal\.openjfx\cache\13\api-ms-win-crt-runtime-l1-1-0.dll
0x000001ec4ae10000 - 0x000001ec4ae14000 	C:\Users\Santiago Leal\.openjfx\cache\13\api-ms-win-crt-stdio-l1-1-0.dll
0x000001ec4ae20000 - 0x000001ec4ae24000 	C:\Users\Santiago Leal\.openjfx\cache\13\api-ms-win-crt-string-l1-1-0.dll
0x000001ec4ae30000 - 0x000001ec4ae33000 	C:\Users\Santiago Leal\.openjfx\cache\13\api-ms-win-crt-time-l1-1-0.dll
0x000001ec4ae40000 - 0x000001ec4ae43000 	C:\Users\Santiago Leal\.openjfx\cache\13\api-ms-win-crt-utility-l1-1-0.dll
0x00007ffc89b90000 - 0x00007ffc89c8c000 	C:\Users\Santiago Leal\.openjfx\cache\13\ucrtbase.dll
0x00007ffcc3960000 - 0x00007ffcc3975000 	C:\Users\Santiago Leal\.openjfx\cache\13\vcruntime140.dll
0x00007ffc989c0000 - 0x00007ffc98a5b000 	C:\Users\Santiago Leal\.openjfx\cache\13\msvcp140.dll
0x00007ffc8ad40000 - 0x00007ffc8ad91000 	C:\Users\Santiago Leal\.openjfx\cache\13\concrt140.dll
0x00007ffcb2f70000 - 0x00007ffcb2f93000 	C:\Users\Santiago Leal\.openjfx\cache\13\prism_d3d.dll
0x00007ffcc7e20000 - 0x00007ffcc7fc9000 	C:\WINDOWS\system32\d3d9.dll
0x00007ffce2980000 - 0x00007ffce29ab000 	C:\WINDOWS\SYSTEM32\dwmapi.dll
0x00007ffce24b0000 - 0x00007ffce24e6000 	C:\WINDOWS\SYSTEM32\dxcore.dll
0x00007ffce20f0000 - 0x00007ffce219b000 	C:\WINDOWS\system32\uxtheme.dll
0x00007ffcdb5c0000 - 0x00007ffcdb6d7000 	C:\WINDOWS\System32\DriverStore\FileRepository\nvhmig.inf_amd64_ce71cac5771f377d\nvldumdx.dll
0x00007ffce4b90000 - 0x00007ffce4ba2000 	C:\WINDOWS\SYSTEM32\msasn1.dll
0x00007ffcdb460000 - 0x00007ffcdb492000 	C:\WINDOWS\SYSTEM32\cryptnet.dll
0x00007ffce50a0000 - 0x00007ffce5206000 	C:\WINDOWS\System32\CRYPT32.dll
0x00007ffcdb1b0000 - 0x00007ffcdb308000 	C:\WINDOWS\SYSTEM32\drvstore.dll
0x00007ffce4c00000 - 0x00007ffce4c33000 	C:\WINDOWS\SYSTEM32\devobj.dll
0x00007ffce4bb0000 - 0x00007ffce4bfe000 	C:\WINDOWS\SYSTEM32\cfgmgr32.dll
0x00007ffce47b0000 - 0x00007ffce47f9000 	C:\WINDOWS\SYSTEM32\wldp.dll
0x00007ffce4720000 - 0x00007ffce472c000 	C:\WINDOWS\SYSTEM32\cryptbase.dll
0x00007ffce5240000 - 0x00007ffce52ab000 	C:\WINDOWS\System32\WINTRUST.DLL
0x00007ffce79d0000 - 0x00007ffce79ef000 	C:\WINDOWS\System32\imagehlp.dll
0x00007ffce4700000 - 0x00007ffce471b000 	C:\WINDOWS\SYSTEM32\CRYPTSP.dll
0x00007ffce3ee0000 - 0x00007ffce3f15000 	C:\WINDOWS\system32\rsaenh.dll
0x00007ffce48a0000 - 0x00007ffce48c8000 	C:\WINDOWS\SYSTEM32\bcrypt.dll
0x00007ffc5eaa0000 - 0x00007ffc602aa000 	C:\WINDOWS\System32\DriverStore\FileRepository\nvhmig.inf_amd64_ce71cac5771f377d\nvd3dumx.dll
0x00007ffcdfc70000 - 0x00007ffcdfcb8000 	C:\WINDOWS\SYSTEM32\directxdatabasehelper.dll
0x00007ffc885b0000 - 0x00007ffc8875c000 	C:\WINDOWS\System32\DriverStore\FileRepository\61_hp_coffeelake_hws_iigd_dch.inf_amd64_8689aabe3f30acb1\igdumdim64.dll
0x00007ffce58d0000 - 0x00007ffce5a6c000 	C:\WINDOWS\System32\ole32.dll
0x00007ffc4a240000 - 0x00007ffc4ea9b000 	C:\WINDOWS\System32\DriverStore\FileRepository\61_hp_coffeelake_hws_iigd_dch.inf_amd64_8689aabe3f30acb1\igd9dxva64.dll
0x00007ffce7470000 - 0x00007ffce78ea000 	C:\WINDOWS\System32\SETUPAPI.dll
0x00007ffccf3d0000 - 0x00007ffccf7da000 	C:\WINDOWS\System32\DriverStore\FileRepository\61_hp_coffeelake_hws_iigd_dch.inf_amd64_8689aabe3f30acb1\igdgmm64.dll
0x00007ffcaf9e0000 - 0x00007ffcafa25000 	C:\Users\Santiago Leal\.openjfx\cache\13\glass.dll
0x00007ffce67c0000 - 0x00007ffce68b7000 	C:\WINDOWS\System32\COMDLG32.dll
0x00007ffce6b00000 - 0x00007ffce6c1e000 	C:\WINDOWS\System32\MSCTF.dll
0x00007ffc76af0000 - 0x00007ffc76dbe000 	C:\WINDOWS\system32\nvspcap64.dll
0x00007ffce4000000 - 0x00007ffce4034000 	C:\WINDOWS\SYSTEM32\ntmarta.dll
0x00007ffce4550000 - 0x00007ffce4576000 	C:\WINDOWS\SYSTEM32\gpapi.dll
0x00007ffcc37d0000 - 0x00007ffcc37e4000 	C:\Users\Santiago Leal\.openjfx\cache\13\javafx_font.dll
0x00007ffce0b10000 - 0x00007ffce0d77000 	C:\WINDOWS\SYSTEM32\dwrite.dll
0x00007ffce66c0000 - 0x00007ffce6777000 	C:\WINDOWS\System32\clbcatq.dll
0x00007ffce0960000 - 0x00007ffce0b10000 	C:\WINDOWS\SYSTEM32\WindowsCodecs.dll
0x00007ffca4640000 - 0x00007ffca469e000 	C:\WINDOWS\system32\dataexchange.dll
0x00007ffcddf50000 - 0x00007ffcde1ba000 	C:\WINDOWS\system32\twinapi.appcore.dll

dbghelp: loaded successfully - version: 4.0.5 - missing functions: none
symbol engine: initialized successfully - sym options: 0x614 - pdb path: .;C:\Program Files\Eclipse Adoptium\jdk-17.0.4.8-hotspot\bin;C:\WINDOWS\SYSTEM32;C:\WINDOWS\WinSxS\amd64_microsoft.windows.common-controls_6595b64144ccf1df_6.0.22621.436_none_a94247dbc10d8414;C:\Program Files\Eclipse Adoptium\jdk-17.0.4.8-hotspot\bin\server;C:\Users\Santiago Leal\.openjfx\cache\13;C:\WINDOWS\System32\DriverStore\FileRepository\nvhmig.inf_amd64_ce71cac5771f377d;C:\WINDOWS\System32\DriverStore\FileRepository\61_hp_coffeelake_hws_iigd_dch.inf_amd64_8689aabe3f30acb1;C:\Program Files\Common Files\Microsoft Shared\Ink

VM Arguments:
jvm_args: -XX:+ShowCodeDetailsInExceptionMessages --module-path=C:\Users\Santiago Leal\Desktop\INGESOF PROYECTO\demo\target\classes;C:\Users\Santiago Leal\.m2\repository\org\openjfx\javafx-controls\13\javafx-controls-13-win.jar;C:\Users\Santiago Leal\.m2\repository\org\openjfx\javafx-graphics\13\javafx-graphics-13-win.jar;C:\Users\Santiago Leal\.m2\repository\org\openjfx\javafx-base\13\javafx-base-13-win.jar;C:\Users\Santiago Leal\.m2\repository\org\openjfx\javafx-fxml\13\javafx-fxml-13-win.jar;C:\Users\Santiago Leal\.m2\repository\org\projectlombok\lombok\1.18.24\lombok-1.18.24.jar -Djdk.module.main=com.example 
java_command: com.example/com.example.App
java_class_path (initial): C:\Users\Santiago Leal\.m2\repository\org\openjfx\javafx-controls\13\javafx-controls-13.jar;C:\Users\Santiago Leal\.m2\repository\org\openjfx\javafx-graphics\13\javafx-graphics-13.jar;C:\Users\Santiago Leal\.m2\repository\org\openjfx\javafx-base\13\javafx-base-13.jar;C:\Users\Santiago Leal\.m2\repository\org\openjfx\javafx-fxml\13\javafx-fxml-13.jar
Launcher Type: SUN_STANDARD

[Global flags]
     intx CICompilerCount                          = 4                                         {product} {ergonomic}
     uint ConcGCThreads                            = 2                                         {product} {ergonomic}
     uint G1ConcRefinementThreads                  = 8                                         {product} {ergonomic}
   size_t G1HeapRegionSize                         = 2097152                                   {product} {ergonomic}
    uintx GCDrainStackTargetSize                   = 64                                        {product} {ergonomic}
   size_t InitialHeapSize                          = 268435456                                 {product} {ergonomic}
   size_t MarkStackSize                            = 4194304                                   {product} {ergonomic}
   size_t MaxHeapSize                              = 4265607168                                {product} {ergonomic}
   size_t MaxNewSize                               = 2558525440                                {product} {ergonomic}
   size_t MinHeapDeltaBytes                        = 2097152                                   {product} {ergonomic}
   size_t MinHeapSize                              = 8388608                                   {product} {ergonomic}
    uintx NonNMethodCodeHeapSize                   = 5839372                                {pd product} {ergonomic}
    uintx NonProfiledCodeHeapSize                  = 122909434                              {pd product} {ergonomic}
    uintx ProfiledCodeHeapSize                     = 122909434                              {pd product} {ergonomic}
    uintx ReservedCodeCacheSize                    = 251658240                              {pd product} {ergonomic}
     bool SegmentedCodeCache                       = true                                      {product} {ergonomic}
     bool ShowCodeDetailsInExceptionMessages       = true                                   {manageable} {command line}
   size_t SoftMaxHeapSize                          = 4265607168                             {manageable} {ergonomic}
     bool UseCompressedClassPointers               = true                           {product lp64_product} {ergonomic}
     bool UseCompressedOops                        = true                           {product lp64_product} {ergonomic}
     bool UseG1GC                                  = true                                      {product} {ergonomic}
     bool UseLargePagesIndividualAllocation        = false                                  {pd product} {ergonomic}

Logging:
Log output configuration:
 #0: stdout all=warning uptime,level,tags
 #1: stderr all=off uptime,level,tags

Environment Variables:
JAVA_HOME=C:\Program Files\Eclipse Adoptium\jdk-17.0.4.8-hotspot\
PATH=C:\Program Files\Eclipse Adoptium\jdk-17.0.4.8-hotspot\bin;C:\Python310\Scripts\;C:\Python310\;C:\Program Files (x86)\Common Files\Oracle\Java\javapath;C:\Program Files (x86)\VMware\VMware Workstation\bin\;C:\Windows\system32;C:\Windows;C:\Windows\System32\Wbem;C:\Windows\System32\WindowsPowerShell\v1.0\;C:\Windows\System32\OpenSSH\;C:\Program Files (x86)\NVIDIA Corporation\PhysX\Common;C:\Program Files\Azure Data Studio\bin;C:\WINDOWS\system32;C:\WINDOWS;C:\WINDOWS\System32\Wbem;C:\WINDOWS\System32\WindowsPowerShell\v1.0\;C:\WINDOWS\System32\OpenSSH\;C:\Program Files\Git\cmd;C:\Program Files (x86)\NoteBook FanControl\;C:\Program Files (x86)\dotnet\;E:\nodejs\;C:\ProgramData\chocolatey\bin;;C:\Program Files\NVIDIA Corporation\NVIDIA NvDLISR;C:\Users\Santiago Leal\AppData\Local\Microsoft\WindowsApps;C:\Users\Santiago Leal\AppData\Local\GitHubDesktop\bin;E:\sqlite-tools-win32-x86-3360000;C:\Program Files\Azure Data Studio\bin;E:\Microsoft VS Code\bin;C:\MinGW\bin;C:\Users\Santiago Leal\AppData\Roaming\npm;E:\PyCharm Community Edition 2021.3.3\bin;;C:\Users\Santiago Leal\.dotnet\tools
USERNAME=Santiago Leal
LANG=es_419.UTF-8
OS=Windows_NT
PROCESSOR_IDENTIFIER=Intel64 Family 6 Model 158 Stepping 10, GenuineIntel
TMP=C:\Users\Santiago Leal\AppData\Local\Temp
TEMP=C:\Users\Santiago Leal\AppData\Local\Temp



---------------  S Y S T E M  ---------------

OS:
 Windows 11 , 64 bit Build 22621 (10.0.22621.891)
OS uptime: 2 days 9:36 hours

CPU: total 8 (initial active 8) (4 cores per cpu, 2 threads per core) family 6 model 158 stepping 10 microcode 0xf0, cx8, cmov, fxsr, ht, mmx, 3dnowpref, sse, sse2, sse3, ssse3, sse4.1, sse4.2, popcnt, lzcnt, tsc, tscinvbit, avx, avx2, aes, erms, clmul, bmi1, bmi2, adx, fma, vzeroupper, clflush, clflushopt

Memory: 4k page, system-wide physical 16265M (5156M free)
TotalPageFile size 16265M (AvailPageFile size 153M)
current process WorkingSet (physical memory assigned to process): 413M, peak: 413M
current process commit charge ("private bytes"): 702M, peak: 920M

vm_info: OpenJDK 64-Bit Server VM (17.0.4+8) for windows-amd64 JRE (17.0.4+8), built on Jul 19 2022 16:05:16 by "temurin" with MS VC++ 16.7 (VS2019)

END.
