#
# There is insufficient memory for the Java Runtime Environment to continue.
# Native memory allocation (mmap) failed to map 123731968 bytes for G1 virtual space
# Possible reasons:
#   The system is out of physical RAM or swap space
#   The process is running with CompressedOops enabled, and the Java Heap may be blocking the growth of the native heap
# Possible solutions:
#   Reduce memory load on the system
#   Increase physical memory or swap space
#   Check if swap backing store is full
#   Decrease Java heap size (-Xmx/-Xms)
#   Decrease number of Java threads
#   Decrease Java thread stack sizes (-Xss)
#   Set larger code cache with -XX:ReservedCodeCacheSize=
#   JVM is running with Zero Based Compressed Oops mode in which the Java heap is
#     placed in the first 32GB address space. The Java Heap base address is the
#     maximum limit for the native heap growth. Please use -XX:HeapBaseMinAddress
#     to set the Java Heap base and to place the Java Heap above 32GB virtual address.
# This output file may be truncated or incomplete.
#
#  Out of Memory Error (os_windows.cpp:3541), pid=24040, tid=26556
#
# JRE version: OpenJDK Runtime Environment Temurin-17.0.4+8 (17.0.4+8) (build 17.0.4+8)
# Java VM: OpenJDK 64-Bit Server VM Temurin-17.0.4+8 (17.0.4+8, mixed mode, sharing, tiered, compressed oops, compressed class ptrs, g1 gc, windows-amd64)
# No core dump will be written. Minidumps are not enabled by default on client versions of Windows
#

---------------  S U M M A R Y ------------

Command Line: -XX:+ShowCodeDetailsInExceptionMessages --module-path=C:\Users\Santiago Leal\Desktop\INGESOF PROYECTO\demo\target\classes;C:\Users\Santiago Leal\.m2\repository\org\openjfx\javafx-controls\13\javafx-controls-13-win.jar;C:\Users\Santiago Leal\.m2\repository\org\openjfx\javafx-graphics\13\javafx-graphics-13-win.jar;C:\Users\Santiago Leal\.m2\repository\org\openjfx\javafx-base\13\javafx-base-13-win.jar;C:\Users\Santiago Leal\.m2\repository\org\openjfx\javafx-fxml\13\javafx-fxml-13-win.jar;C:\Users\Santiago Leal\.m2\repository\org\projectlombok\lombok\1.18.24\lombok-1.18.24.jar -Djdk.module.main=com.example com.example/com.example.App

Host: Intel(R) Core(TM) i5-8300H CPU @ 2.30GHz, 8 cores, 15G,  Windows 11 , 64 bit Build 22621 (10.0.22621.891)
Time: Sun Nov 27 10:57:13 2022 Hora est. Pacífico, Sudamérica elapsed time: 4.974087 seconds (0d 0h 0m 4s)

---------------  T H R E A D  ---------------

Current thread (0x0000026f6e8df010):  VMThread "VM Thread" [stack: 0x0000007c4db00000,0x0000007c4dc00000] [id=26556]

Stack: [0x0000007c4db00000,0x0000007c4dc00000]
Native frames: (J=compiled Java code, j=interpreted, Vv=VM code, C=native code)
V  [jvm.dll+0x67733a]
V  [jvm.dll+0x8323c4]
V  [jvm.dll+0x833b6e]
V  [jvm.dll+0x8341d3]
V  [jvm.dll+0x2455e5]
V  [jvm.dll+0x674229]
V  [jvm.dll+0x668ab2]
V  [jvm.dll+0x30458b]
V  [jvm.dll+0x30bad6]
V  [jvm.dll+0x35ba7e]
V  [jvm.dll+0x35bcaf]
V  [jvm.dll+0x2db428]
V  [jvm.dll+0x2d96dc]
V  [jvm.dll+0x2d8cac]
V  [jvm.dll+0x31cf31]
V  [jvm.dll+0x83867b]
V  [jvm.dll+0x8393b4]
V  [jvm.dll+0x8398cc]
V  [jvm.dll+0x839ca4]
V  [jvm.dll+0x839d70]
V  [jvm.dll+0x7e245a]
V  [jvm.dll+0x6761c5]
C  [ucrtbase.dll+0x29363]
C  [KERNEL32.DLL+0x1244d]
C  [ntdll.dll+0x5dfb8]

VM_Operation (0x0000007c4edfb4a0): G1TryInitiateConcMark, mode: safepoint, requested by thread 0x0000026f6ff0bfe0


---------------  P R O C E S S  ---------------

Threads class SMR info:
_java_thread_list=0x0000026f708efb90, length=19, elements={
0x0000026f4b960960, 0x0000026f6e8e2aa0, 0x0000026f6e8e4660, 0x0000026f6e8fbb50,
0x0000026f6e8fc410, 0x0000026f6e8fcdc0, 0x0000026f6e8fd770, 0x0000026f6e903960,
0x0000026f6e90c360, 0x0000026f6e90e060, 0x0000026f6e8ce130, 0x0000026f6f8b9950,
0x0000026f6fc277c0, 0x0000026f6fe68ee0, 0x0000026f6ff0bfe0, 0x0000026f708898c0,
0x0000026f708be020, 0x0000026f70a2bd40, 0x0000026f70a2b870
}

Java Threads: ( => current thread )
  0x0000026f4b960960 JavaThread "main" [_thread_blocked, id=19736, stack(0x0000007c4d500000,0x0000007c4d600000)]
  0x0000026f6e8e2aa0 JavaThread "Reference Handler" daemon [_thread_blocked, id=22428, stack(0x0000007c4dc00000,0x0000007c4dd00000)]
  0x0000026f6e8e4660 JavaThread "Finalizer" daemon [_thread_blocked, id=17644, stack(0x0000007c4dd00000,0x0000007c4de00000)]
  0x0000026f6e8fbb50 JavaThread "Signal Dispatcher" daemon [_thread_blocked, id=28224, stack(0x0000007c4de00000,0x0000007c4df00000)]
  0x0000026f6e8fc410 JavaThread "Attach Listener" daemon [_thread_blocked, id=29124, stack(0x0000007c4df00000,0x0000007c4e000000)]
  0x0000026f6e8fcdc0 JavaThread "Service Thread" daemon [_thread_blocked, id=24604, stack(0x0000007c4e000000,0x0000007c4e100000)]
  0x0000026f6e8fd770 JavaThread "Monitor Deflation Thread" daemon [_thread_blocked, id=7484, stack(0x0000007c4e100000,0x0000007c4e200000)]
  0x0000026f6e903960 JavaThread "C2 CompilerThread0" daemon [_thread_blocked, id=24384, stack(0x0000007c4e200000,0x0000007c4e300000)]
  0x0000026f6e90c360 JavaThread "C1 CompilerThread0" daemon [_thread_blocked, id=9544, stack(0x0000007c4e300000,0x0000007c4e400000)]
  0x0000026f6e90e060 JavaThread "Sweeper thread" daemon [_thread_blocked, id=21116, stack(0x0000007c4e400000,0x0000007c4e500000)]
  0x0000026f6e8ce130 JavaThread "Common-Cleaner" daemon [_thread_blocked, id=25400, stack(0x0000007c4e500000,0x0000007c4e600000)]
  0x0000026f6f8b9950 JavaThread "Notification Thread" daemon [_thread_blocked, id=16108, stack(0x0000007c4e800000,0x0000007c4e900000)]
  0x0000026f6fc277c0 JavaThread "QuantumRenderer-0" daemon [_thread_blocked, id=26960, stack(0x0000007c4ea00000,0x0000007c4eb00000)]
  0x0000026f6fe68ee0 JavaThread "InvokeLaterDispatcher" daemon [_thread_blocked, id=23624, stack(0x0000007c4ec00000,0x0000007c4ed00000)]
  0x0000026f6ff0bfe0 JavaThread "JavaFX Application Thread" [_thread_blocked, id=28320, stack(0x0000007c4ed00000,0x0000007c4ee00000)]
  0x0000026f708898c0 JavaThread "JavaFX-Launcher" [_thread_blocked, id=3720, stack(0x0000007c4e700000,0x0000007c4e800000)]
  0x0000026f708be020 JavaThread "Thread-2" daemon [_thread_blocked, id=28416, stack(0x0000007c4e600000,0x0000007c4e700000)]
  0x0000026f70a2bd40 JavaThread "Prism Font Disposer" daemon [_thread_blocked, id=17576, stack(0x0000007c4f540000,0x0000007c4f640000)]
  0x0000026f70a2b870 JavaThread "Cleaner-0" daemon [_thread_blocked, id=7960, stack(0x0000007c4fb40000,0x0000007c4fc40000)]

Other Threads:
=>0x0000026f6e8df010 VMThread "VM Thread" [stack: 0x0000007c4db00000,0x0000007c4dc00000] [id=26556]
  0x0000026f4b9eace0 WatcherThread [stack: 0x0000007c4e900000,0x0000007c4ea00000] [id=19660]
  0x0000026f4b9c70b0 GCTaskThread "GC Thread#0" [stack: 0x0000007c4d600000,0x0000007c4d700000] [id=29672]
  0x0000026f7088af60 GCTaskThread "GC Thread#1" [stack: 0x0000007c4f040000,0x0000007c4f140000] [id=15096]
  0x0000026f70808fa0 GCTaskThread "GC Thread#2" [stack: 0x0000007c4f140000,0x0000007c4f240000] [id=7204]
  0x0000026f70765de0 GCTaskThread "GC Thread#3" [stack: 0x0000007c4f240000,0x0000007c4f340000] [id=24156]
  0x0000026f7092df60 GCTaskThread "GC Thread#4" [stack: 0x0000007c4f340000,0x0000007c4f440000] [id=21432]
  0x0000026f707ab410 GCTaskThread "GC Thread#5" [stack: 0x0000007c4f440000,0x0000007c4f540000] [id=20444]
  0x0000026f70acd210 GCTaskThread "GC Thread#6" [stack: 0x0000007c4f940000,0x0000007c4fa40000] [id=25392]
  0x0000026f70acda20 GCTaskThread "GC Thread#7" [stack: 0x0000007c4fa40000,0x0000007c4fb40000] [id=24628]
  0x0000026f4b9d8fa0 ConcurrentGCThread "G1 Main Marker" [stack: 0x0000007c4d700000,0x0000007c4d800000] [id=18284]
  0x0000026f4b9da9c0 ConcurrentGCThread "G1 Conc#0" [stack: 0x0000007c4d800000,0x0000007c4d900000] [id=1796]
  0x0000026f70ace4e0 ConcurrentGCThread "G1 Conc#1" [stack: 0x0000007c4fc50000,0x0000007c4fd50000] [id=29648]
  0x0000026f6e7954f0 ConcurrentGCThread "G1 Refine#0" [stack: 0x0000007c4d900000,0x0000007c4da00000] [id=7396]
  0x0000026f6e796cd0 ConcurrentGCThread "G1 Service" [stack: 0x0000007c4da00000,0x0000007c4db00000] [id=29448]

Threads with active compile tasks:

VM state: at safepoint (normal execution)

VM Mutex/Monitor currently owned by a thread:  ([mutex/lock_event])
[0x0000026f4b95be00] Threads_lock - owner thread: 0x0000026f6e8df010
[0x0000026f4b95b980] Heap_lock - owner thread: 0x0000026f6ff0bfe0

Heap address: 0x0000000701c00000, size: 4068 MB, Compressed Oops mode: Zero based, Oop shift amount: 3

CDS archive(s) mapped at: [0x0000000800000000-0x0000000800bc0000-0x0000000800bc0000), size 12320768, SharedBaseAddress: 0x0000000800000000, ArchiveRelocationMode: 0.
Compressed class space mapped at: 0x0000000800c00000-0x0000000840c00000, reserved size: 1073741824
Narrow klass base: 0x0000000800000000, Narrow klass shift: 0, Narrow klass range: 0x100000000

GC Precious Log:
 CPUs: 8 total, 8 available
 Memory: 16265M
 Large Page Support: Disabled
 NUMA Support: Disabled
 Compressed Oops: Enabled (Zero based)
 Heap Region Size: 2M
 Heap Min Capacity: 8M
 Heap Initial Capacity: 256M
 Heap Max Capacity: 4068M
 Pre-touch: Disabled
 Parallel Workers: 8
 Concurrent Workers: 2
 Concurrent Refinement Workers: 8
 Periodic GC: Disabled

Heap:
 garbage-first heap   total 356352K, used 207615K [0x0000000701c00000, 0x0000000800000000)
  region size 2048K, 2 young (4096K), 2 survivors (4096K)
 Metaspace       used 15704K, committed 16000K, reserved 1064960K
  class space    used 2275K, committed 2432K, reserved 1048576K

Heap Regions: E=young(eden), S=young(survivor), O=old, HS=humongous(starts), HC=humongous(continues), CS=collection set, F=free, OA=open archive, CA=closed archive, TAMS=top-at-mark-start (previous, next)
|   0|0x0000000701c00000, 0x0000000701e00000, 0x0000000701e00000|100%| O|  |TAMS 0x0000000701c00000, 0x0000000701e00000| Untracked 
|   1|0x0000000701e00000, 0x0000000701e96200, 0x0000000702000000| 29%| O|  |TAMS 0x0000000701e00000, 0x0000000701e96008| Untracked 
|   2|0x0000000702000000, 0x0000000702000000, 0x0000000702200000|  0%| F|  |TAMS 0x0000000702000000, 0x0000000702000000| Untracked 
|   3|0x0000000702200000, 0x0000000702200000, 0x0000000702400000|  0%| F|  |TAMS 0x0000000702200000, 0x0000000702200000| Untracked 
|   4|0x0000000702400000, 0x0000000702400000, 0x0000000702600000|  0%| F|  |TAMS 0x0000000702400000, 0x0000000702400000| Untracked 
|   5|0x0000000702600000, 0x0000000702600000, 0x0000000702800000|  0%| F|  |TAMS 0x0000000702600000, 0x0000000702600000| Untracked 
|   6|0x0000000702800000, 0x0000000702800000, 0x0000000702a00000|  0%| F|  |TAMS 0x0000000702800000, 0x0000000702800000| Untracked 
|   7|0x0000000702a00000, 0x0000000702a00000, 0x0000000702c00000|  0%| F|  |TAMS 0x0000000702a00000, 0x0000000702a00000| Untracked 
|   8|0x0000000702c00000, 0x0000000702e00000, 0x0000000702e00000|100%|HS|  |TAMS 0x0000000702e00000, 0x0000000702e00000| Complete 
|   9|0x0000000702e00000, 0x0000000703000000, 0x0000000703000000|100%|HC|  |TAMS 0x0000000703000000, 0x0000000703000000| Complete 
|  10|0x0000000703000000, 0x0000000703200000, 0x0000000703200000|100%|HC|  |TAMS 0x0000000703200000, 0x0000000703200000| Complete 
|  11|0x0000000703200000, 0x0000000703400000, 0x0000000703400000|100%|HC|  |TAMS 0x0000000703400000, 0x0000000703400000| Complete 
|  12|0x0000000703400000, 0x0000000703600000, 0x0000000703600000|100%|HC|  |TAMS 0x0000000703600000, 0x0000000703600000| Complete 
|  13|0x0000000703600000, 0x0000000703800000, 0x0000000703800000|100%|HS|  |TAMS 0x0000000703800000, 0x0000000703800000| Complete 
|  14|0x0000000703800000, 0x0000000703a00000, 0x0000000703a00000|100%|HS|  |TAMS 0x0000000703a00000, 0x0000000703a00000| Complete 
|  15|0x0000000703a00000, 0x0000000703c00000, 0x0000000703c00000|100%|HC|  |TAMS 0x0000000703c00000, 0x0000000703c00000| Complete 
|  16|0x0000000703c00000, 0x0000000703e00000, 0x0000000703e00000|100%| O|  |TAMS 0x0000000703ccc400, 0x0000000703e00000| Untracked 
|  17|0x0000000703e00000, 0x0000000703e00000, 0x0000000704000000|  0%| F|  |TAMS 0x0000000703e00000, 0x0000000703e00000| Untracked 
|  18|0x0000000704000000, 0x0000000704200000, 0x0000000704200000|100%| O|  |TAMS 0x0000000704200000, 0x0000000704200000| Untracked 
|  19|0x0000000704200000, 0x0000000704400000, 0x0000000704400000|100%|HS|  |TAMS 0x0000000704400000, 0x0000000704400000| Complete 
|  20|0x0000000704400000, 0x0000000704600000, 0x0000000704600000|100%|HC|  |TAMS 0x0000000704600000, 0x0000000704600000| Complete 
|  21|0x0000000704600000, 0x0000000704800000, 0x0000000704800000|100%|HC|  |TAMS 0x0000000704800000, 0x0000000704800000| Complete 
|  22|0x0000000704800000, 0x0000000704a00000, 0x0000000704a00000|100%|HC|  |TAMS 0x0000000704a00000, 0x0000000704a00000| Complete 
|  23|0x0000000704a00000, 0x0000000704c00000, 0x0000000704c00000|100%|HC|  |TAMS 0x0000000704c00000, 0x0000000704c00000| Complete 
|  24|0x0000000704c00000, 0x0000000704e00000, 0x0000000704e00000|100%|HC|  |TAMS 0x0000000704e00000, 0x0000000704e00000| Complete 
|  25|0x0000000704e00000, 0x0000000705000000, 0x0000000705000000|100%|HC|  |TAMS 0x0000000705000000, 0x0000000705000000| Complete 
|  26|0x0000000705000000, 0x0000000705200000, 0x0000000705200000|100%|HC|  |TAMS 0x0000000705200000, 0x0000000705200000| Complete 
|  27|0x0000000705200000, 0x0000000705400000, 0x0000000705400000|100%|HC|  |TAMS 0x0000000705400000, 0x0000000705400000| Complete 
|  28|0x0000000705400000, 0x0000000705600000, 0x0000000705600000|100%|HC|  |TAMS 0x0000000705600000, 0x0000000705600000| Complete 
|  29|0x0000000705600000, 0x0000000705800000, 0x0000000705800000|100%|HC|  |TAMS 0x0000000705800000, 0x0000000705800000| Complete 
|  30|0x0000000705800000, 0x0000000705a00000, 0x0000000705a00000|100%|HC|  |TAMS 0x0000000705a00000, 0x0000000705a00000| Complete 
|  31|0x0000000705a00000, 0x0000000705c00000, 0x0000000705c00000|100%|HC|  |TAMS 0x0000000705c00000, 0x0000000705c00000| Complete 
|  32|0x0000000705c00000, 0x0000000705e00000, 0x0000000705e00000|100%|HC|  |TAMS 0x0000000705e00000, 0x0000000705e00000| Complete 
|  33|0x0000000705e00000, 0x0000000706000000, 0x0000000706000000|100%|HS|  |TAMS 0x0000000706000000, 0x0000000706000000| Complete 
|  34|0x0000000706000000, 0x0000000706200000, 0x0000000706200000|100%|HC|  |TAMS 0x0000000706200000, 0x0000000706200000| Complete 
|  35|0x0000000706200000, 0x0000000706400000, 0x0000000706400000|100%|HC|  |TAMS 0x0000000706400000, 0x0000000706400000| Complete 
|  36|0x0000000706400000, 0x0000000706600000, 0x0000000706600000|100%|HC|  |TAMS 0x0000000706600000, 0x0000000706600000| Complete 
|  37|0x0000000706600000, 0x0000000706800000, 0x0000000706800000|100%|HC|  |TAMS 0x0000000706800000, 0x0000000706800000| Complete 
|  38|0x0000000706800000, 0x0000000706a00000, 0x0000000706a00000|100%|HC|  |TAMS 0x0000000706a00000, 0x0000000706a00000| Complete 
|  39|0x0000000706a00000, 0x0000000706c00000, 0x0000000706c00000|100%|HC|  |TAMS 0x0000000706c00000, 0x0000000706c00000| Complete 
|  40|0x0000000706c00000, 0x0000000706e00000, 0x0000000706e00000|100%|HC|  |TAMS 0x0000000706e00000, 0x0000000706e00000| Complete 
|  41|0x0000000706e00000, 0x0000000707000000, 0x0000000707000000|100%|HC|  |TAMS 0x0000000707000000, 0x0000000707000000| Complete 
|  42|0x0000000707000000, 0x0000000707200000, 0x0000000707200000|100%|HC|  |TAMS 0x0000000707200000, 0x0000000707200000| Complete 
|  43|0x0000000707200000, 0x0000000707400000, 0x0000000707400000|100%|HC|  |TAMS 0x0000000707400000, 0x0000000707400000| Complete 
|  44|0x0000000707400000, 0x0000000707600000, 0x0000000707600000|100%|HC|  |TAMS 0x0000000707600000, 0x0000000707600000| Complete 
|  45|0x0000000707600000, 0x0000000707800000, 0x0000000707800000|100%|HC|  |TAMS 0x0000000707800000, 0x0000000707800000| Complete 
|  46|0x0000000707800000, 0x0000000707a00000, 0x0000000707a00000|100%|HC|  |TAMS 0x0000000707a00000, 0x0000000707a00000| Complete 
|  47|0x0000000707a00000, 0x0000000707c00000, 0x0000000707c00000|100%|HS|  |TAMS 0x0000000707c00000, 0x0000000707c00000| Complete 
|  48|0x0000000707c00000, 0x0000000707e00000, 0x0000000707e00000|100%|HC|  |TAMS 0x0000000707e00000, 0x0000000707e00000| Complete 
|  49|0x0000000707e00000, 0x0000000708000000, 0x0000000708000000|100%|HC|  |TAMS 0x0000000708000000, 0x0000000708000000| Complete 
|  50|0x0000000708000000, 0x0000000708200000, 0x0000000708200000|100%|HC|  |TAMS 0x0000000708200000, 0x0000000708200000| Complete 
|  51|0x0000000708200000, 0x0000000708400000, 0x0000000708400000|100%|HC|  |TAMS 0x0000000708400000, 0x0000000708400000| Complete 
|  52|0x0000000708400000, 0x0000000708600000, 0x0000000708600000|100%|HC|  |TAMS 0x0000000708600000, 0x0000000708600000| Complete 
|  53|0x0000000708600000, 0x0000000708800000, 0x0000000708800000|100%|HC|  |TAMS 0x0000000708800000, 0x0000000708800000| Complete 
|  54|0x0000000708800000, 0x0000000708a00000, 0x0000000708a00000|100%|HC|  |TAMS 0x0000000708a00000, 0x0000000708a00000| Complete 
|  55|0x0000000708a00000, 0x0000000708c00000, 0x0000000708c00000|100%|HC|  |TAMS 0x0000000708c00000, 0x0000000708c00000| Complete 
|  56|0x0000000708c00000, 0x0000000708e00000, 0x0000000708e00000|100%|HC|  |TAMS 0x0000000708e00000, 0x0000000708e00000| Complete 
|  57|0x0000000708e00000, 0x0000000709000000, 0x0000000709000000|100%|HC|  |TAMS 0x0000000709000000, 0x0000000709000000| Complete 
|  58|0x0000000709000000, 0x0000000709200000, 0x0000000709200000|100%|HC|  |TAMS 0x0000000709200000, 0x0000000709200000| Complete 
|  59|0x0000000709200000, 0x0000000709400000, 0x0000000709400000|100%|HC|  |TAMS 0x0000000709400000, 0x0000000709400000| Complete 
|  60|0x0000000709400000, 0x0000000709600000, 0x0000000709600000|100%|HC|  |TAMS 0x0000000709600000, 0x0000000709600000| Complete 
|  61|0x0000000709600000, 0x0000000709800000, 0x0000000709800000|100%|HS|  |TAMS 0x0000000709800000, 0x0000000709800000| Complete 
|  62|0x0000000709800000, 0x0000000709a00000, 0x0000000709a00000|100%|HC|  |TAMS 0x0000000709a00000, 0x0000000709a00000| Complete 
|  63|0x0000000709a00000, 0x0000000709c00000, 0x0000000709c00000|100%|HC|  |TAMS 0x0000000709c00000, 0x0000000709c00000| Complete 
|  64|0x0000000709c00000, 0x0000000709e00000, 0x0000000709e00000|100%|HC|  |TAMS 0x0000000709e00000, 0x0000000709e00000| Complete 
|  65|0x0000000709e00000, 0x000000070a000000, 0x000000070a000000|100%|HC|  |TAMS 0x000000070a000000, 0x000000070a000000| Complete 
|  66|0x000000070a000000, 0x000000070a200000, 0x000000070a200000|100%|HS|  |TAMS 0x000000070a200000, 0x000000070a200000| Complete 
|  67|0x000000070a200000, 0x000000070a400000, 0x000000070a400000|100%|HC|  |TAMS 0x000000070a400000, 0x000000070a400000| Complete 
|  68|0x000000070a400000, 0x000000070a600000, 0x000000070a600000|100%|HC|  |TAMS 0x000000070a600000, 0x000000070a600000| Complete 
|  69|0x000000070a600000, 0x000000070a800000, 0x000000070a800000|100%|HC|  |TAMS 0x000000070a800000, 0x000000070a800000| Complete 
|  70|0x000000070a800000, 0x000000070aa00000, 0x000000070aa00000|100%|HC|  |TAMS 0x000000070aa00000, 0x000000070aa00000| Complete 
|  71|0x000000070aa00000, 0x000000070ac00000, 0x000000070ac00000|100%|HC|  |TAMS 0x000000070ac00000, 0x000000070ac00000| Complete 
|  72|0x000000070ac00000, 0x000000070ae00000, 0x000000070ae00000|100%|HC|  |TAMS 0x000000070ae00000, 0x000000070ae00000| Complete 
|  73|0x000000070ae00000, 0x000000070b000000, 0x000000070b000000|100%|HC|  |TAMS 0x000000070b000000, 0x000000070b000000| Complete 
|  74|0x000000070b000000, 0x000000070b200000, 0x000000070b200000|100%|HC|  |TAMS 0x000000070b200000, 0x000000070b200000| Complete 
|  75|0x000000070b200000, 0x000000070b400000, 0x000000070b400000|100%|HC|  |TAMS 0x000000070b400000, 0x000000070b400000| Complete 
|  76|0x000000070b400000, 0x000000070b600000, 0x000000070b600000|100%|HC|  |TAMS 0x000000070b600000, 0x000000070b600000| Complete 
|  77|0x000000070b600000, 0x000000070b800000, 0x000000070b800000|100%|HC|  |TAMS 0x000000070b800000, 0x000000070b800000| Complete 
|  78|0x000000070b800000, 0x000000070ba00000, 0x000000070ba00000|100%|HC|  |TAMS 0x000000070ba00000, 0x000000070ba00000| Complete 
|  79|0x000000070ba00000, 0x000000070bc00000, 0x000000070bc00000|100%|HC|  |TAMS 0x000000070bc00000, 0x000000070bc00000| Complete 
|  80|0x000000070bc00000, 0x000000070be00000, 0x000000070be00000|100%|HS|  |TAMS 0x000000070be00000, 0x000000070be00000| Complete 
|  81|0x000000070be00000, 0x000000070c000000, 0x000000070c000000|100%|HC|  |TAMS 0x000000070c000000, 0x000000070c000000| Complete 
|  82|0x000000070c000000, 0x000000070c200000, 0x000000070c200000|100%|HC|  |TAMS 0x000000070c200000, 0x000000070c200000| Complete 
|  83|0x000000070c200000, 0x000000070c400000, 0x000000070c400000|100%|HC|  |TAMS 0x000000070c400000, 0x000000070c400000| Complete 
|  84|0x000000070c400000, 0x000000070c600000, 0x000000070c600000|100%|HC|  |TAMS 0x000000070c600000, 0x000000070c600000| Complete 
|  85|0x000000070c600000, 0x000000070c800000, 0x000000070c800000|100%|HC|  |TAMS 0x000000070c800000, 0x000000070c800000| Complete 
|  86|0x000000070c800000, 0x000000070ca00000, 0x000000070ca00000|100%|HC|  |TAMS 0x000000070ca00000, 0x000000070ca00000| Complete 
|  87|0x000000070ca00000, 0x000000070cc00000, 0x000000070cc00000|100%|HC|  |TAMS 0x000000070cc00000, 0x000000070cc00000| Complete 
|  88|0x000000070cc00000, 0x000000070ce00000, 0x000000070ce00000|100%|HC|  |TAMS 0x000000070ce00000, 0x000000070ce00000| Complete 
|  89|0x000000070ce00000, 0x000000070d000000, 0x000000070d000000|100%|HC|  |TAMS 0x000000070d000000, 0x000000070d000000| Complete 
|  90|0x000000070d000000, 0x000000070d200000, 0x000000070d200000|100%|HC|  |TAMS 0x000000070d200000, 0x000000070d200000| Complete 
|  91|0x000000070d200000, 0x000000070d400000, 0x000000070d400000|100%|HC|  |TAMS 0x000000070d400000, 0x000000070d400000| Complete 
|  92|0x000000070d400000, 0x000000070d600000, 0x000000070d600000|100%|HC|  |TAMS 0x000000070d600000, 0x000000070d600000| Complete 
|  93|0x000000070d600000, 0x000000070d800000, 0x000000070d800000|100%|HC|  |TAMS 0x000000070d800000, 0x000000070d800000| Complete 
|  94|0x000000070d800000, 0x000000070da00000, 0x000000070da00000|100%|HS|  |TAMS 0x000000070d800000, 0x000000070da00000| Complete 
|  95|0x000000070da00000, 0x000000070dc00000, 0x000000070dc00000|100%|HC|  |TAMS 0x000000070da00000, 0x000000070dc00000| Complete 
|  96|0x000000070dc00000, 0x000000070de00000, 0x000000070de00000|100%|HC|  |TAMS 0x000000070dc00000, 0x000000070de00000| Complete 
|  97|0x000000070de00000, 0x000000070e000000, 0x000000070e000000|100%|HC|  |TAMS 0x000000070de00000, 0x000000070e000000| Complete 
|  98|0x000000070e000000, 0x000000070e200000, 0x000000070e200000|100%|HC|  |TAMS 0x000000070e000000, 0x000000070e200000| Complete 
|  99|0x000000070e200000, 0x000000070e400000, 0x000000070e400000|100%|HC|  |TAMS 0x000000070e200000, 0x000000070e400000| Complete 
| 100|0x000000070e400000, 0x000000070e600000, 0x000000070e600000|100%|HC|  |TAMS 0x000000070e400000, 0x000000070e600000| Complete 
| 101|0x000000070e600000, 0x000000070e800000, 0x000000070e800000|100%|HC|  |TAMS 0x000000070e600000, 0x000000070e800000| Complete 
| 102|0x000000070e800000, 0x000000070ea00000, 0x000000070ea00000|100%|HC|  |TAMS 0x000000070e800000, 0x000000070ea00000| Complete 
| 103|0x000000070ea00000, 0x000000070ec00000, 0x000000070ec00000|100%|HC|  |TAMS 0x000000070ea00000, 0x000000070ec00000| Complete 
| 104|0x000000070ec00000, 0x000000070ee00000, 0x000000070ee00000|100%|HC|  |TAMS 0x000000070ec00000, 0x000000070ee00000| Complete 
| 105|0x000000070ee00000, 0x000000070f000000, 0x000000070f000000|100%|HC|  |TAMS 0x000000070ee00000, 0x000000070f000000| Complete 
| 106|0x000000070f000000, 0x000000070f200000, 0x000000070f200000|100%|HC|  |TAMS 0x000000070f000000, 0x000000070f200000| Complete 
| 107|0x000000070f200000, 0x000000070f400000, 0x000000070f400000|100%|HC|  |TAMS 0x000000070f200000, 0x000000070f400000| Complete 
| 108|0x000000070f400000, 0x000000070f400000, 0x000000070f600000|  0%| F|  |TAMS 0x000000070f400000, 0x000000070f400000| Untracked 
| 109|0x000000070f600000, 0x000000070f600000, 0x000000070f800000|  0%| F|  |TAMS 0x000000070f600000, 0x000000070f600000| Untracked 
| 110|0x000000070f800000, 0x000000070f800000, 0x000000070fa00000|  0%| F|  |TAMS 0x000000070f800000, 0x000000070f800000| Untracked 
| 111|0x000000070fa00000, 0x000000070fa00000, 0x000000070fc00000|  0%| F|  |TAMS 0x000000070fa00000, 0x000000070fa00000| Untracked 
| 112|0x000000070fc00000, 0x000000070fc00000, 0x000000070fe00000|  0%| F|  |TAMS 0x000000070fc00000, 0x000000070fc00000| Untracked 
| 113|0x000000070fe00000, 0x000000070fe00000, 0x0000000710000000|  0%| F|  |TAMS 0x000000070fe00000, 0x000000070fe00000| Untracked 
| 114|0x0000000710000000, 0x0000000710000000, 0x0000000710200000|  0%| F|  |TAMS 0x0000000710000000, 0x0000000710000000| Untracked 
| 115|0x0000000710200000, 0x0000000710200000, 0x0000000710400000|  0%| F|  |TAMS 0x0000000710200000, 0x0000000710200000| Untracked 
| 116|0x0000000710400000, 0x0000000710400000, 0x0000000710600000|  0%| F|  |TAMS 0x0000000710400000, 0x0000000710400000| Untracked 
| 117|0x0000000710600000, 0x0000000710600000, 0x0000000710800000|  0%| F|  |TAMS 0x0000000710600000, 0x0000000710600000| Untracked 
| 118|0x0000000710800000, 0x0000000710800000, 0x0000000710a00000|  0%| F|  |TAMS 0x0000000710800000, 0x0000000710800000| Untracked 
| 119|0x0000000710a00000, 0x0000000710a00000, 0x0000000710c00000|  0%| F|  |TAMS 0x0000000710a00000, 0x0000000710a00000| Untracked 
| 120|0x0000000710c00000, 0x0000000710c00000, 0x0000000710e00000|  0%| F|  |TAMS 0x0000000710c00000, 0x0000000710c00000| Untracked 
| 121|0x0000000710e00000, 0x0000000710e00000, 0x0000000711000000|  0%| F|  |TAMS 0x0000000710e00000, 0x0000000710e00000| Untracked 
| 122|0x0000000711000000, 0x0000000711000000, 0x0000000711200000|  0%| F|  |TAMS 0x0000000711000000, 0x0000000711000000| Untracked 
| 123|0x0000000711200000, 0x0000000711200000, 0x0000000711400000|  0%| F|  |TAMS 0x0000000711200000, 0x0000000711200000| Untracked 
| 124|0x0000000711400000, 0x0000000711400000, 0x0000000711600000|  0%| F|  |TAMS 0x0000000711400000, 0x0000000711400000| Untracked 
| 125|0x0000000711600000, 0x0000000711600000, 0x0000000711800000|  0%| F|  |TAMS 0x0000000711600000, 0x0000000711600000| Untracked 
| 126|0x0000000711800000, 0x0000000711800000, 0x0000000711a00000|  0%| F|  |TAMS 0x0000000711800000, 0x0000000711800000| Untracked 
| 127|0x0000000711a00000, 0x0000000711a00000, 0x0000000711c00000|  0%| F|  |TAMS 0x0000000711a00000, 0x0000000711a00000| Untracked 
| 128|0x0000000711c00000, 0x0000000711c00000, 0x0000000711e00000|  0%| F|  |TAMS 0x0000000711c00000, 0x0000000711c00000| Untracked 
| 129|0x0000000711e00000, 0x0000000711e00000, 0x0000000712000000|  0%| F|  |TAMS 0x0000000711e00000, 0x0000000711e00000| Untracked 
| 130|0x0000000712000000, 0x0000000712000000, 0x0000000712200000|  0%| F|  |TAMS 0x0000000712000000, 0x0000000712000000| Untracked 
| 131|0x0000000712200000, 0x0000000712200000, 0x0000000712400000|  0%| F|  |TAMS 0x0000000712200000, 0x0000000712200000| Untracked 
| 132|0x0000000712400000, 0x0000000712400000, 0x0000000712600000|  0%| F|  |TAMS 0x0000000712400000, 0x0000000712400000| Untracked 
| 133|0x0000000712600000, 0x0000000712600000, 0x0000000712800000|  0%| F|  |TAMS 0x0000000712600000, 0x0000000712600000| Untracked 
| 134|0x0000000712800000, 0x0000000712800000, 0x0000000712a00000|  0%| F|  |TAMS 0x0000000712800000, 0x0000000712800000| Untracked 
| 135|0x0000000712a00000, 0x0000000712a00000, 0x0000000712c00000|  0%| F|  |TAMS 0x0000000712a00000, 0x0000000712a00000| Untracked 
| 136|0x0000000712c00000, 0x0000000712c00000, 0x0000000712e00000|  0%| F|  |TAMS 0x0000000712c00000, 0x0000000712c00000| Untracked 
| 137|0x0000000712e00000, 0x0000000712e00000, 0x0000000713000000|  0%| F|  |TAMS 0x0000000712e00000, 0x0000000712e00000| Untracked 
| 138|0x0000000713000000, 0x0000000713000000, 0x0000000713200000|  0%| F|  |TAMS 0x0000000713000000, 0x0000000713000000| Untracked 
| 139|0x0000000713200000, 0x0000000713200000, 0x0000000713400000|  0%| F|  |TAMS 0x0000000713200000, 0x0000000713200000| Untracked 
| 140|0x0000000713400000, 0x0000000713400000, 0x0000000713600000|  0%| F|  |TAMS 0x0000000713400000, 0x0000000713400000| Untracked 
| 141|0x0000000713600000, 0x0000000713600000, 0x0000000713800000|  0%| F|  |TAMS 0x0000000713600000, 0x0000000713600000| Untracked 
| 142|0x0000000713800000, 0x0000000713800000, 0x0000000713a00000|  0%| F|  |TAMS 0x0000000713800000, 0x0000000713800000| Untracked 
| 143|0x0000000713a00000, 0x0000000713a00000, 0x0000000713c00000|  0%| F|  |TAMS 0x0000000713a00000, 0x0000000713a00000| Untracked 
| 144|0x0000000713c00000, 0x0000000713c00000, 0x0000000713e00000|  0%| F|  |TAMS 0x0000000713c00000, 0x0000000713c00000| Untracked 
| 145|0x0000000713e00000, 0x0000000713e00000, 0x0000000714000000|  0%| F|  |TAMS 0x0000000713e00000, 0x0000000713e00000| Untracked 
| 146|0x0000000714000000, 0x0000000714000000, 0x0000000714200000|  0%| F|  |TAMS 0x0000000714000000, 0x0000000714000000| Untracked 
| 147|0x0000000714200000, 0x0000000714200000, 0x0000000714400000|  0%| F|  |TAMS 0x0000000714200000, 0x0000000714200000| Untracked 
| 148|0x0000000714400000, 0x0000000714400000, 0x0000000714600000|  0%| F|  |TAMS 0x0000000714400000, 0x0000000714400000| Untracked 
| 149|0x0000000714600000, 0x0000000714600000, 0x0000000714800000|  0%| F|  |TAMS 0x0000000714600000, 0x0000000714600000| Untracked 
| 150|0x0000000714800000, 0x0000000714800000, 0x0000000714a00000|  0%| F|  |TAMS 0x0000000714800000, 0x0000000714800000| Untracked 
| 151|0x0000000714a00000, 0x0000000714a00000, 0x0000000714c00000|  0%| F|  |TAMS 0x0000000714a00000, 0x0000000714a00000| Untracked 
| 152|0x0000000714c00000, 0x0000000714c00000, 0x0000000714e00000|  0%| F|  |TAMS 0x0000000714c00000, 0x0000000714c00000| Untracked 
| 153|0x0000000714e00000, 0x0000000714e00000, 0x0000000715000000|  0%| F|  |TAMS 0x0000000714e00000, 0x0000000714e00000| Untracked 
| 154|0x0000000715000000, 0x0000000715000000, 0x0000000715200000|  0%| F|  |TAMS 0x0000000715000000, 0x0000000715000000| Untracked 
| 155|0x0000000715200000, 0x0000000715200000, 0x0000000715400000|  0%| F|  |TAMS 0x0000000715200000, 0x0000000715200000| Untracked 
| 156|0x0000000715400000, 0x0000000715400000, 0x0000000715600000|  0%| F|  |TAMS 0x0000000715400000, 0x0000000715400000| Untracked 
| 157|0x0000000715600000, 0x0000000715600000, 0x0000000715800000|  0%| F|  |TAMS 0x0000000715600000, 0x0000000715600000| Untracked 
| 158|0x0000000715800000, 0x0000000715800000, 0x0000000715a00000|  0%| F|  |TAMS 0x0000000715800000, 0x0000000715800000| Untracked 
| 159|0x0000000715a00000, 0x0000000715a00000, 0x0000000715c00000|  0%| F|  |TAMS 0x0000000715a00000, 0x0000000715a00000| Untracked 
| 160|0x0000000715c00000, 0x0000000715c00000, 0x0000000715e00000|  0%| F|  |TAMS 0x0000000715c00000, 0x0000000715c00000| Untracked 
| 161|0x0000000715e00000, 0x0000000715e00000, 0x0000000716000000|  0%| F|  |TAMS 0x0000000715e00000, 0x0000000715e00000| Untracked 
| 162|0x0000000716000000, 0x0000000716000000, 0x0000000716200000|  0%| F|  |TAMS 0x0000000716000000, 0x0000000716000000| Untracked 
| 163|0x0000000716200000, 0x0000000716200000, 0x0000000716400000|  0%| F|  |TAMS 0x0000000716200000, 0x0000000716200000| Untracked 
| 164|0x0000000716400000, 0x0000000716400000, 0x0000000716600000|  0%| F|  |TAMS 0x0000000716400000, 0x0000000716400000| Untracked 
| 165|0x0000000716600000, 0x0000000716600000, 0x0000000716800000|  0%| F|  |TAMS 0x0000000716600000, 0x0000000716600000| Untracked 
| 166|0x0000000716800000, 0x0000000716800000, 0x0000000716a00000|  0%| F|  |TAMS 0x0000000716800000, 0x0000000716800000| Untracked 
| 167|0x0000000716a00000, 0x0000000716a00000, 0x0000000716c00000|  0%| F|  |TAMS 0x0000000716a00000, 0x0000000716a00000| Untracked 
| 168|0x0000000716c00000, 0x0000000716c00000, 0x0000000716e00000|  0%| F|  |TAMS 0x0000000716c00000, 0x0000000716c00000| Untracked 
| 169|0x0000000716e00000, 0x0000000716e00000, 0x0000000717000000|  0%| F|  |TAMS 0x0000000716e00000, 0x0000000716e00000| Untracked 
| 170|0x0000000717000000, 0x0000000717000000, 0x0000000717200000|  0%| F|  |TAMS 0x0000000717000000, 0x0000000717000000| Untracked 
| 171|0x0000000717200000, 0x0000000717200000, 0x0000000717400000|  0%| F|  |TAMS 0x0000000717200000, 0x0000000717200000| Untracked 
| 172|0x0000000717400000, 0x0000000717429c00, 0x0000000717600000|  8%| S|CS|TAMS 0x0000000717400000, 0x0000000717400000| Complete 
| 173|0x0000000717600000, 0x0000000717800000, 0x0000000717800000|100%| S|CS|TAMS 0x0000000717600000, 0x0000000717600000| Complete 

Card table byte_map: [0x0000026f62f70000,0x0000026f63770000] _byte_map_base: 0x0000026f5f762000

Marking Bits (Prev, Next): (CMBitMap*) 0x0000026f4b9c76c0, (CMBitMap*) 0x0000026f4b9c7700
 Prev Bits: [0x0000026f63f70000, 0x0000026f67f00000)
 Next Bits: [0x0000026f67f00000, 0x0000026f6be90000)

Polling page: 0x0000026f49840000

Metaspace:

Usage:
  Non-class:     13.11 MB used.
      Class:      2.22 MB used.
       Both:     15.34 MB used.

Virtual space:
  Non-class space:       16.00 MB reserved,      13.25 MB ( 83%) committed,  2 nodes.
      Class space:        1.00 GB reserved,       2.38 MB ( <1%) committed,  1 nodes.
             Both:        1.02 GB reserved,      15.62 MB (  2%) committed. 

Chunk freelists:
   Non-Class:  2.17 MB
       Class:  1.66 MB
        Both:  3.83 MB

MaxMetaspaceSize: unlimited
CompressedClassSpaceSize: 1.00 GB
Initial GC threshold: 21.00 MB
Current GC threshold: 26.06 MB
CDS: on
MetaspaceReclaimPolicy: balanced
 - commit_granule_bytes: 65536.
 - commit_granule_words: 8192.
 - virtual_space_node_default_size: 1048576.
 - enlarge_chunks_in_place: 1.
 - new_chunks_are_fully_committed: 0.
 - uncommit_free_chunks: 1.
 - use_allocation_guard: 0.
 - handle_deallocations: 1.


Internal statistics:

num_allocs_failed_limit: 0.
num_arena_births: 224.
num_arena_deaths: 0.
num_vsnodes_births: 3.
num_vsnodes_deaths: 0.
num_space_committed: 250.
num_space_uncommitted: 0.
num_chunks_returned_to_freelist: 0.
num_chunks_taken_from_freelist: 721.
num_chunk_merges: 0.
num_chunk_splits: 497.
num_chunks_enlarged: 375.
num_purges: 0.
num_inconsistent_stats: 0.

CodeHeap 'non-profiled nmethods': size=120000Kb used=1013Kb max_used=1013Kb free=118986Kb
 bounds [0x0000026f5af10000, 0x0000026f5b180000, 0x0000026f62440000]
CodeHeap 'profiled nmethods': size=120000Kb used=4747Kb max_used=4747Kb free=115252Kb
 bounds [0x0000026f539e0000, 0x0000026f53e90000, 0x0000026f5af10000]
CodeHeap 'non-nmethods': size=5760Kb used=1424Kb max_used=1455Kb free=4335Kb
 bounds [0x0000026f53440000, 0x0000026f536b0000, 0x0000026f539e0000]
 total_blobs=3349 nmethods=2566 adapters=695
 compilation: enabled
              stopped_count=0, restarted_count=0
 full_count=0

Compilation events (20 events):
Event: 4.852 Thread 0x0000026f6e90c360 nmethod 2556 0x0000026f53e7d990 code [0x0000026f53e7db40, 0x0000026f53e7dd68]
Event: 4.852 Thread 0x0000026f6e90c360 2553       1       java.util.stream.AbstractPipeline::getStreamAndOpFlags (5 bytes)
Event: 4.852 Thread 0x0000026f6e90c360 nmethod 2553 0x0000026f5b00b710 code [0x0000026f5b00b8a0, 0x0000026f5b00b978]
Event: 4.852 Thread 0x0000026f6e90c360 2550       3       com.sun.javafx.fxml.BeanAdapter::getSetterMethod (42 bytes)
Event: 4.855 Thread 0x0000026f6e90c360 nmethod 2550 0x0000026f53e7de10 code [0x0000026f53e7e340, 0x0000026f53e80e38]
Event: 4.855 Thread 0x0000026f6e90c360 2562       1       java.util.stream.Collectors$CollectorImpl::finisher (5 bytes)
Event: 4.855 Thread 0x0000026f6e90c360 nmethod 2562 0x0000026f5b00ba10 code [0x0000026f5b00bba0, 0x0000026f5b00bc78]
Event: 4.855 Thread 0x0000026f6e90c360 2555       1       java.lang.Class::getAnnotationType (5 bytes)
Event: 4.855 Thread 0x0000026f6e90c360 nmethod 2555 0x0000026f5b00bd10 code [0x0000026f5b00bea0, 0x0000026f5b00bf78]
Event: 4.855 Thread 0x0000026f6e90c360 2554       1       javafx.scene.Node::usesMirroring (2 bytes)
Event: 4.855 Thread 0x0000026f6e90c360 nmethod 2554 0x0000026f5b00c010 code [0x0000026f5b00c1a0, 0x0000026f5b00c278]
Event: 4.866 Thread 0x0000026f6e903960 nmethod 2557% 0x0000026f5b00c310 code [0x0000026f5b00c4e0, 0x0000026f5b00ce08]
Event: 4.968 Thread 0x0000026f6e90c360 2563       3       javafx.collections.ListChangeListener$Change::<init> (10 bytes)
Event: 4.968 Thread 0x0000026f6e90c360 nmethod 2563 0x0000026f53e81f10 code [0x0000026f53e820a0, 0x0000026f53e82258]
Event: 4.968 Thread 0x0000026f6e90c360 2564       3       com.sun.javafx.collections.ListListenerHelper::fireValueChangedEvent (14 bytes)
Event: 4.968 Thread 0x0000026f6e90c360 nmethod 2564 0x0000026f53e82310 code [0x0000026f53e824c0, 0x0000026f53e82798]
Event: 4.968 Thread 0x0000026f6e90c360 2565       3       java.lang.reflect.Constructor::getParameterAnnotations (13 bytes)
Event: 4.968 Thread 0x0000026f6e90c360 nmethod 2565 0x0000026f53e82890 code [0x0000026f53e82a20, 0x0000026f53e82be8]
Event: 4.968 Thread 0x0000026f6e90c360 2566       1       java.lang.reflect.Field::getName (5 bytes)
Event: 4.969 Thread 0x0000026f6e90c360 nmethod 2566 0x0000026f5b00d410 code [0x0000026f5b00d5a0, 0x0000026f5b00d678]

GC Heap History (15 events):
Event: 0.657 GC heap before
{Heap before GC invocations=0 (full 0):
 garbage-first heap   total 262144K, used 22528K [0x0000000701c00000, 0x0000000800000000)
  region size 2048K, 11 young (22528K), 0 survivors (0K)
 Metaspace       used 4921K, committed 5120K, reserved 1056768K
  class space    used 618K, committed 704K, reserved 1048576K
}
Event: 0.661 GC heap after
{Heap after GC invocations=1 (full 0):
 garbage-first heap   total 262144K, used 2602K [0x0000000701c00000, 0x0000000800000000)
  region size 2048K, 2 young (4096K), 2 survivors (4096K)
 Metaspace       used 4921K, committed 5120K, reserved 1056768K
  class space    used 618K, committed 704K, reserved 1048576K
}
Event: 1.754 GC heap before
{Heap before GC invocations=1 (full 0):
 garbage-first heap   total 262144K, used 76330K [0x0000000701c00000, 0x0000000800000000)
  region size 2048K, 20 young (40960K), 2 survivors (4096K)
 Metaspace       used 14187K, committed 14400K, reserved 1064960K
  class space    used 2146K, committed 2240K, reserved 1048576K
}
Event: 1.760 GC heap after
{Heap after GC invocations=2 (full 0):
 garbage-first heap   total 262144K, used 33590K [0x0000000701c00000, 0x0000000800000000)
  region size 2048K, 3 young (6144K), 3 survivors (6144K)
 Metaspace       used 14187K, committed 14400K, reserved 1064960K
  class space    used 2146K, committed 2240K, reserved 1048576K
}
Event: 3.603 GC heap before
{Heap before GC invocations=2 (full 0):
 garbage-first heap   total 262144K, used 101174K [0x0000000701c00000, 0x0000000800000000)
  region size 2048K, 6 young (12288K), 3 survivors (6144K)
 Metaspace       used 15463K, committed 15744K, reserved 1064960K
  class space    used 2258K, committed 2432K, reserved 1048576K
}
Event: 3.606 GC heap after
{Heap after GC invocations=3 (full 0):
 garbage-first heap   total 262144K, used 98154K [0x0000000701c00000, 0x0000000800000000)
  region size 2048K, 3 young (6144K), 3 survivors (6144K)
 Metaspace       used 15463K, committed 15744K, reserved 1064960K
  class space    used 2258K, committed 2432K, reserved 1048576K
}
Event: 3.726 GC heap before
{Heap before GC invocations=3 (full 0):
 garbage-first heap   total 262144K, used 126826K [0x0000000701c00000, 0x0000000800000000)
  region size 2048K, 4 young (8192K), 3 survivors (6144K)
 Metaspace       used 15533K, committed 15808K, reserved 1064960K
  class space    used 2268K, committed 2432K, reserved 1048576K
}
Event: 3.729 GC heap after
{Heap after GC invocations=4 (full 0):
 garbage-first heap   total 262144K, used 126751K [0x0000000701c00000, 0x0000000800000000)
  region size 2048K, 3 young (6144K), 3 survivors (6144K)
 Metaspace       used 15533K, committed 15808K, reserved 1064960K
  class space    used 2268K, committed 2432K, reserved 1048576K
}
Event: 3.771 GC heap before
{Heap before GC invocations=5 (full 0):
 garbage-first heap   total 262144K, used 136991K [0x0000000701c00000, 0x0000000800000000)
  region size 2048K, 4 young (8192K), 3 survivors (6144K)
 Metaspace       used 15534K, committed 15808K, reserved 1064960K
  class space    used 2269K, committed 2432K, reserved 1048576K
}
Event: 3.774 GC heap after
{Heap after GC invocations=6 (full 0):
 garbage-first heap   total 262144K, used 137323K [0x0000000701c00000, 0x0000000800000000)
  region size 2048K, 3 young (6144K), 3 survivors (6144K)
 Metaspace       used 15534K, committed 15808K, reserved 1064960K
  class space    used 2269K, committed 2432K, reserved 1048576K
}
Event: 4.732 GC heap before
{Heap before GC invocations=7 (full 0):
 garbage-first heap   total 280576K, used 168043K [0x0000000701c00000, 0x0000000800000000)
  region size 2048K, 5 young (10240K), 3 survivors (6144K)
 Metaspace       used 15655K, committed 15936K, reserved 1064960K
  class space    used 2275K, committed 2432K, reserved 1048576K
}
Event: 4.735 GC heap after
{Heap after GC invocations=8 (full 0):
 garbage-first heap   total 280576K, used 150620K [0x0000000701c00000, 0x0000000800000000)
  region size 2048K, 4 young (8192K), 4 survivors (8192K)
 Metaspace       used 15655K, committed 15936K, reserved 1064960K
  class space    used 2275K, committed 2432K, reserved 1048576K
}
Event: 4.849 GC heap before
{Heap before GC invocations=9 (full 0):
 garbage-first heap   total 307200K, used 179292K [0x0000000701c00000, 0x0000000800000000)
  region size 2048K, 5 young (10240K), 4 survivors (8192K)
 Metaspace       used 15703K, committed 16000K, reserved 1064960K
  class space    used 2275K, committed 2432K, reserved 1048576K
}
Event: 4.852 GC heap after
{Heap after GC invocations=10 (full 0):
 garbage-first heap   total 307200K, used 179880K [0x0000000701c00000, 0x0000000800000000)
  region size 2048K, 2 young (4096K), 2 survivors (4096K)
 Metaspace       used 15703K, committed 16000K, reserved 1064960K
  class space    used 2275K, committed 2432K, reserved 1048576K
}
Event: 4.969 GC heap before
{Heap before GC invocations=11 (full 0):
 garbage-first heap   total 356352K, used 208552K [0x0000000701c00000, 0x0000000800000000)
  region size 2048K, 3 young (6144K), 2 survivors (4096K)
 Metaspace       used 15704K, committed 16000K, reserved 1064960K
  class space    used 2275K, committed 2432K, reserved 1048576K
}

Deoptimization events (20 events):
Event: 3.724 Thread 0x0000026f6ff0bfe0 DEOPT PACKING pc=0x0000026f5af8b7b0 sp=0x0000007c4edfbc70
Event: 3.724 Thread 0x0000026f6ff0bfe0 DEOPT UNPACKING pc=0x0000026f534923a3 sp=0x0000007c4edfbc10 mode 2
Event: 3.768 Thread 0x0000026f6ff0bfe0 Uncommon trap: trap_request=0xffffff45 fr.pc=0x0000026f5aff8bcc relative=0x000000000000012c
Event: 3.768 Thread 0x0000026f6ff0bfe0 Uncommon trap: reason=unstable_if action=reinterpret pc=0x0000026f5aff8bcc method=java.util.Arrays.equals([Ljava/lang/Object;[Ljava/lang/Object;)Z @ 44 c2
Event: 3.768 Thread 0x0000026f6ff0bfe0 DEOPT PACKING pc=0x0000026f5aff8bcc sp=0x0000007c4edfb8c0
Event: 3.768 Thread 0x0000026f6ff0bfe0 DEOPT UNPACKING pc=0x0000026f534923a3 sp=0x0000007c4edfb850 mode 2
Event: 3.885 Thread 0x0000026f6ff0bfe0 Uncommon trap: trap_request=0xffffffc6 fr.pc=0x0000026f5af8b7b0 relative=0x0000000000000f50
Event: 3.885 Thread 0x0000026f6ff0bfe0 Uncommon trap: reason=bimorphic_or_optimized_type_check action=maybe_recompile pc=0x0000026f5af8b7b0 method=java.util.HashMap.putVal(ILjava/lang/Object;Ljava/lang/Object;ZZ)Ljava/lang/Object; @ 91 c2
Event: 3.885 Thread 0x0000026f6ff0bfe0 DEOPT PACKING pc=0x0000026f5af8b7b0 sp=0x0000007c4edfbc70
Event: 3.885 Thread 0x0000026f6ff0bfe0 DEOPT UNPACKING pc=0x0000026f534923a3 sp=0x0000007c4edfbc10 mode 2
Event: 3.885 Thread 0x0000026f6ff0bfe0 Uncommon trap: trap_request=0xffffffc6 fr.pc=0x0000026f5af8b7b0 relative=0x0000000000000f50
Event: 3.885 Thread 0x0000026f6ff0bfe0 Uncommon trap: reason=bimorphic_or_optimized_type_check action=maybe_recompile pc=0x0000026f5af8b7b0 method=java.util.HashMap.putVal(ILjava/lang/Object;Ljava/lang/Object;ZZ)Ljava/lang/Object; @ 91 c2
Event: 3.885 Thread 0x0000026f6ff0bfe0 DEOPT PACKING pc=0x0000026f5af8b7b0 sp=0x0000007c4edfbc70
Event: 3.885 Thread 0x0000026f6ff0bfe0 DEOPT UNPACKING pc=0x0000026f534923a3 sp=0x0000007c4edfbc10 mode 2
Event: 3.892 Thread 0x0000026f6ff0bfe0 Uncommon trap: trap_request=0xffffff45 fr.pc=0x0000026f5afe015c relative=0x000000000000005c
Event: 3.892 Thread 0x0000026f6ff0bfe0 Uncommon trap: reason=unstable_if action=reinterpret pc=0x0000026f5afe015c method=javafx.scene.Node.updateLocalToParentTransform()V @ 4 c2
Event: 3.892 Thread 0x0000026f6ff0bfe0 DEOPT PACKING pc=0x0000026f5afe015c sp=0x0000007c4edfd7b0
Event: 3.892 Thread 0x0000026f6ff0bfe0 DEOPT UNPACKING pc=0x0000026f534923a3 sp=0x0000007c4edfd700 mode 2
Event: 4.722 Thread 0x0000026f6ff0bfe0 DEOPT PACKING pc=0x0000026f53c0c0d6 sp=0x0000007c4edfb7d0
Event: 4.722 Thread 0x0000026f6ff0bfe0 DEOPT UNPACKING pc=0x0000026f53492b43 sp=0x0000007c4edfac70 mode 0

Classes unloaded (0 events):
No events

Classes redefined (0 events):
No events

Internal exceptions (20 events):
Event: 1.202 Thread 0x0000026f6ff0bfe0 Exception <a 'java/io/FileNotFoundException'{0x00000007108d2c08}> (0x00000007108d2c08) 
thrown [s\src\hotspot\share\prims\jni.cpp, line 516]
Event: 1.225 Thread 0x0000026f6ff0bfe0 Implicit null exception at 0x0000026f5af85490 to 0x0000026f5af85ac0
Event: 1.225 Thread 0x0000026f6ff0bfe0 Implicit null exception at 0x0000026f5af2e88f to 0x0000026f5af2e909
Event: 1.415 Thread 0x0000026f6ff0bfe0 Exception <a 'java/lang/ClassNotFoundException'{0x000000070fe8d2f8}: com/sun/javafx/scene/control/skin/resources/controls> (0x000000070fe8d2f8) 
thrown [s\src\hotspot\share\prims\jni.cpp, line 535]
Event: 1.417 Thread 0x0000026f6ff0bfe0 Exception <a 'java/lang/ClassNotFoundException'{0x000000070fe9adf8}: com/sun/javafx/scene/control/skin/resources/controls_es> (0x000000070fe9adf8) 
thrown [s\src\hotspot\share\prims\jni.cpp, line 535]
Event: 1.418 Thread 0x0000026f6ff0bfe0 Exception <a 'java/lang/ClassNotFoundException'{0x000000070fea85b8}: com/sun/javafx/scene/control/skin/resources/controls_es_MX> (0x000000070fea85b8) 
thrown [s\src\hotspot\share\prims\jni.cpp, line 535]
Event: 1.451 Thread 0x0000026f6ff0bfe0 Exception <a 'java/lang/NoSuchMethodError'{0x000000070fc66000}: 'void java.lang.invoke.DirectMethodHandle$Holder.invokeSpecial(java.lang.Object, java.lang.Object, java.lang.Object, java.lang.Object, java.lang.Object, java.lang.Object)'> (0x000000070fc66000) 
thrown [s\src\hotspot\share\interpreter\linkResolver.cpp, line 759]
Event: 1.484 Thread 0x0000026f6ff0bfe0 Exception <a 'java/lang/NoSuchMethodError'{0x000000070fb62fa0}: 'java.lang.Object java.lang.invoke.DirectMethodHandle$Holder.invokeInterface(java.lang.Object, java.lang.Object, java.lang.Object)'> (0x000000070fb62fa0) 
thrown [s\src\hotspot\share\interpreter\linkResolver.cpp, line 759]
Event: 1.484 Thread 0x0000026f6ff0bfe0 Exception <a 'java/lang/IncompatibleClassChangeError'{0x000000070fb66928}: Found class java.lang.Object, but interface was expected> (0x000000070fb66928) 
thrown [s\src\hotspot\share\interpreter\linkResolver.cpp, line 826]
Event: 1.511 Thread 0x0000026f6ff0bfe0 Exception <a 'sun/nio/fs/WindowsException'{0x000000070f8b5410}> (0x000000070f8b5410) 
thrown [s\src\hotspot\share\prims\jni.cpp, line 516]
Event: 1.533 Thread 0x0000026f6ff0bfe0 Exception <a 'java/io/FileNotFoundException'{0x000000070f944e98}> (0x000000070f944e98) 
thrown [s\src\hotspot\share\prims\jni.cpp, line 516]
Event: 1.536 Thread 0x0000026f6ff0bfe0 Exception <a 'java/io/FileNotFoundException'{0x000000070f95ed80}> (0x000000070f95ed80) 
thrown [s\src\hotspot\share\prims\jni.cpp, line 516]
Event: 1.569 Thread 0x0000026f6ff0bfe0 Exception <a 'java/lang/NoSuchMethodError'{0x000000070f6386a8}: 'java.lang.Object java.lang.invoke.DirectMethodHandle$Holder.newInvokeSpecial(java.lang.Object, java.lang.Object, int)'> (0x000000070f6386a8) 
thrown [s\src\hotspot\share\interpreter\linkResolver.cpp, line 759]
Event: 1.702 Thread 0x0000026f6fc277c0 Exception <a 'java/lang/NoSuchMethodError'{0x000000070f7b3f90}: 'int java.lang.invoke.DirectMethodHandle$Holder.invokeStaticInit(java.lang.Object, java.lang.Object)'> (0x000000070f7b3f90) 
thrown [s\src\hotspot\share\interpreter\linkResolver.cpp, line 759]
Event: 1.710 Thread 0x0000026f6ff0bfe0 Exception <a 'java/lang/NoSuchMethodError'{0x000000070f408728}: 'long java.lang.invoke.DirectMethodHandle$Holder.invokeStatic(java.lang.Object, java.lang.Object, java.lang.Object)'> (0x000000070f408728) 
thrown [s\src\hotspot\share\interpreter\linkResolver.cpp, line 759]
Event: 1.710 Thread 0x0000026f6ff0bfe0 Exception <a 'java/lang/NoSuchMethodError'{0x000000070f40bed0}: 'long java.lang.invoke.DirectMethodHandle$Holder.invokeStaticInit(java.lang.Object, java.lang.Object, java.lang.Object)'> (0x000000070f40bed0) 
thrown [s\src\hotspot\share\interpreter\linkResolver.cpp, line 759]
Event: 1.713 Thread 0x0000026f6ff0bfe0 Exception <a 'java/lang/NoSuchMethodError'{0x000000070f423ad8}: 'java.lang.Object java.lang.invoke.DirectMethodHandle$Holder.newInvokeSpecial(java.lang.Object, java.lang.Object, long)'> (0x000000070f423ad8) 
thrown [s\src\hotspot\share\interpreter\linkResolver.cpp, line 759]
Event: 1.714 Thread 0x0000026f6ff0bfe0 Exception <a 'java/lang/NoSuchMethodError'{0x000000070f427648}: 'java.lang.Object java.lang.invoke.Invokers$Holder.linkToTargetMethod(java.lang.Object, long, java.lang.Object)'> (0x000000070f427648) 
thrown [s\src\hotspot\share\interpreter\linkResolver.cpp, line 759]
Event: 3.313 Thread 0x0000026f6ff0bfe0 Exception <a 'java/lang/NoSuchMethodError'{0x000000071163a7d0}: static Lcom/clases/usuario;.<clinit>()V> (0x000000071163a7d0) 
thrown [s\src\hotspot\share\prims\jni.cpp, line 1107]
Event: 3.886 Thread 0x0000026f6ff0bfe0 Exception <a 'java/io/FileNotFoundException'{0x0000000712c26e68}> (0x0000000712c26e68) 
thrown [s\src\hotspot\share\prims\jni.cpp, line 516]

VM Operations (20 events):
Event: 3.737 Executing VM operation: G1Concurrent done
Event: 3.771 Executing VM operation: G1TryInitiateConcMark
Event: 3.775 Executing VM operation: G1TryInitiateConcMark done
Event: 3.778 Executing VM operation: G1Concurrent
Event: 3.788 Executing VM operation: G1Concurrent done
Event: 3.790 Executing VM operation: G1Concurrent
Event: 3.790 Executing VM operation: G1Concurrent done
Event: 4.732 Executing VM operation: G1TryInitiateConcMark
Event: 4.735 Executing VM operation: G1TryInitiateConcMark done
Event: 4.740 Executing VM operation: G1Concurrent
Event: 4.750 Executing VM operation: G1Concurrent done
Event: 4.752 Executing VM operation: G1Concurrent
Event: 4.752 Executing VM operation: G1Concurrent done
Event: 4.849 Executing VM operation: G1TryInitiateConcMark
Event: 4.852 Executing VM operation: G1TryInitiateConcMark done
Event: 4.856 Executing VM operation: G1Concurrent
Event: 4.866 Executing VM operation: G1Concurrent done
Event: 4.868 Executing VM operation: G1Concurrent
Event: 4.869 Executing VM operation: G1Concurrent done
Event: 4.969 Executing VM operation: G1TryInitiateConcMark

Events (20 events):
Event: 3.313 loading class java/io/ObjectStreamClass$4
Event: 3.313 loading class java/io/ObjectStreamClass$4 done
Event: 3.313 loading class java/io/ObjectStreamClass$5
Event: 3.313 loading class java/io/ObjectStreamClass$5 done
Event: 3.313 loading class sun/security/provider/SHA
Event: 3.313 loading class sun/security/provider/SHA done
Event: 3.314 loading class sun/security/provider/ByteArrayAccess$BE
Event: 3.314 loading class sun/security/provider/ByteArrayAccess$BE done
Event: 3.314 loading class java/io/ObjectStreamClass$ClassDataSlot
Event: 3.314 loading class java/io/ObjectStreamClass$ClassDataSlot done
Event: 3.314 loading class java/io/ObjectInputStream$FieldValues
Event: 3.314 loading class java/io/ObjectInputStream$GetField
Event: 3.314 loading class java/io/ObjectInputStream$GetField done
Event: 3.314 loading class java/io/ObjectInputStream$FieldValues done
Event: 3.719 loading class java/lang/Byte$ByteCache
Event: 3.719 loading class java/lang/Byte$ByteCache done
Event: 3.719 loading class java/lang/Short$ShortCache
Event: 3.719 loading class java/lang/Short$ShortCache done
Event: 3.891 Thread 0x0000026f710e9790 Thread added: 0x0000026f710e9790
Event: 4.237 Thread 0x0000026f710e9790 Thread exited: 0x0000026f710e9790


Dynamic libraries:
0x00007ff6d1620000 - 0x00007ff6d162e000 	C:\Program Files\Eclipse Adoptium\jdk-17.0.4.8-hotspot\bin\java.exe
0x00007ffce7ad0000 - 0x00007ffce7ce4000 	C:\WINDOWS\SYSTEM32\ntdll.dll
0x00007ffce6fb0000 - 0x00007ffce7072000 	C:\WINDOWS\System32\KERNEL32.DLL
0x00007ffce53d0000 - 0x00007ffce576d000 	C:\WINDOWS\System32\KERNELBASE.dll
0x00007ffce52b0000 - 0x00007ffce53c1000 	C:\WINDOWS\System32\ucrtbase.dll
0x00007ffcaf9c0000 - 0x00007ffcaf9d9000 	C:\Program Files\Eclipse Adoptium\jdk-17.0.4.8-hotspot\bin\VCRUNTIME140.dll
0x00007ffcb2f50000 - 0x00007ffcb2f68000 	C:\Program Files\Eclipse Adoptium\jdk-17.0.4.8-hotspot\bin\jli.dll
0x00007ffce5b60000 - 0x00007ffce5d0d000 	C:\WINDOWS\System32\USER32.dll
0x00007ffcc7fd0000 - 0x00007ffcc825e000 	C:\WINDOWS\WinSxS\amd64_microsoft.windows.common-controls_6595b64144ccf1df_6.0.22621.436_none_a94247dbc10d8414\COMCTL32.dll
0x00007ffce5210000 - 0x00007ffce5236000 	C:\WINDOWS\System32\win32u.dll
0x00007ffce6a20000 - 0x00007ffce6ac7000 	C:\WINDOWS\System32\msvcrt.dll
0x00007ffce6610000 - 0x00007ffce6639000 	C:\WINDOWS\System32\GDI32.dll
0x00007ffce4f80000 - 0x00007ffce5092000 	C:\WINDOWS\System32\gdi32full.dll
0x00007ffce5830000 - 0x00007ffce58ca000 	C:\WINDOWS\System32\msvcp_win.dll
0x00007ffce6780000 - 0x00007ffce67b2000 	C:\WINDOWS\System32\IMM32.DLL
0x00007ffcc3c00000 - 0x00007ffcc3c0c000 	C:\Program Files\Eclipse Adoptium\jdk-17.0.4.8-hotspot\bin\vcruntime140_1.dll
0x00007ffcae0f0000 - 0x00007ffcae181000 	C:\Program Files\Eclipse Adoptium\jdk-17.0.4.8-hotspot\bin\msvcp140.dll
0x00007ffc6b620000 - 0x00007ffc6c266000 	C:\Program Files\Eclipse Adoptium\jdk-17.0.4.8-hotspot\bin\server\jvm.dll
0x00007ffce6970000 - 0x00007ffce6a1e000 	C:\WINDOWS\System32\ADVAPI32.dll
0x00007ffce68c0000 - 0x00007ffce6964000 	C:\WINDOWS\System32\sechost.dll
0x00007ffce5d10000 - 0x00007ffce5e25000 	C:\WINDOWS\System32\RPCRT4.dll
0x00007ffce6af0000 - 0x00007ffce6af8000 	C:\WINDOWS\System32\PSAPI.DLL
0x00007ffcdc620000 - 0x00007ffcdc654000 	C:\WINDOWS\SYSTEM32\WINMM.dll
0x00007ffcc6da0000 - 0x00007ffcc6da9000 	C:\WINDOWS\SYSTEM32\WSOCK32.dll
0x00007ffce6640000 - 0x00007ffce66b1000 	C:\WINDOWS\System32\WS2_32.dll
0x00007ffcdb5b0000 - 0x00007ffcdb5ba000 	C:\WINDOWS\SYSTEM32\VERSION.dll
0x00007ffce3fe0000 - 0x00007ffce3ff8000 	C:\WINDOWS\SYSTEM32\kernel.appcore.dll
0x00007ffcc3750000 - 0x00007ffcc375a000 	C:\Program Files\Eclipse Adoptium\jdk-17.0.4.8-hotspot\bin\jimage.dll
0x00007ffce2250000 - 0x00007ffce247e000 	C:\WINDOWS\SYSTEM32\DBGHELP.DLL
0x00007ffce7080000 - 0x00007ffce740a000 	C:\WINDOWS\System32\combase.dll
0x00007ffce78f0000 - 0x00007ffce79c7000 	C:\WINDOWS\System32\OLEAUT32.dll
0x00007ffcbc9f0000 - 0x00007ffcbca22000 	C:\WINDOWS\SYSTEM32\dbgcore.DLL
0x00007ffce4f00000 - 0x00007ffce4f7b000 	C:\WINDOWS\System32\bcryptPrimitives.dll
0x00007ffcaf990000 - 0x00007ffcaf9b5000 	C:\Program Files\Eclipse Adoptium\jdk-17.0.4.8-hotspot\bin\java.dll
0x00007ffc78df0000 - 0x00007ffc78ec6000 	C:\Program Files\Eclipse Adoptium\jdk-17.0.4.8-hotspot\bin\jsvml.dll
0x00007ffce5e30000 - 0x00007ffce6610000 	C:\WINDOWS\System32\SHELL32.dll
0x00007ffce2f40000 - 0x00007ffce3808000 	C:\WINDOWS\SYSTEM32\windows.storage.dll
0x00007ffce2e00000 - 0x00007ffce2f3e000 	C:\WINDOWS\SYSTEM32\wintypes.dll
0x00007ffce6c80000 - 0x00007ffce6d71000 	C:\WINDOWS\System32\SHCORE.dll
0x00007ffce6c20000 - 0x00007ffce6c7e000 	C:\WINDOWS\System32\shlwapi.dll
0x00007ffce4e30000 - 0x00007ffce4e51000 	C:\WINDOWS\SYSTEM32\profapi.dll
0x00007ffcaf970000 - 0x00007ffcaf989000 	C:\Program Files\Eclipse Adoptium\jdk-17.0.4.8-hotspot\bin\net.dll
0x00007ffcdc910000 - 0x00007ffcdca3f000 	C:\WINDOWS\SYSTEM32\WINHTTP.dll
0x00007ffce44c0000 - 0x00007ffce4529000 	C:\WINDOWS\system32\mswsock.dll
0x00007ffcaf950000 - 0x00007ffcaf965000 	C:\Program Files\Eclipse Adoptium\jdk-17.0.4.8-hotspot\bin\nio.dll
0x00007ffcae8d0000 - 0x00007ffcae8e8000 	C:\Program Files\Eclipse Adoptium\jdk-17.0.4.8-hotspot\bin\zip.dll
0x0000026f6ea40000 - 0x0000026f6ea43000 	C:\Users\Santiago Leal\.openjfx\cache\13\api-ms-win-core-console-l1-1-0.dll
0x0000026f6ea50000 - 0x0000026f6ea53000 	C:\Users\Santiago Leal\.openjfx\cache\13\api-ms-win-core-datetime-l1-1-0.dll
0x0000026f6ea60000 - 0x0000026f6ea63000 	C:\Users\Santiago Leal\.openjfx\cache\13\api-ms-win-core-debug-l1-1-0.dll
0x0000026f6ea70000 - 0x0000026f6ea73000 	C:\Users\Santiago Leal\.openjfx\cache\13\api-ms-win-core-errorhandling-l1-1-0.dll
0x0000026f6ea80000 - 0x0000026f6ea84000 	C:\Users\Santiago Leal\.openjfx\cache\13\api-ms-win-core-file-l1-1-0.dll
0x0000026f6ea90000 - 0x0000026f6ea93000 	C:\Users\Santiago Leal\.openjfx\cache\13\api-ms-win-core-file-l1-2-0.dll
0x0000026f6eaa0000 - 0x0000026f6eaa3000 	C:\Users\Santiago Leal\.openjfx\cache\13\api-ms-win-core-file-l2-1-0.dll
0x0000026f6eab0000 - 0x0000026f6eab3000 	C:\Users\Santiago Leal\.openjfx\cache\13\api-ms-win-core-handle-l1-1-0.dll
0x0000026f6eac0000 - 0x0000026f6eac3000 	C:\Users\Santiago Leal\.openjfx\cache\13\api-ms-win-core-heap-l1-1-0.dll
0x0000026f6ead0000 - 0x0000026f6ead3000 	C:\Users\Santiago Leal\.openjfx\cache\13\api-ms-win-core-interlocked-l1-1-0.dll
0x0000026f6eae0000 - 0x0000026f6eae3000 	C:\Users\Santiago Leal\.openjfx\cache\13\api-ms-win-core-libraryloader-l1-1-0.dll
0x0000026f6eaf0000 - 0x0000026f6eaf3000 	C:\Users\Santiago Leal\.openjfx\cache\13\api-ms-win-core-localization-l1-2-0.dll
0x0000026f6eb00000 - 0x0000026f6eb03000 	C:\Users\Santiago Leal\.openjfx\cache\13\api-ms-win-core-memory-l1-1-0.dll
0x0000026f6eb10000 - 0x0000026f6eb13000 	C:\Users\Santiago Leal\.openjfx\cache\13\api-ms-win-core-namedpipe-l1-1-0.dll
0x0000026f6eb20000 - 0x0000026f6eb23000 	C:\Users\Santiago Leal\.openjfx\cache\13\api-ms-win-core-processenvironment-l1-1-0.dll
0x0000026f6eb30000 - 0x0000026f6eb33000 	C:\Users\Santiago Leal\.openjfx\cache\13\api-ms-win-core-processthreads-l1-1-0.dll
0x0000026f6eb40000 - 0x0000026f6eb43000 	C:\Users\Santiago Leal\.openjfx\cache\13\api-ms-win-core-processthreads-l1-1-1.dll
0x0000026f6eb50000 - 0x0000026f6eb53000 	C:\Users\Santiago Leal\.openjfx\cache\13\api-ms-win-core-profile-l1-1-0.dll
0x0000026f6eb60000 - 0x0000026f6eb63000 	C:\Users\Santiago Leal\.openjfx\cache\13\api-ms-win-core-rtlsupport-l1-1-0.dll
0x0000026f6eb70000 - 0x0000026f6eb73000 	C:\Users\Santiago Leal\.openjfx\cache\13\api-ms-win-core-string-l1-1-0.dll
0x0000026f6eb80000 - 0x0000026f6eb83000 	C:\Users\Santiago Leal\.openjfx\cache\13\api-ms-win-core-synch-l1-1-0.dll
0x0000026f6eb90000 - 0x0000026f6eb93000 	C:\Users\Santiago Leal\.openjfx\cache\13\api-ms-win-core-synch-l1-2-0.dll
0x0000026f6eba0000 - 0x0000026f6eba3000 	C:\Users\Santiago Leal\.openjfx\cache\13\api-ms-win-core-sysinfo-l1-1-0.dll
0x0000026f6ebb0000 - 0x0000026f6ebb3000 	C:\Users\Santiago Leal\.openjfx\cache\13\api-ms-win-core-timezone-l1-1-0.dll
0x0000026f6ebc0000 - 0x0000026f6ebc3000 	C:\Users\Santiago Leal\.openjfx\cache\13\api-ms-win-core-util-l1-1-0.dll
0x0000026f6ebd0000 - 0x0000026f6ebd3000 	C:\Users\Santiago Leal\.openjfx\cache\13\api-ms-win-crt-conio-l1-1-0.dll
0x0000026f6ebe0000 - 0x0000026f6ebe4000 	C:\Users\Santiago Leal\.openjfx\cache\13\api-ms-win-crt-convert-l1-1-0.dll
0x0000026f6ebf0000 - 0x0000026f6ebf3000 	C:\Users\Santiago Leal\.openjfx\cache\13\api-ms-win-crt-environment-l1-1-0.dll
0x0000026f70000000 - 0x0000026f70003000 	C:\Users\Santiago Leal\.openjfx\cache\13\api-ms-win-crt-filesystem-l1-1-0.dll
0x0000026f70010000 - 0x0000026f70013000 	C:\Users\Santiago Leal\.openjfx\cache\13\api-ms-win-crt-heap-l1-1-0.dll
0x0000026f70020000 - 0x0000026f70023000 	C:\Users\Santiago Leal\.openjfx\cache\13\api-ms-win-crt-locale-l1-1-0.dll
0x0000026f70030000 - 0x0000026f70035000 	C:\Users\Santiago Leal\.openjfx\cache\13\api-ms-win-crt-math-l1-1-0.dll
0x0000026f70040000 - 0x0000026f70045000 	C:\Users\Santiago Leal\.openjfx\cache\13\api-ms-win-crt-multibyte-l1-1-0.dll
0x0000026f70050000 - 0x0000026f70060000 	C:\Users\Santiago Leal\.openjfx\cache\13\api-ms-win-crt-private-l1-1-0.dll
0x0000026f70060000 - 0x0000026f70063000 	C:\Users\Santiago Leal\.openjfx\cache\13\api-ms-win-crt-process-l1-1-0.dll
0x0000026f70070000 - 0x0000026f70074000 	C:\Users\Santiago Leal\.openjfx\cache\13\api-ms-win-crt-runtime-l1-1-0.dll
0x0000026f70080000 - 0x0000026f70084000 	C:\Users\Santiago Leal\.openjfx\cache\13\api-ms-win-crt-stdio-l1-1-0.dll
0x0000026f70090000 - 0x0000026f70094000 	C:\Users\Santiago Leal\.openjfx\cache\13\api-ms-win-crt-string-l1-1-0.dll
0x0000026f700a0000 - 0x0000026f700a3000 	C:\Users\Santiago Leal\.openjfx\cache\13\api-ms-win-crt-time-l1-1-0.dll
0x0000026f700b0000 - 0x0000026f700b3000 	C:\Users\Santiago Leal\.openjfx\cache\13\api-ms-win-crt-utility-l1-1-0.dll
0x00007ffc791b0000 - 0x00007ffc792ac000 	C:\Users\Santiago Leal\.openjfx\cache\13\ucrtbase.dll
0x00007ffcc37d0000 - 0x00007ffcc37e5000 	C:\Users\Santiago Leal\.openjfx\cache\13\vcruntime140.dll
0x00007ffc7c6a0000 - 0x00007ffc7c73b000 	C:\Users\Santiago Leal\.openjfx\cache\13\msvcp140.dll
0x00007ffc89790000 - 0x00007ffc897e1000 	C:\Users\Santiago Leal\.openjfx\cache\13\concrt140.dll
0x00007ffcb2f70000 - 0x00007ffcb2f93000 	C:\Users\Santiago Leal\.openjfx\cache\13\prism_d3d.dll
0x00007ffcc7e20000 - 0x00007ffcc7fc9000 	C:\WINDOWS\system32\d3d9.dll
0x00007ffce2980000 - 0x00007ffce29ab000 	C:\WINDOWS\SYSTEM32\dwmapi.dll
0x00007ffce24b0000 - 0x00007ffce24e6000 	C:\WINDOWS\SYSTEM32\dxcore.dll
0x00007ffce20f0000 - 0x00007ffce219b000 	C:\WINDOWS\system32\uxtheme.dll
0x00007ffcdb5c0000 - 0x00007ffcdb6d7000 	C:\WINDOWS\System32\DriverStore\FileRepository\nvhmig.inf_amd64_ce71cac5771f377d\nvldumdx.dll
0x00007ffce4b90000 - 0x00007ffce4ba2000 	C:\WINDOWS\SYSTEM32\msasn1.dll
0x00007ffcdb460000 - 0x00007ffcdb492000 	C:\WINDOWS\SYSTEM32\cryptnet.dll
0x00007ffce50a0000 - 0x00007ffce5206000 	C:\WINDOWS\System32\CRYPT32.dll
0x00007ffcdb1b0000 - 0x00007ffcdb308000 	C:\WINDOWS\SYSTEM32\drvstore.dll
0x00007ffce4c00000 - 0x00007ffce4c33000 	C:\WINDOWS\SYSTEM32\devobj.dll
0x00007ffce4bb0000 - 0x00007ffce4bfe000 	C:\WINDOWS\SYSTEM32\cfgmgr32.dll
0x00007ffce47b0000 - 0x00007ffce47f9000 	C:\WINDOWS\SYSTEM32\wldp.dll
0x00007ffce4720000 - 0x00007ffce472c000 	C:\WINDOWS\SYSTEM32\cryptbase.dll
0x00007ffce5240000 - 0x00007ffce52ab000 	C:\WINDOWS\System32\WINTRUST.DLL
0x00007ffce79d0000 - 0x00007ffce79ef000 	C:\WINDOWS\System32\imagehlp.dll
0x00007ffce4700000 - 0x00007ffce471b000 	C:\WINDOWS\SYSTEM32\CRYPTSP.dll
0x00007ffce3ee0000 - 0x00007ffce3f15000 	C:\WINDOWS\system32\rsaenh.dll
0x00007ffce48a0000 - 0x00007ffce48c8000 	C:\WINDOWS\SYSTEM32\bcrypt.dll
0x00007ffc5eaa0000 - 0x00007ffc602aa000 	C:\WINDOWS\System32\DriverStore\FileRepository\nvhmig.inf_amd64_ce71cac5771f377d\nvd3dumx.dll
0x00007ffcdfc70000 - 0x00007ffcdfcb8000 	C:\WINDOWS\SYSTEM32\directxdatabasehelper.dll
0x00007ffc885b0000 - 0x00007ffc8875c000 	C:\WINDOWS\System32\DriverStore\FileRepository\61_hp_coffeelake_hws_iigd_dch.inf_amd64_8689aabe3f30acb1\igdumdim64.dll
0x00007ffce58d0000 - 0x00007ffce5a6c000 	C:\WINDOWS\System32\ole32.dll
0x00007ffc4a240000 - 0x00007ffc4ea9b000 	C:\WINDOWS\System32\DriverStore\FileRepository\61_hp_coffeelake_hws_iigd_dch.inf_amd64_8689aabe3f30acb1\igd9dxva64.dll
0x00007ffce7470000 - 0x00007ffce78ea000 	C:\WINDOWS\System32\SETUPAPI.dll
0x00007ffccf3d0000 - 0x00007ffccf7da000 	C:\WINDOWS\System32\DriverStore\FileRepository\61_hp_coffeelake_hws_iigd_dch.inf_amd64_8689aabe3f30acb1\igdgmm64.dll
0x00007ffc9be70000 - 0x00007ffc9beb5000 	C:\Users\Santiago Leal\.openjfx\cache\13\glass.dll
0x00007ffce67c0000 - 0x00007ffce68b7000 	C:\WINDOWS\System32\COMDLG32.dll
0x00007ffce6b00000 - 0x00007ffce6c1e000 	C:\WINDOWS\System32\MSCTF.dll
0x00007ffc76af0000 - 0x00007ffc76dbe000 	C:\WINDOWS\system32\nvspcap64.dll
0x00007ffce4000000 - 0x00007ffce4034000 	C:\WINDOWS\SYSTEM32\ntmarta.dll
0x00007ffce4550000 - 0x00007ffce4576000 	C:\WINDOWS\SYSTEM32\gpapi.dll
0x00007ffcae7f0000 - 0x00007ffcae804000 	C:\Users\Santiago Leal\.openjfx\cache\13\javafx_font.dll
0x00007ffce0b10000 - 0x00007ffce0d77000 	C:\WINDOWS\SYSTEM32\dwrite.dll
0x00007ffce66c0000 - 0x00007ffce6777000 	C:\WINDOWS\System32\clbcatq.dll
0x00007ffce0960000 - 0x00007ffce0b10000 	C:\WINDOWS\SYSTEM32\WindowsCodecs.dll
0x00007ffca4640000 - 0x00007ffca469e000 	C:\WINDOWS\system32\dataexchange.dll
0x00007ffcddf50000 - 0x00007ffcde1ba000 	C:\WINDOWS\system32\twinapi.appcore.dll

dbghelp: loaded successfully - version: 4.0.5 - missing functions: none
symbol engine: initialized successfully - sym options: 0x614 - pdb path: .;C:\Program Files\Eclipse Adoptium\jdk-17.0.4.8-hotspot\bin;C:\WINDOWS\SYSTEM32;C:\WINDOWS\WinSxS\amd64_microsoft.windows.common-controls_6595b64144ccf1df_6.0.22621.436_none_a94247dbc10d8414;C:\Program Files\Eclipse Adoptium\jdk-17.0.4.8-hotspot\bin\server;C:\Users\Santiago Leal\.openjfx\cache\13;C:\WINDOWS\System32\DriverStore\FileRepository\nvhmig.inf_amd64_ce71cac5771f377d;C:\WINDOWS\System32\DriverStore\FileRepository\61_hp_coffeelake_hws_iigd_dch.inf_amd64_8689aabe3f30acb1;C:\Program Files\Common Files\Microsoft Shared\Ink

VM Arguments:
jvm_args: -XX:+ShowCodeDetailsInExceptionMessages --module-path=C:\Users\Santiago Leal\Desktop\INGESOF PROYECTO\demo\target\classes;C:\Users\Santiago Leal\.m2\repository\org\openjfx\javafx-controls\13\javafx-controls-13-win.jar;C:\Users\Santiago Leal\.m2\repository\org\openjfx\javafx-graphics\13\javafx-graphics-13-win.jar;C:\Users\Santiago Leal\.m2\repository\org\openjfx\javafx-base\13\javafx-base-13-win.jar;C:\Users\Santiago Leal\.m2\repository\org\openjfx\javafx-fxml\13\javafx-fxml-13-win.jar;C:\Users\Santiago Leal\.m2\repository\org\projectlombok\lombok\1.18.24\lombok-1.18.24.jar -Djdk.module.main=com.example 
java_command: com.example/com.example.App
java_class_path (initial): C:\Users\Santiago Leal\.m2\repository\org\openjfx\javafx-controls\13\javafx-controls-13.jar;C:\Users\Santiago Leal\.m2\repository\org\openjfx\javafx-graphics\13\javafx-graphics-13.jar;C:\Users\Santiago Leal\.m2\repository\org\openjfx\javafx-base\13\javafx-base-13.jar;C:\Users\Santiago Leal\.m2\repository\org\openjfx\javafx-fxml\13\javafx-fxml-13.jar
Launcher Type: SUN_STANDARD

[Global flags]
     intx CICompilerCount                          = 4                                         {product} {ergonomic}
     uint ConcGCThreads                            = 2                                         {product} {ergonomic}
     uint G1ConcRefinementThreads                  = 8                                         {product} {ergonomic}
   size_t G1HeapRegionSize                         = 2097152                                   {product} {ergonomic}
    uintx GCDrainStackTargetSize                   = 64                                        {product} {ergonomic}
   size_t InitialHeapSize                          = 268435456                                 {product} {ergonomic}
   size_t MarkStackSize                            = 4194304                                   {product} {ergonomic}
   size_t MaxHeapSize                              = 4265607168                                {product} {ergonomic}
   size_t MaxNewSize                               = 2558525440                                {product} {ergonomic}
   size_t MinHeapDeltaBytes                        = 2097152                                   {product} {ergonomic}
   size_t MinHeapSize                              = 8388608                                   {product} {ergonomic}
    uintx NonNMethodCodeHeapSize                   = 5839372                                {pd product} {ergonomic}
    uintx NonProfiledCodeHeapSize                  = 122909434                              {pd product} {ergonomic}
    uintx ProfiledCodeHeapSize                     = 122909434                              {pd product} {ergonomic}
    uintx ReservedCodeCacheSize                    = 251658240                              {pd product} {ergonomic}
     bool SegmentedCodeCache                       = true                                      {product} {ergonomic}
     bool ShowCodeDetailsInExceptionMessages       = true                                   {manageable} {command line}
   size_t SoftMaxHeapSize                          = 4265607168                             {manageable} {ergonomic}
     bool UseCompressedClassPointers               = true                           {product lp64_product} {ergonomic}
     bool UseCompressedOops                        = true                           {product lp64_product} {ergonomic}
     bool UseG1GC                                  = true                                      {product} {ergonomic}
     bool UseLargePagesIndividualAllocation        = false                                  {pd product} {ergonomic}

Logging:
Log output configuration:
 #0: stdout all=warning uptime,level,tags
 #1: stderr all=off uptime,level,tags

Environment Variables:
JAVA_HOME=C:\Program Files\Eclipse Adoptium\jdk-17.0.4.8-hotspot\
PATH=C:\Program Files\Eclipse Adoptium\jdk-17.0.4.8-hotspot\bin;C:\Python310\Scripts\;C:\Python310\;C:\Program Files (x86)\Common Files\Oracle\Java\javapath;C:\Program Files (x86)\VMware\VMware Workstation\bin\;C:\Windows\system32;C:\Windows;C:\Windows\System32\Wbem;C:\Windows\System32\WindowsPowerShell\v1.0\;C:\Windows\System32\OpenSSH\;C:\Program Files (x86)\NVIDIA Corporation\PhysX\Common;C:\Program Files\Azure Data Studio\bin;C:\WINDOWS\system32;C:\WINDOWS;C:\WINDOWS\System32\Wbem;C:\WINDOWS\System32\WindowsPowerShell\v1.0\;C:\WINDOWS\System32\OpenSSH\;C:\Program Files\Git\cmd;C:\Program Files (x86)\NoteBook FanControl\;C:\Program Files (x86)\dotnet\;E:\nodejs\;C:\ProgramData\chocolatey\bin;;C:\Program Files\NVIDIA Corporation\NVIDIA NvDLISR;C:\Users\Santiago Leal\AppData\Local\Microsoft\WindowsApps;C:\Users\Santiago Leal\AppData\Local\GitHubDesktop\bin;E:\sqlite-tools-win32-x86-3360000;C:\Program Files\Azure Data Studio\bin;E:\Microsoft VS Code\bin;C:\MinGW\bin;C:\Users\Santiago Leal\AppData\Roaming\npm;E:\PyCharm Community Edition 2021.3.3\bin;;C:\Users\Santiago Leal\.dotnet\tools
USERNAME=Santiago Leal
LANG=es_419.UTF-8
OS=Windows_NT
PROCESSOR_IDENTIFIER=Intel64 Family 6 Model 158 Stepping 10, GenuineIntel
TMP=C:\Users\Santiago Leal\AppData\Local\Temp
TEMP=C:\Users\Santiago Leal\AppData\Local\Temp



---------------  S Y S T E M  ---------------

OS:
 Windows 11 , 64 bit Build 22621 (10.0.22621.891)
OS uptime: 2 days 9:37 hours

CPU: total 8 (initial active 8) (4 cores per cpu, 2 threads per core) family 6 model 158 stepping 10 microcode 0xf0, cx8, cmov, fxsr, ht, mmx, 3dnowpref, sse, sse2, sse3, ssse3, sse4.1, sse4.2, popcnt, lzcnt, tsc, tscinvbit, avx, avx2, aes, erms, clmul, bmi1, bmi2, adx, fma, vzeroupper, clflush, clflushopt

Memory: 4k page, system-wide physical 16265M (5078M free)
TotalPageFile size 16265M (AvailPageFile size 13M)
current process WorkingSet (physical memory assigned to process): 431M, peak: 431M
current process commit charge ("private bytes"): 730M, peak: 848M

vm_info: OpenJDK 64-Bit Server VM (17.0.4+8) for windows-amd64 JRE (17.0.4+8), built on Jul 19 2022 16:05:16 by "temurin" with MS VC++ 16.7 (VS2019)

END.
